Log file open, 10/18/17 18:07:22
LogInit:Display: Running engine for game: ProjectProJammin
LogPlatformFile: Not using cached read wrapper
LogInit:Display: RandInit(1519983314) SRandInit(1519983314).
LogTaskGraph: Started task graph with 5 named threads and 10 total threads with 1 sets of task threads.
LogStats: Stats thread started at 0.107979
LogInit: Using libcurl 7.47.1
LogInit:  - built for x86_64-pc-win32
LogInit:  - supports SSL with OpenSSL/1.0.2g
LogInit:  - supports HTTP deflate (compression) using libz 1.2.8
LogInit:  - other features:
LogInit:      CURL_VERSION_SSL
LogInit:      CURL_VERSION_LIBZ
LogInit:      CURL_VERSION_IPV6
LogInit:      CURL_VERSION_ASYNCHDNS
LogInit:      CURL_VERSION_LARGEFILE
LogInit:      CURL_VERSION_IDN
LogInit:  CurlRequestOptions (configurable via config and command line):
LogInit:  - bVerifyPeer = false  - Libcurl will NOT verify peer certificate
LogInit:  - bUseHttpProxy = false  - Libcurl will NOT use HTTP proxy
LogInit:  - bDontReuseConnections = false  - Libcurl will reuse connections
LogInit:  - CertBundlePath = nullptr  - Libcurl will use whatever was configured at build time.
LogInit: Build: ++UE4+Release-4.16-CL-3466753
LogInit: Engine Version: 4.16.1-3466753+++UE4+Release-4.16
LogInit: Compatible Engine Version: 4.16.0-3452394+++UE4+Release-4.16
LogInit: Net CL: 3452394
LogDevObjectVersion: Number of dev versions registered: 16
LogDevObjectVersion:   Dev-Blueprints (B0D832E4-1F89-4F0D-ACCF-7EB736FD4AA2): 9
LogDevObjectVersion:   Dev-Build (E1C64328-A22C-4D53-A36C-8E866417BD8C): 0
LogDevObjectVersion:   Dev-Core (375EC13C-06E4-48FB-B500-84F0262A717E): 2
LogDevObjectVersion:   Dev-Editor (E4B068ED-F494-42E9-A231-DA0B2E46BB41): 17
LogDevObjectVersion:   Dev-Framework (CFFC743F-43B0-4480-9391-14DF171D2073): 23
LogDevObjectVersion:   Dev-Mobile (B02B49B5-BB20-44E9-A304-32B752E40360): 0
LogDevObjectVersion:   Dev-Networking (A4E4105C-59A1-49B5-A7C5-40C4547EDFEE): 0
LogDevObjectVersion:   Dev-Online (39C831C9-5AE6-47DC-9A44-9C173E1C8E7C): 0
LogDevObjectVersion:   Dev-Physics (78F01B33-EBEA-4F98-B9B4-84EACCB95AA2): 0
LogDevObjectVersion:   Dev-Platform (6631380F-2D4D-43E0-8009-CF276956A95A): 0
LogDevObjectVersion:   Dev-Rendering (12F88B9F-8875-4AFC-A67C-D90C383ABD29): 15
LogDevObjectVersion:   Dev-Sequencer (7B5AE74C-D270-4C10-A958-57980B212A5A): 4
LogDevObjectVersion:   Dev-VR (D7296918-1DD6-4BDD-9DE2-64A83CC13884): 0
LogDevObjectVersion:   Dev-LoadTimes (C2A15278-BFE7-4AFE-6C17-90FF531DF755): 1
LogDevObjectVersion:   Private-Geometry (6EACA3D4-40EC-4CC1-B786-8BED09428FC5): 1
LogDevObjectVersion:   Dev-AnimPhys (29E575DD-E0A3-4627-9D10-D276232CDCEA): 3
LogInit: Compiled (64-bit): May 31 2017 02:03:30
LogInit: Compiled with Visual C++: 19.00.24215.01
LogInit: Build Configuration: Development
LogInit: Branch Name: ++UE4+Release-4.16
LogInit: Command line: -EpicPortal 
LogInit: Base directory: C:/Program Files/Epic Games/UE_4.16/Engine/Binaries/Win64/
LogInit: Installed Engine Build: 1
LogInit: Presizing for max 8388607 objects, including 0 objects not considered by GC, pre-allocating 0 bytes for permanent pool.
LogInit: Object subsystem initialized
[2017.10.18-23.07.22:976][  0]LogInit: Selected Device Profile: [Windows]
[2017.10.18-23.07.22:976][  0]LogInit: Applying CVar settings loaded from the selected device profile: [Windows]
[2017.10.18-23.07.22:993][  0]LogInit: Computer: T250-9
[2017.10.18-23.07.22:993][  0]LogInit: User: student
[2017.10.18-23.07.22:993][  0]LogInit: CPU Page size=4096, Cores=6
[2017.10.18-23.07.22:993][  0]LogInit: High frequency timer resolution =3.312675 MHz
[2017.10.18-23.07.22:993][  0]LogMemory: Memory total: Physical=31.9GB (32GB approx)
[2017.10.18-23.07.22:993][  0]LogMemory: Platform Memory Stats for Windows
[2017.10.18-23.07.22:993][  0]LogMemory: Process Physical Memory: 276.62 MB used, 276.62 MB peak
[2017.10.18-23.07.22:993][  0]LogMemory: Process Virtual Memory: 270.99 MB used, 270.99 MB peak
[2017.10.18-23.07.22:993][  0]LogMemory: Physical Memory: 5938.29 MB used,  26719.72 MB free, 32658.01 MB total
[2017.10.18-23.07.22:994][  0]LogMemory: Virtual Memory: 631.18 MB used,  26719.72 MB free, 8388608.00 MB total
[2017.10.18-23.07.23:122][  0]LogInit: Using OS detected language (en-US).
[2017.10.18-23.07.23:122][  0]LogInit: Using OS detected locale (en-US).
[2017.10.18-23.07.23:125][  0]LogTextLocalizationManager: No specific localization for 'en-US' exists, so the 'en' localization will be used.
[2017.10.18-23.07.24:139][  0]LogD3D11RHI: D3D11 adapters:
[2017.10.18-23.07.24:172][  0]LogD3D11RHI:    0. 'NVIDIA GeForce GTX 1070' (Feature Level 11_0)
[2017.10.18-23.07.24:172][  0]LogD3D11RHI:       8085/0/16073 MB DedicatedVideo/DedicatedSystem/SharedSystem, Outputs:1, VendorId:0x10de
[2017.10.18-23.07.24:172][  0]LogD3D11RHI: Chosen D3D11 Adapter: 0
[2017.10.18-23.07.24:177][  0]LogD3D11RHI: Creating new Direct3DDevice
[2017.10.18-23.07.24:177][  0]LogD3D11RHI:     GPU DeviceId: 0x1b81 (for the marketing name, search the web for "GPU Device Id")
[2017.10.18-23.07.24:177][  0]LogWindows: EnumDisplayDevices:
[2017.10.18-23.07.24:177][  0]LogWindows:    0. 'NVIDIA GeForce GTX 1070' (P:1 D:1)
[2017.10.18-23.07.24:177][  0]LogWindows:    1. 'NVIDIA GeForce GTX 1070' (P:0 D:0)
[2017.10.18-23.07.24:177][  0]LogWindows:    2. 'NVIDIA GeForce GTX 1070' (P:0 D:0)
[2017.10.18-23.07.24:177][  0]LogWindows:    3. 'NVIDIA GeForce GTX 1070' (P:0 D:0)
[2017.10.18-23.07.24:177][  0]LogWindows:    4. 'RDPDD Chained DD' (P:0 D:0)
[2017.10.18-23.07.24:177][  0]LogWindows:    5. 'RDP Encoder Mirror Driver' (P:0 D:0)
[2017.10.18-23.07.24:177][  0]LogWindows:    6. 'RDP Reflector Display Driver' (P:0 D:0)
[2017.10.18-23.07.24:177][  0]LogWindows: DebugString: GetVideoDriverDetailsInvalid PrimaryIsNotTheChoosenAdapter GetVideoDriverDetailsInvalid PrimaryIsNotTheChoosenAdapter GetVideoDriverDetailsInvalid PrimaryIsNotTheChoosenAdapter FoundDriverCount:4 
[2017.10.18-23.07.24:177][  0]LogD3D11RHI:     Adapter Name: NVIDIA GeForce GTX 1070
[2017.10.18-23.07.24:177][  0]LogD3D11RHI:   Driver Version: 382.33 (internal:22.21.13.8233, unified:382.33)
[2017.10.18-23.07.24:177][  0]LogD3D11RHI:      Driver Date: 5-17-2017
[2017.10.18-23.07.24:177][  0]LogRHI: Texture pool is 1361 MB (70% of 1945 MB)
[2017.10.18-23.07.24:188][  0]LogD3D11RHI: Async texture creation enabled
[2017.10.18-23.07.24:208][  0]LogD3D11RHI: GPU Timing Frequency: 1000.000000 (Debug: 2 2)
[2017.10.18-23.07.24:256][  0]LogShaderCompilers: Guid format shader working directory is 12 characters bigger than the processId version (D:/ProjectProJammin/ProjectProJammin/Intermediate/Shaders/WorkingDirectory/9616/).
[2017.10.18-23.07.24:256][  0]LogShaderCompilers: Cleaned the shader compiler working directory 'C:/Users/student/AppData/Local/Temp/UnrealShaderWorkingDir/A34AF6694A76F291656B5D90DED0295B/'.
[2017.10.18-23.07.24:256][  0]LogShaderCompilers:Display: Using Local Shader Compiler.
[2017.10.18-23.07.25:342][  0]LogTemp:Display: Loaded TP AllDesktopTargetPlatform
[2017.10.18-23.07.25:381][  0]LogTemp:Display: Loaded TP MacClientTargetPlatform
[2017.10.18-23.07.25:423][  0]LogTemp:Display: Loaded TP MacNoEditorTargetPlatform
[2017.10.18-23.07.25:462][  0]LogTemp:Display: Loaded TP MacServerTargetPlatform
[2017.10.18-23.07.25:501][  0]LogTemp:Display: Loaded TP MacTargetPlatform
[2017.10.18-23.07.25:565][  0]LogTemp:Display: Loaded TP WindowsClientTargetPlatform
[2017.10.18-23.07.25:630][  0]LogTemp:Display: Loaded TP WindowsNoEditorTargetPlatform
[2017.10.18-23.07.25:669][  0]LogTemp:Display: Loaded TP WindowsServerTargetPlatform
[2017.10.18-23.07.25:703][  0]LogTemp:Display: Loaded TP WindowsTargetPlatform
[2017.10.18-23.07.25:741][  0]LogTemp:Display: Loaded TP AndroidTargetPlatform
[2017.10.18-23.07.25:780][  0]LogTemp:Display: Loaded TP Android_ASTCTargetPlatform
[2017.10.18-23.07.25:832][  0]LogTemp:Display: Loaded TP Android_ATCTargetPlatform
[2017.10.18-23.07.25:874][  0]LogTemp:Display: Loaded TP Android_DXTTargetPlatform
[2017.10.18-23.07.25:921][  0]LogTemp:Display: Loaded TP Android_ETC1TargetPlatform
[2017.10.18-23.07.25:965][  0]LogTemp:Display: Loaded TP Android_ETC2TargetPlatform
[2017.10.18-23.07.26:047][  0]LogTemp:Display: Loaded TP Android_MultiTargetPlatform
[2017.10.18-23.07.26:047][  0]LogTemp:Display: Loaded TP Android_PVRTCTargetPlatform
[2017.10.18-23.07.26:079][  0]LogTemp:Display: Loaded TP HTML5TargetPlatform
[2017.10.18-23.07.26:162][  0]LogTemp:Display: Loaded TP IOSTargetPlatform
[2017.10.18-23.07.26:203][  0]LogTemp:Display: Loaded TP TVOSTargetPlatform
[2017.10.18-23.07.26:241][  0]LogTemp:Display: Loaded TP LinuxClientTargetPlatform
[2017.10.18-23.07.26:298][  0]LogTemp:Display: Loaded TP LinuxNoEditorTargetPlatform
[2017.10.18-23.07.26:357][  0]LogTemp:Display: Loaded TP LinuxServerTargetPlatform
[2017.10.18-23.07.26:404][  0]LogTemp:Display: Loaded TP LinuxTargetPlatform
[2017.10.18-23.07.26:404][  0]LogTargetPlatformManager:Display: Building Assets For Windows
[2017.10.18-23.07.26:805][  0]LogDerivedDataCache:Display: Max Cache Size: 512 MB
[2017.10.18-23.07.26:914][  0]LogDerivedDataCache: Loaded boot cache 0.11s 90MB C:/Users/student/AppData/Local/UnrealEngine/4.16/DerivedDataCache/Boot.ddc.
[2017.10.18-23.07.26:914][  0]LogDerivedDataCache:Display: Loaded Boot cache: C:/Users/student/AppData/Local/UnrealEngine/4.16/DerivedDataCache/Boot.ddc
[2017.10.18-23.07.26:914][  0]LogDerivedDataCache: FDerivedDataBackendGraph:  Pak pak cache file D:/ProjectProJammin/ProjectProJammin/DerivedDataCache/DDC.ddp not found, will not use a pak cache.
[2017.10.18-23.07.26:914][  0]LogDerivedDataCache: Unable to find inner node Pak for hierarchical cache Hierarchy.
[2017.10.18-23.07.26:915][  0]LogDerivedDataCache: FDerivedDataBackendGraph:  CompressedPak pak cache file D:/ProjectProJammin/ProjectProJammin/DerivedDataCache/Compressed.ddp not found, will not use a pak cache.
[2017.10.18-23.07.26:915][  0]LogDerivedDataCache: Unable to find inner node CompressedPak for hierarchical cache Hierarchy.
[2017.10.18-23.07.26:964][  0]LogDerivedDataCache:Display: Pak cache opened for reading ../../../Engine/DerivedDataCache/Compressed.ddp.
[2017.10.18-23.07.26:976][  0]LogDerivedDataCache: Using Local data cache path C:/Users/student/AppData/Local/UnrealEngine/Common/DerivedDataCache: Writable
[2017.10.18-23.07.26:992][  0]LogMaterial: Verifying Global Shaders for PCD3D_SM5
[2017.10.18-23.07.26:992][  0]LogSlate: Using Freetype 2.6.0
[2017.10.18-23.07.26:992][  0]LogSlate: SlateFontCache - WITH_FREETYPE: 1, WITH_HARFBUZZ: 1
[2017.10.18-23.07.26:992][  0]LogSlate: SlateFontCache - WITH_FREETYPE: 1, WITH_HARFBUZZ: 1
[2017.10.18-23.07.27:395][  0]LogInit: Selected Device Profile: [Windows]
[2017.10.18-23.07.27:402][  0]LogContentStreaming: Texture pool size is 0.00 MB
[2017.10.18-23.07.27:652][  0]LogMeshUtilities: Using QuadricMeshReduction for automatic static mesh reduction
[2017.10.18-23.07.27:685][  0]LogSimplygon: Simplygon DLL not present - disabling.
[2017.10.18-23.07.27:719][  0]LogMeshUtilities: Using SimplygonSwarm for distributed automatic mesh merging
[2017.10.18-23.07.27:719][  0]LogMeshUtilities: No automatic skeletal mesh reduction module available
[2017.10.18-23.07.27:719][  0]LogMeshUtilities: No automatic mesh merging module available
[2017.10.18-23.07.28:272][  0]LogNetVersion: ProjectProJammin , NetCL: 3452394, EngineNetVer: 2, GameNetVer: 0 (Checksum: 1268146701)
[2017.10.18-23.07.28:336][  0]LogAssetRegistry: FAssetRegistry took 0.0252 seconds to start up
[2017.10.18-23.07.28:384][  0]LogPackageLocalizationCache: Processed 4 localized package path(s) for 2 prioritized culture(s) in 0.032132 seconds
[2017.10.18-23.07.28:390][  0]LogUObjectArray: 34194 objects as part of root set at end of initial load.
[2017.10.18-23.07.28:390][  0]LogUObjectAllocator: 7260424 out of 0 bytes used by permanent object pool.
[2017.10.18-23.07.28:390][  0]LogUObjectArray: CloseDisregardForGC: 0/0 objects in disregard for GC pool
[2017.10.18-23.07.28:437][  0]LogInit: WinSock: version 1.1 (2.2), MaxSocks=32767, MaxUdp=65467
[2017.10.18-23.07.30:544][  0]LogTcpMessaging: Initializing TcpMessaging bridge
[2017.10.18-23.07.30:585][  0]LogUdpMessaging: Initializing bridge on interface 0.0.0.0:0 to multicast group 230.0.0.1:6666.
[2017.10.18-23.07.31:055][  0]LogMaterial: Uniform references updated for custom material expression Custom.
[2017.10.18-23.07.31:474][  0]SourceControl: Info Source control is disabled
[2017.10.18-23.07.31:475][  0]SourceControl: Info Source control is disabled
[2017.10.18-23.07.31:516][  0]SourceControl: Info Source control is disabled
[2017.10.18-23.07.31:565][  0]SourceControl: Info Source control is disabled
[2017.10.18-23.07.32:204][  0]LogAndroidPermission: UAndroidPermissionCallbackProxy::GetInstance
[2017.10.18-23.07.32:765][  0]LogEngine: Initializing Engine...
[2017.10.18-23.07.32:766][  0]LogHMD: Failed to initialize OpenVR with code 110
[2017.10.18-23.07.33:033][  0]LogStats: UGameplayTagsManager::ConstructGameplayTagTree: Construct from data asset -  0.000 s
[2017.10.18-23.07.33:033][  0]LogStats: UGameplayTagsManager::ConstructGameplayTagTree: GameplayTagTreeChangedEvent.Broadcast -  0.000 s
[2017.10.18-23.07.33:159][  0]LogAIModule: Creating AISystem for world Untitled
[2017.10.18-23.07.33:169][  0]LogInit: XAudio2 using 'Speakers (Sound Blaster Recon3Di)' : 2 channels at 48 kHz using 32 bits per sample (channel mask 0x3)
[2017.10.18-23.07.33:196][  0]LogInit: FAudioDevice initialized.
[2017.10.18-23.07.33:242][  0]LogDerivedDataCache: Saved boot cache 0.05s 90MB C:/Users/student/AppData/Local/UnrealEngine/4.16/DerivedDataCache/Boot.ddc.
[2017.10.18-23.07.33:257][  0]LogInit: Texture streaming: Enabled
[2017.10.18-23.07.33:362][  0]LogEngineSessionManager: EngineSessionManager initialized
[2017.10.18-23.07.33:556][  0]LogInit: Transaction tracking system initialized
[2017.10.18-23.07.33:848][  0]BlueprintLog: New page: Editor Load
[2017.10.18-23.07.34:813][  0]LocalizationService: Info Localization service is disabled
[2017.10.18-23.07.35:470][  0]LogConsoleResponse:Display: 
[2017.10.18-23.07.35:632][  0]LogCook:Display: Max memory allowance for cook 16384mb min free memory 0mb
[2017.10.18-23.07.35:632][  0]LogCook:Display: Mobile HDR setting 1
[2017.10.18-23.07.35:754][  0]LogFileCache: Scanning file cache for directory 'D:/ProjectProJammin/ProjectProJammin/Content/' took 0.01s
[2017.10.18-23.07.36:602][  0]SourceControl: Info Source control is disabled
[2017.10.18-23.07.36:602][  0]Cmd: MAP LOAD FILE="D:/ProjectProJammin/ProjectProJammin/Content/FlyingBP/Maps/FlyingExampleMap.umap" TEMPLATE=0 SHOWPROGRESS=1 FEATURELEVEL=3
[2017.10.18-23.07.36:602][  0]LightingResults: New page: Lighting Build
[2017.10.18-23.07.36:638][  0]MapCheck: New page: Map Check
[2017.10.18-23.07.36:638][  0]LightingResults: New page: Lighting Build
[2017.10.18-23.07.37:329][  0]LogAIModule: Creating AISystem for world FlyingExampleMap
[2017.10.18-23.07.37:341][  0]LogEditorServer: Finished looking for orphan Actors (0.000 secs)
[2017.10.18-23.07.37:357][  0]Cmd: MAP CHECKDEP NOCLEARLOG
[2017.10.18-23.07.37:394][  0]MapCheck: Info Map check complete: 0 Error(s), 0 Warning(s), took 37.115ms to complete.
[2017.10.18-23.07.37:394][  0]LogFileHelpers: Loading map 'FlyingExampleMap' took 0.793
[2017.10.18-23.07.37:554][  0]LogCollectionManager: Loaded 0 collections in 0.001017 seconds
[2017.10.18-23.07.37:653][  0]LogFileCache: Scanning file cache for directory 'D:/ProjectProJammin/ProjectProJammin/Saved/Collections/' took 0.01s
[2017.10.18-23.07.37:653][  0]LogFileCache: Scanning file cache for directory 'D:/ProjectProJammin/ProjectProJammin/Content/Developers/student/Collections/' took 0.01s
[2017.10.18-23.07.37:653][  0]LogFileCache: Scanning file cache for directory 'D:/ProjectProJammin/ProjectProJammin/Content/Collections/' took 0.01s
[2017.10.18-23.07.37:653][  0]LogCollectionManager: Rebuilt the GUID cache for 0 collections in 0.000002 seconds
[2017.10.18-23.07.37:662][  0]LogContentBrowser: Native class hierarchy populated in 0.0086 seconds. Added 2329 classes and 491 folders.
[2017.10.18-23.07.37:711][  0]LogContentBrowser: Native class hierarchy updated for 'WidgetCarousel' in 0.0005 seconds. Added 0 classes and 0 folders.
[2017.10.18-23.07.37:751][  0]LogContentBrowser: Native class hierarchy updated for 'AddContentDialog' in 0.0005 seconds. Added 0 classes and 0 folders.
[2017.10.18-23.07.37:783][  0]LogContentBrowser: Native class hierarchy updated for 'SceneOutliner' in 0.0005 seconds. Added 1 classes and 2 folders.
[2017.10.18-23.07.37:825][  0]LogCrashTracker: Crashtracker disabled due to settings.
[2017.10.18-23.07.37:829][  0]LogSlate: Took 0.000292 seconds to synchronously load lazily loaded font '../../../Engine/Content/Slate/Fonts/Roboto-Regular.ttf' (155K)
[2017.10.18-23.07.37:833][  0]LogSlate: Took 0.000240 seconds to synchronously load lazily loaded font '../../../Engine/Content/Slate/Fonts/Roboto-Bold.ttf' (160K)
[2017.10.18-23.07.37:838][  0]LogSlate: Took 0.000122 seconds to synchronously load lazily loaded font '../../../Engine/Content/Editor/Slate/Fonts/FontAwesome.ttf' (139K)
[2017.10.18-23.07.37:923][  0]LogRenderer: Reallocating scene render targets to support 1616x576 NumSamples 1 (Frame:1).
[2017.10.18-23.07.38:174][  0]LogContentBrowser: Native class hierarchy updated for 'HierarchicalLODOutliner' in 0.0005 seconds. Added 1 classes and 2 folders.
[2017.10.18-23.07.38:174][  0]LogLoad: (Engine Initialization) Total time: 17.09 seconds
[2017.10.18-23.07.38:175][  0]LogLoad: (Engine Initialization) Total Blueprint compile time: 0.16 seconds
[2017.10.18-23.07.38:175][  0]LogExternalProfiler: Found external profiler: VSPerf
[2017.10.18-23.07.38:175][  0]LogExternalProfiler: Using external profiler: VSPerf
[2017.10.18-23.07.38:183][  0]LogOcInput: OculusInput pre-init called
[2017.10.18-23.07.38:183][  0]LogHMD: Starting GearVRController plugin
[2017.10.18-23.07.38:216][  0]LogAssetRegistry: Asset discovery search completed in 9.9001 seconds
[2017.10.18-23.07.38:218][  0]LogCollectionManager: Rebuilt the object cache for 0 collections in 0.000000 seconds (found 0 objects)
[2017.10.18-23.07.38:218][  0]LogCollectionManager: Fixed up redirectors for 0 collections in 0.000020 seconds (updated 0 objects)
[2017.10.18-23.07.38:221][  0]LogContentStreaming: Texture pool size now 1000 MB
[2017.10.18-23.07.38:310][  0]LogSlate: Took 0.000128 seconds to synchronously load lazily loaded font '../../../Engine/Content/Slate/Fonts/Roboto-Light.ttf' (159K)
[2017.10.18-23.07.38:521][  1]LogFileCache: Retrieving MD5 hashes for directory 'D:/ProjectProJammin/ProjectProJammin/Content/' took 0.33s
[2017.10.18-23.09.58:867][794]LogSlate: Took 0.000133 seconds to synchronously load lazily loaded font '../../../Engine/Content/Slate/Fonts/Roboto-Light.ttf' (159K)
[2017.10.18-23.09.59:244][794]LogContentBrowser: Native class hierarchy updated for 'BlueprintGraph' in 0.0008 seconds. Added 112 classes and 0 folders.
[2017.10.18-23.10.00:115][794]LogSlate: Took 0.000267 seconds to synchronously load lazily loaded font '../../../Engine/Content/Slate/Fonts/Roboto-Regular.ttf' (155K)
[2017.10.18-23.10.00:270][794]LogSlate: Took 0.007782 seconds to synchronously load lazily loaded font '../../../Engine/Content/Editor/Slate/Fonts/Roboto-BoldCondensed.ttf' (158K)
[2017.10.18-23.10.00:654][795]LogSlate: Took 0.010442 seconds to synchronously load lazily loaded font '../../../Engine/Content/Editor/Slate/Fonts/Roboto-Italic.ttf' (157K)
[2017.10.18-23.11.20:724][810]LogEditorTransaction: Undo Delete current selection
[2017.10.18-23.11.20:755][810]LogSlate: Took 0.000162 seconds to synchronously load lazily loaded font '../../../Engine/Content/Slate/Fonts/Roboto-Light.ttf' (159K)
[2017.10.18-23.12.16:990][292]LogSlate: Only BGRA pngs, bmps or icos are supported in by External Image Picker
[2017.10.18-23.12.17:448][324]LogTemp: Executing iPhonePackager certificates Engine -bundlename com.YourCompany.ProjectProJammin
[2017.10.18-23.12.17:448][324]LogTemp: CWD: C:\Program Files\Epic Games\UE_4.16\Engine\Binaries\DotNET\IOS
[2017.10.18-23.12.17:448][324]LogTemp: Initial Dir: C:\Program Files\Epic Games\UE_4.16
[2017.10.18-23.12.17:448][324]LogTemp: Env CWD: C:\Program Files\Epic Games\UE_4.16\Engine\Binaries\DotNET\IOS
[2017.10.18-23.12.17:460][325]LogTemp: BranchPath = T250-9/C/Program Files/Epic Games/UE_4.16/Engine/Binaries --- GameBranchPath = T250-9/C/Program Files/Epic Games/UE_4.16/Engine/Binaries
[2017.10.18-23.12.17:553][333]LogTemp: IPP ERROR: Could not find provision directory 'C:\Users\student\AppData\Local/Apple Computer/MobileDevice/Provisioning Profiles/'.
[2017.10.18-23.16.05:055][802]BlueprintLog: New page: Compile FlyingPawn
[2017.10.18-23.16.25:691][727]LogEditorViewport: Clicking on Actor (LMB): StaticMeshActor (Ground_3)
[2017.10.18-23.16.27:051][837]LogTemp: Repeting last play command: Selected Viewport
[2017.10.18-23.16.32:602][837]LogBlueprintUserMessages: Early PlayInEditor Detection: Level '/Game/FlyingBP/Maps/FlyingExampleMap.FlyingExampleMap:PersistentLevel' has LevelScriptBlueprint '/Game/FlyingBP/Maps/FlyingExampleMap.FlyingExampleMap:PersistentLevel.FlyingExampleMap' with GeneratedClass '/Game/FlyingBP/Maps/FlyingExampleMap.FlyingExampleMap_C' with ClassGeneratedBy '/Game/FlyingBP/Maps/FlyingExampleMap.FlyingExampleMap:PersistentLevel.FlyingExampleMap'
[2017.10.18-23.16.32:604][837]LogPlayLevel: PlayLevel: No blueprints needed recompiling
[2017.10.18-23.16.32:611][837]PIE: New page: PIE session: FlyingExampleMap (Oct 18, 2017, 1:16:32 PM)
[2017.10.18-23.16.32:613][837]LogPlayLevel: Creating play world package: /Game/FlyingBP/Maps/UEDPIE_0_FlyingExampleMap
[2017.10.18-23.16.32:671][837]LogPlayLevel: PIE: StaticDuplicateObject took: (0.058570s)
[2017.10.18-23.16.32:672][837]LogAIModule: Creating AISystem for world FlyingExampleMap
[2017.10.18-23.16.32:672][837]LogPlayLevel: PIE: World Init took: (0.000766s)
[2017.10.18-23.16.32:673][837]LogPlayLevel: PIE: Created PIE world by copying editor world from /Game/FlyingBP/Maps/FlyingExampleMap.FlyingExampleMap to /Game/FlyingBP/Maps/UEDPIE_0_FlyingExampleMap.FlyingExampleMap (0.060074s)
[2017.10.18-23.16.32:713][837]LogInit: XAudio2 using 'Speakers (Sound Blaster Recon3Di)' : 2 channels at 48 kHz using 32 bits per sample (channel mask 0x3)
[2017.10.18-23.16.32:721][837]LogInit: FAudioDevice initialized.
[2017.10.18-23.16.32:770][837]LogLoad: Game class is 'FlyingGameMode_C'
[2017.10.18-23.16.32:794][837]LogWorld: Bringing World /Game/FlyingBP/Maps/UEDPIE_0_FlyingExampleMap.FlyingExampleMap up for play (max tick rate 0) at 2017.10.18-18.16.32
[2017.10.18-23.16.32:799][837]LogWorld: Bringing up level for play took: 0.011733
[2017.10.18-23.16.32:862][837]LogContentBrowser: Native class hierarchy updated for 'MovieSceneCapture' in 0.0007 seconds. Added 11 classes and 0 folders.
[2017.10.18-23.16.32:880][837]PIE: Info Play in editor start time for /Game/FlyingBP/Maps/UEDPIE_0_FlyingExampleMap 0.989
[2017.10.18-23.16.32:880][837]LogBlueprintUserMessages: Late PlayInEditor Detection: Level '/Game/FlyingBP/Maps/FlyingExampleMap.FlyingExampleMap:PersistentLevel' has LevelScriptBlueprint '/Game/FlyingBP/Maps/FlyingExampleMap.FlyingExampleMap:PersistentLevel.FlyingExampleMap' with GeneratedClass '/Game/FlyingBP/Maps/FlyingExampleMap.FlyingExampleMap_C' with ClassGeneratedBy '/Game/FlyingBP/Maps/FlyingExampleMap.FlyingExampleMap:PersistentLevel.FlyingExampleMap'
[2017.10.18-23.16.32:953][838]LogBlueprintUserMessages: Early EndPlayMap Detection: Level '/Game/FlyingBP/Maps/FlyingExampleMap.FlyingExampleMap:PersistentLevel' has LevelScriptBlueprint '/Game/FlyingBP/Maps/FlyingExampleMap.FlyingExampleMap:PersistentLevel.FlyingExampleMap' with GeneratedClass '/Game/FlyingBP/Maps/FlyingExampleMap.FlyingExampleMap_C' with ClassGeneratedBy '/Game/FlyingBP/Maps/FlyingExampleMap.FlyingExampleMap:PersistentLevel.FlyingExampleMap'
[2017.10.18-23.16.33:009][838]LogBlueprintUserMessages: Late EndPlayMap Detection: Level '/Game/FlyingBP/Maps/FlyingExampleMap.FlyingExampleMap:PersistentLevel' has LevelScriptBlueprint '/Game/FlyingBP/Maps/FlyingExampleMap.FlyingExampleMap:PersistentLevel.FlyingExampleMap' with GeneratedClass '/Game/FlyingBP/Maps/FlyingExampleMap.FlyingExampleMap_C' with ClassGeneratedBy '/Game/FlyingBP/Maps/FlyingExampleMap.FlyingExampleMap:PersistentLevel.FlyingExampleMap'
[2017.10.18-23.16.35:621][ 50]LogTemp: Repeting last play command: Selected Viewport
[2017.10.18-23.16.35:635][ 50]LogBlueprintUserMessages: Early PlayInEditor Detection: Level '/Game/FlyingBP/Maps/FlyingExampleMap.FlyingExampleMap:PersistentLevel' has LevelScriptBlueprint '/Game/FlyingBP/Maps/FlyingExampleMap.FlyingExampleMap:PersistentLevel.FlyingExampleMap' with GeneratedClass '/Game/FlyingBP/Maps/FlyingExampleMap.FlyingExampleMap_C' with ClassGeneratedBy '/Game/FlyingBP/Maps/FlyingExampleMap.FlyingExampleMap:PersistentLevel.FlyingExampleMap'
[2017.10.18-23.16.35:635][ 50]LogPlayLevel: PlayLevel: No blueprints needed recompiling
[2017.10.18-23.16.35:636][ 50]PIE: New page: PIE session: FlyingExampleMap (Oct 18, 2017, 1:16:35 PM)
[2017.10.18-23.16.35:636][ 50]LogPlayLevel: Creating play world package: /Game/FlyingBP/Maps/UEDPIE_0_FlyingExampleMap
[2017.10.18-23.16.35:660][ 50]LogPlayLevel: PIE: StaticDuplicateObject took: (0.024303s)
[2017.10.18-23.16.35:660][ 50]LogAIModule: Creating AISystem for world FlyingExampleMap
[2017.10.18-23.16.35:661][ 50]LogPlayLevel: PIE: World Init took: (0.000584s)
[2017.10.18-23.16.35:661][ 50]LogPlayLevel: PIE: Created PIE world by copying editor world from /Game/FlyingBP/Maps/FlyingExampleMap.FlyingExampleMap to /Game/FlyingBP/Maps/UEDPIE_0_FlyingExampleMap.FlyingExampleMap (0.025105s)
[2017.10.18-23.16.35:685][ 50]LogInit: XAudio2 using 'Speakers (Sound Blaster Recon3Di)' : 2 channels at 48 kHz using 32 bits per sample (channel mask 0x3)
[2017.10.18-23.16.35:696][ 50]LogInit: FAudioDevice initialized.
[2017.10.18-23.16.35:728][ 50]LogLoad: Game class is 'FlyingGameMode_C'
[2017.10.18-23.16.35:733][ 50]LogWorld: Bringing World /Game/FlyingBP/Maps/UEDPIE_0_FlyingExampleMap.FlyingExampleMap up for play (max tick rate 0) at 2017.10.18-18.16.35
[2017.10.18-23.16.35:733][ 50]LogWorld: Bringing up level for play took: 0.003897
[2017.10.18-23.16.35:734][ 50]PIE: Info Play in editor start time for /Game/FlyingBP/Maps/UEDPIE_0_FlyingExampleMap -0.157
[2017.10.18-23.16.35:734][ 50]LogBlueprintUserMessages: Late PlayInEditor Detection: Level '/Game/FlyingBP/Maps/FlyingExampleMap.FlyingExampleMap:PersistentLevel' has LevelScriptBlueprint '/Game/FlyingBP/Maps/FlyingExampleMap.FlyingExampleMap:PersistentLevel.FlyingExampleMap' with GeneratedClass '/Game/FlyingBP/Maps/FlyingExampleMap.FlyingExampleMap_C' with ClassGeneratedBy '/Game/FlyingBP/Maps/FlyingExampleMap.FlyingExampleMap:PersistentLevel.FlyingExampleMap'
[2017.10.18-23.16.42:778][809]LogBlueprintUserMessages: Early EndPlayMap Detection: Level '/Game/FlyingBP/Maps/FlyingExampleMap.FlyingExampleMap:PersistentLevel' has LevelScriptBlueprint '/Game/FlyingBP/Maps/FlyingExampleMap.FlyingExampleMap:PersistentLevel.FlyingExampleMap' with GeneratedClass '/Game/FlyingBP/Maps/FlyingExampleMap.FlyingExampleMap_C' with ClassGeneratedBy '/Game/FlyingBP/Maps/FlyingExampleMap.FlyingExampleMap:PersistentLevel.FlyingExampleMap'
[2017.10.18-23.16.42:832][809]LogBlueprintUserMessages: Late EndPlayMap Detection: Level '/Game/FlyingBP/Maps/FlyingExampleMap.FlyingExampleMap:PersistentLevel' has LevelScriptBlueprint '/Game/FlyingBP/Maps/FlyingExampleMap.FlyingExampleMap:PersistentLevel.FlyingExampleMap' with GeneratedClass '/Game/FlyingBP/Maps/FlyingExampleMap.FlyingExampleMap_C' with ClassGeneratedBy '/Game/FlyingBP/Maps/FlyingExampleMap.FlyingExampleMap:PersistentLevel.FlyingExampleMap'
[2017.10.18-23.19.18:911][401]Cmd: TRANSACTION UNDO
[2017.10.18-23.19.18:911][401]LogEditorTransaction: Undo Create Pin Link
[2017.10.18-23.19.19:269][421]Cmd: TRANSACTION UNDO
[2017.10.18-23.19.19:269][421]LogEditorTransaction: Undo Create Pin Link
[2017.10.18-23.19.19:477][432]Cmd: TRANSACTION UNDO
[2017.10.18-23.19.19:477][432]LogEditorTransaction: Undo Clicking on Actors
[2017.10.18-23.19.19:675][448]Cmd: TRANSACTION UNDO
[2017.10.18-23.19.19:675][448]LogEditorTransaction: Undo Move Node
[2017.10.18-23.19.19:845][453]Cmd: TRANSACTION UNDO
[2017.10.18-23.19.19:845][453]LogEditorTransaction: Undo Move Node
[2017.10.18-23.19.20:068][464]Cmd: TRANSACTION UNDO
[2017.10.18-23.19.20:068][464]LogEditorTransaction: Undo Move Node
[2017.10.18-23.19.20:263][472]Cmd: TRANSACTION UNDO
[2017.10.18-23.19.20:263][472]LogEditorTransaction: Undo Move Node
[2017.10.18-23.19.20:420][476]Cmd: TRANSACTION UNDO
[2017.10.18-23.19.20:420][476]LogEditorTransaction: Undo Move Node
[2017.10.18-23.19.20:588][481]Cmd: TRANSACTION UNDO
[2017.10.18-23.19.20:588][481]LogEditorTransaction: Undo Create Pin Link
[2017.10.18-23.19.20:756][486]Cmd: TRANSACTION UNDO
[2017.10.18-23.19.20:756][486]LogEditorTransaction: Undo Create Pin Link
[2017.10.18-23.19.20:932][492]Cmd: TRANSACTION UNDO
[2017.10.18-23.19.20:932][492]LogEditorTransaction: Undo Add Node
[2017.10.18-23.19.21:116][499]Cmd: TRANSACTION UNDO
[2017.10.18-23.19.21:116][499]LogEditorTransaction: Undo Delete current selection
[2017.10.18-23.19.21:288][504]Cmd: TRANSACTION UNDO
[2017.10.18-23.19.21:288][504]LogEditorTransaction: Undo Create Pin Link
[2017.10.18-23.19.21:466][510]Cmd: TRANSACTION UNDO
[2017.10.18-23.19.21:466][510]LogEditorTransaction: Undo Create Pin Link
[2017.10.18-23.19.21:820][511]Cmd: TRANSACTION UNDO
[2017.10.18-23.19.21:964][511]LogSavePackage: Save=275.47ms
[2017.10.18-23.19.21:964][511]LogSavePackage: Moving 'D:/ProjectProJammin/ProjectProJammin/Saved/FlyingExampleMap_Auto15BC0DE5F4D9ECBC9C1FD9590783FDF96.tmp' to 'D:/ProjectProJammin/ProjectProJammin/Saved/Autosaves/Game/FlyingBP/Maps/FlyingExampleMap_Auto1.umap'
[2017.10.18-23.19.21:965][511]LogSavePackage:Display: Finished SavePackage D:/ProjectProJammin/ProjectProJammin/Saved/Autosaves/Game/FlyingBP/Maps/FlyingExampleMap_Auto1.umap
[2017.10.18-23.19.21:977][511]Cmd: TRANSACTION UNDO
[2017.10.18-23.19.21:977][511]LogEditorTransaction: Undo Move Node
[2017.10.18-23.19.21:997][511]LogFileHelpers: Editor autosave (incl. sublevels) for '/Game/FlyingBP/Maps/FlyingExampleMap' took 0.373
[2017.10.18-23.19.21:997][511]LogFileHelpers: Editor autosave (incl. sublevels) for all levels took 0.373
[2017.10.18-23.19.21:999][511]OBJ SavePackage: Generating thumbnails for [1] asset(s) in package [/Game/FlyingBP/Blueprints/FlyingPawn] ([1] browsable assets)...
[2017.10.18-23.19.22:024][511]OBJ SavePackage:     Rendered thumbnail for [Blueprint /Game/FlyingBP/Blueprints/FlyingPawn.FlyingPawn]
[2017.10.18-23.19.22:024][511]OBJ SavePackage: Finished generating thumbnails for package [/Game/FlyingBP/Blueprints/FlyingPawn]
[2017.10.18-23.19.22:120][511]LogSavePackage: Save=87.38ms
[2017.10.18-23.19.22:120][511]LogSavePackage: Moving 'D:/ProjectProJammin/ProjectProJammin/Saved/FlyingPawn_Auto12B7791C74606434D0AA76F8256A07AA1.tmp' to 'D:/ProjectProJammin/ProjectProJammin/Saved/Autosaves/Game/FlyingBP/Blueprints/FlyingPawn_Auto1.uasset'
[2017.10.18-23.19.22:121][511]LogSavePackage:Display: Finished SavePackage D:/ProjectProJammin/ProjectProJammin/Saved/Autosaves/Game/FlyingBP/Blueprints/FlyingPawn_Auto1.uasset
[2017.10.18-23.19.22:121][511]LogFileHelpers: Auto-saving content packages took 0.122
[2017.10.18-23.19.22:121][511]Cmd: TRANSACTION UNDO
[2017.10.18-23.19.22:121][511]LogEditorTransaction: Undo Add Node
[2017.10.18-23.19.22:857][575]Cmd: TRANSACTION UNDO
[2017.10.18-23.19.22:857][575]LogEditorTransaction: Undo Delete current selection
[2017.10.18-23.19.23:240][602]Cmd: TRANSACTION UNDO
[2017.10.18-23.19.23:240][602]LogEditorTransaction: Undo Delete current selection
[2017.10.18-23.19.23:562][623]Cmd: TRANSACTION UNDO
[2017.10.18-23.19.23:562][623]LogEditorTransaction: Undo Create Pin Link
[2017.10.18-23.19.23:943][650]Cmd: TRANSACTION UNDO
[2017.10.18-23.19.23:943][650]LogEditorTransaction: Undo Move Node
[2017.10.18-23.19.24:555][701]Cmd: TRANSACTION UNDO
[2017.10.18-23.19.24:555][701]LogEditorTransaction: Undo Rename Node
[2017.10.18-23.19.25:111][746]Cmd: TRANSACTION UNDO
[2017.10.18-23.19.25:111][746]LogEditorTransaction: Undo Rename Node
[2017.10.18-23.19.25:542][778]Cmd: TRANSACTION UNDO
[2017.10.18-23.19.25:542][778]LogEditorTransaction: Undo Add Node
[2017.10.18-23.19.26:412][857]Cmd: TRANSACTION UNDO
[2017.10.18-23.19.26:412][857]LogEditorTransaction: Undo Delete current selection
[2017.10.18-23.19.27:464][952]Cmd: TRANSACTION UNDO
[2017.10.18-23.19.27:464][952]LogEditorTransaction: Undo Create Pin Link
[2017.10.18-23.19.28:473][ 43]Cmd: TRANSACTION UNDO
[2017.10.18-23.19.28:473][ 43]LogEditorTransaction: Undo Create Pin Link
[2017.10.18-23.19.28:934][ 78]Cmd: TRANSACTION UNDO
[2017.10.18-23.19.28:934][ 78]LogEditorTransaction: Undo Add Node
[2017.10.18-23.19.29:379][109]Cmd: TRANSACTION UNDO
[2017.10.18-23.19.29:379][109]LogEditorTransaction: Undo Delete current selection
[2017.10.18-23.19.29:758][135]Cmd: TRANSACTION UNDO
[2017.10.18-23.19.29:758][135]LogEditorTransaction: Undo Create Pin Link
[2017.10.18-23.19.30:120][159]Cmd: TRANSACTION UNDO
[2017.10.18-23.19.30:120][159]LogEditorTransaction: Undo Create Pin Link
[2017.10.18-23.19.30:475][183]Cmd: TRANSACTION UNDO
[2017.10.18-23.19.30:475][183]LogEditorTransaction: Undo Move Node
[2017.10.18-23.19.30:972][222]Cmd: TRANSACTION UNDO
[2017.10.18-23.19.30:972][222]LogEditorTransaction: Undo Create Pin Link
[2017.10.18-23.19.31:412][255]Cmd: TRANSACTION UNDO
[2017.10.18-23.19.31:412][255]LogEditorTransaction: Undo Move Node
[2017.10.18-23.19.31:801][283]Cmd: TRANSACTION UNDO
[2017.10.18-23.19.31:801][283]LogEditorTransaction: Undo Move Node
[2017.10.18-23.19.32:169][309]Cmd: TRANSACTION UNDO
[2017.10.18-23.19.32:169][309]LogEditorTransaction: Undo Add Node
[2017.10.18-23.19.32:644][346]Cmd: TRANSACTION UNDO
[2017.10.18-23.19.32:644][346]LogEditorTransaction: Undo Delete current selection
[2017.10.18-23.19.34:151][491]Cmd: TRANSACTION UNDO
[2017.10.18-23.19.34:151][491]LogEditorTransaction: Undo Rename Axis Mapping
[2017.10.18-23.19.34:551][532]Cmd: TRANSACTION UNDO
[2017.10.18-23.19.34:551][532]LogEditorTransaction: Undo Delete current selection
[2017.10.18-23.20.03:893][961]Cmd: OBJ SAVEPACKAGE PACKAGE="/Game/FlyingBP/Maps/FlyingExampleMap" FILE="D:/ProjectProJammin/ProjectProJammin/Content/FlyingBP/Maps/FlyingExampleMap.umap" SILENT=true AUTOSAVING=false KEEPDIRTY=false
[2017.10.18-23.20.04:205][961]LogSavePackage: Save=269.77ms
[2017.10.18-23.20.04:205][961]LogSavePackage: Moving 'D:/ProjectProJammin/ProjectProJammin/Saved/FlyingExampleMap6458FA704AF41AE10EFC3E8FE19E8BB7.tmp' to 'D:/ProjectProJammin/ProjectProJammin/Content/FlyingBP/Maps/FlyingExampleMap.umap'
[2017.10.18-23.20.04:213][961]LogSavePackage:Display: Finished SavePackage D:/ProjectProJammin/ProjectProJammin/Content/FlyingBP/Maps/FlyingExampleMap.umap
[2017.10.18-23.20.04:244][961]Cmd: OBJ SAVEPACKAGE PACKAGE="/Game/FlyingBP/Maps/FlyingExampleMap_BuiltData" FILE="D:/ProjectProJammin/ProjectProJammin/Content/FlyingBP/Maps/FlyingExampleMap_BuiltData.uasset" SILENT=true
[2017.10.18-23.20.04:701][961]LogSavePackage: Save=388.52ms
[2017.10.18-23.20.04:701][961]LogSavePackage: Moving 'D:/ProjectProJammin/ProjectProJammin/Saved/FlyingExampleMap_BuiltDataF3537B064513DC8BEFBEFDBE2D714850.tmp' to 'D:/ProjectProJammin/ProjectProJammin/Content/FlyingBP/Maps/FlyingExampleMap_BuiltData.uasset'
[2017.10.18-23.20.04:702][961]LogSavePackage:Display: Finished SavePackage D:/ProjectProJammin/ProjectProJammin/Content/FlyingBP/Maps/FlyingExampleMap_BuiltData.uasset
[2017.10.18-23.20.07:005][151]BlueprintLog: New page: Compile FlyingPawn
[2017.10.18-23.20.10:492][398]LogTemp: Repeting last play command: Selected Viewport
[2017.10.18-23.20.10:508][398]LogBlueprintUserMessages: Early PlayInEditor Detection: Level '/Game/FlyingBP/Maps/FlyingExampleMap.FlyingExampleMap:PersistentLevel' has LevelScriptBlueprint '/Game/FlyingBP/Maps/FlyingExampleMap.FlyingExampleMap:PersistentLevel.FlyingExampleMap' with GeneratedClass '/Game/FlyingBP/Maps/FlyingExampleMap.FlyingExampleMap_C' with ClassGeneratedBy '/Game/FlyingBP/Maps/FlyingExampleMap.FlyingExampleMap:PersistentLevel.FlyingExampleMap'
[2017.10.18-23.20.10:508][398]LogPlayLevel: PlayLevel: No blueprints needed recompiling
[2017.10.18-23.20.10:508][398]PIE: New page: PIE session: FlyingExampleMap (Oct 18, 2017, 1:20:10 PM)
[2017.10.18-23.20.10:508][398]LogPlayLevel: Creating play world package: /Game/FlyingBP/Maps/UEDPIE_0_FlyingExampleMap
[2017.10.18-23.20.10:533][398]LogPlayLevel: PIE: StaticDuplicateObject took: (0.024739s)
[2017.10.18-23.20.10:534][398]LogAIModule: Creating AISystem for world FlyingExampleMap
[2017.10.18-23.20.10:534][398]LogPlayLevel: PIE: World Init took: (0.000591s)
[2017.10.18-23.20.10:534][398]LogPlayLevel: PIE: Created PIE world by copying editor world from /Game/FlyingBP/Maps/FlyingExampleMap.FlyingExampleMap to /Game/FlyingBP/Maps/UEDPIE_0_FlyingExampleMap.FlyingExampleMap (0.025544s)
[2017.10.18-23.20.10:564][398]LogInit: XAudio2 using 'Speakers (Sound Blaster Recon3Di)' : 2 channels at 48 kHz using 32 bits per sample (channel mask 0x3)
[2017.10.18-23.20.10:574][398]LogInit: FAudioDevice initialized.
[2017.10.18-23.20.10:603][398]LogLoad: Game class is 'FlyingGameMode_C'
[2017.10.18-23.20.10:608][398]LogWorld: Bringing World /Game/FlyingBP/Maps/UEDPIE_0_FlyingExampleMap.FlyingExampleMap up for play (max tick rate 0) at 2017.10.18-18.20.10
[2017.10.18-23.20.10:609][398]LogWorld: Bringing up level for play took: 0.003940
[2017.10.18-23.20.10:610][398]PIE: Info Play in editor start time for /Game/FlyingBP/Maps/UEDPIE_0_FlyingExampleMap 0.717
[2017.10.18-23.20.10:610][398]LogBlueprintUserMessages: Late PlayInEditor Detection: Level '/Game/FlyingBP/Maps/FlyingExampleMap.FlyingExampleMap:PersistentLevel' has LevelScriptBlueprint '/Game/FlyingBP/Maps/FlyingExampleMap.FlyingExampleMap:PersistentLevel.FlyingExampleMap' with GeneratedClass '/Game/FlyingBP/Maps/FlyingExampleMap.FlyingExampleMap_C' with ClassGeneratedBy '/Game/FlyingBP/Maps/FlyingExampleMap.FlyingExampleMap:PersistentLevel.FlyingExampleMap'
[2017.10.18-23.20.15:130][762]LogBlueprintUserMessages: Early EndPlayMap Detection: Level '/Game/FlyingBP/Maps/FlyingExampleMap.FlyingExampleMap:PersistentLevel' has LevelScriptBlueprint '/Game/FlyingBP/Maps/FlyingExampleMap.FlyingExampleMap:PersistentLevel.FlyingExampleMap' with GeneratedClass '/Game/FlyingBP/Maps/FlyingExampleMap.FlyingExampleMap_C' with ClassGeneratedBy '/Game/FlyingBP/Maps/FlyingExampleMap.FlyingExampleMap:PersistentLevel.FlyingExampleMap'
[2017.10.18-23.20.15:172][762]LogBlueprintUserMessages: Late EndPlayMap Detection: Level '/Game/FlyingBP/Maps/FlyingExampleMap.FlyingExampleMap:PersistentLevel' has LevelScriptBlueprint '/Game/FlyingBP/Maps/FlyingExampleMap.FlyingExampleMap:PersistentLevel.FlyingExampleMap' with GeneratedClass '/Game/FlyingBP/Maps/FlyingExampleMap.FlyingExampleMap_C' with ClassGeneratedBy '/Game/FlyingBP/Maps/FlyingExampleMap.FlyingExampleMap:PersistentLevel.FlyingExampleMap'
[2017.10.18-23.22.20:866][678]LogSlate: Took 0.010229 seconds to synchronously load lazily loaded font '../../../Engine/Content/Editor/Slate/Fonts/Roboto-BoldCondensedItalic.ttf' (160K)
[2017.10.18-23.22.40:194][466]BlueprintLog: New page: Compile FlyingPawn
[2017.10.18-23.23.53:576][278]BlueprintLog: New page: Compile FlyingPawn
[2017.10.18-23.23.58:285][626]LogTemp: Repeting last play command: Selected Viewport
[2017.10.18-23.23.58:302][626]LogBlueprintUserMessages: Early PlayInEditor Detection: Level '/Game/FlyingBP/Maps/FlyingExampleMap.FlyingExampleMap:PersistentLevel' has LevelScriptBlueprint '/Game/FlyingBP/Maps/FlyingExampleMap.FlyingExampleMap:PersistentLevel.FlyingExampleMap' with GeneratedClass '/Game/FlyingBP/Maps/FlyingExampleMap.FlyingExampleMap_C' with ClassGeneratedBy '/Game/FlyingBP/Maps/FlyingExampleMap.FlyingExampleMap:PersistentLevel.FlyingExampleMap'
[2017.10.18-23.23.58:302][626]LogPlayLevel: PlayLevel: No blueprints needed recompiling
[2017.10.18-23.23.58:302][626]PIE: New page: PIE session: FlyingExampleMap (Oct 18, 2017, 1:23:58 PM)
[2017.10.18-23.23.58:302][626]LogPlayLevel: Creating play world package: /Game/FlyingBP/Maps/UEDPIE_0_FlyingExampleMap
[2017.10.18-23.23.58:327][626]LogPlayLevel: PIE: StaticDuplicateObject took: (0.024659s)
[2017.10.18-23.23.58:327][626]LogAIModule: Creating AISystem for world FlyingExampleMap
[2017.10.18-23.23.58:328][626]LogPlayLevel: PIE: World Init took: (0.000599s)
[2017.10.18-23.23.58:328][626]LogPlayLevel: PIE: Created PIE world by copying editor world from /Game/FlyingBP/Maps/FlyingExampleMap.FlyingExampleMap to /Game/FlyingBP/Maps/UEDPIE_0_FlyingExampleMap.FlyingExampleMap (0.025471s)
[2017.10.18-23.23.58:360][626]LogInit: XAudio2 using 'Speakers (Sound Blaster Recon3Di)' : 2 channels at 48 kHz using 32 bits per sample (channel mask 0x3)
[2017.10.18-23.23.58:370][626]LogInit: FAudioDevice initialized.
[2017.10.18-23.23.58:399][626]LogLoad: Game class is 'FlyingGameMode_C'
[2017.10.18-23.23.58:404][626]LogWorld: Bringing World /Game/FlyingBP/Maps/UEDPIE_0_FlyingExampleMap.FlyingExampleMap up for play (max tick rate 0) at 2017.10.18-18.23.58
[2017.10.18-23.23.58:404][626]LogWorld: Bringing up level for play took: 0.003951
[2017.10.18-23.23.58:406][626]PIE: Info Play in editor start time for /Game/FlyingBP/Maps/UEDPIE_0_FlyingExampleMap 0.511
[2017.10.18-23.23.58:406][626]LogBlueprintUserMessages: Late PlayInEditor Detection: Level '/Game/FlyingBP/Maps/FlyingExampleMap.FlyingExampleMap:PersistentLevel' has LevelScriptBlueprint '/Game/FlyingBP/Maps/FlyingExampleMap.FlyingExampleMap:PersistentLevel.FlyingExampleMap' with GeneratedClass '/Game/FlyingBP/Maps/FlyingExampleMap.FlyingExampleMap_C' with ClassGeneratedBy '/Game/FlyingBP/Maps/FlyingExampleMap.FlyingExampleMap:PersistentLevel.FlyingExampleMap'
[2017.10.18-23.24.06:589][449]LogBlueprintUserMessages: Early EndPlayMap Detection: Level '/Game/FlyingBP/Maps/FlyingExampleMap.FlyingExampleMap:PersistentLevel' has LevelScriptBlueprint '/Game/FlyingBP/Maps/FlyingExampleMap.FlyingExampleMap:PersistentLevel.FlyingExampleMap' with GeneratedClass '/Game/FlyingBP/Maps/FlyingExampleMap.FlyingExampleMap_C' with ClassGeneratedBy '/Game/FlyingBP/Maps/FlyingExampleMap.FlyingExampleMap:PersistentLevel.FlyingExampleMap'
[2017.10.18-23.24.06:630][449]LogBlueprintUserMessages: Late EndPlayMap Detection: Level '/Game/FlyingBP/Maps/FlyingExampleMap.FlyingExampleMap:PersistentLevel' has LevelScriptBlueprint '/Game/FlyingBP/Maps/FlyingExampleMap.FlyingExampleMap:PersistentLevel.FlyingExampleMap' with GeneratedClass '/Game/FlyingBP/Maps/FlyingExampleMap.FlyingExampleMap_C' with ClassGeneratedBy '/Game/FlyingBP/Maps/FlyingExampleMap.FlyingExampleMap:PersistentLevel.FlyingExampleMap'
[2017.10.18-23.25.42:061][737]BlueprintLog: New page: Compile FlyingPawn
[2017.10.18-23.25.50:884][525]LogSlate: Only BGRA pngs, bmps or icos are supported in by External Image Picker
[2017.10.18-23.25.50:939][527]LogTemp: Executing iPhonePackager certificates Engine -bundlename com.YourCompany.ProjectProJammin
[2017.10.18-23.25.50:939][527]LogTemp: CWD: C:\Program Files\Epic Games\UE_4.16\Engine\Binaries\DotNET\IOS
[2017.10.18-23.25.50:939][527]LogTemp: Initial Dir: C:\Program Files\Epic Games\UE_4.16
[2017.10.18-23.25.50:939][527]LogTemp: Env CWD: C:\Program Files\Epic Games\UE_4.16\Engine\Binaries\DotNET\IOS
[2017.10.18-23.25.50:944][527]LogTemp: BranchPath = T250-9/C/Program Files/Epic Games/UE_4.16/Engine/Binaries --- GameBranchPath = T250-9/C/Program Files/Epic Games/UE_4.16/Engine/Binaries
[2017.10.18-23.25.50:954][527]LogTemp: IPP ERROR: Could not find provision directory 'C:\Users\student\AppData\Local/Apple Computer/MobileDevice/Provisioning Profiles/'.
[2017.10.18-23.32.30:916][285]BlueprintLog: New page: Compile FlyingPawn
[2017.10.18-23.32.30:938][285]LogBlueprint:Warning: [Compiler FlyingPawn] Warning Input Axis Event references unknown Axis 'Thrust' for  InputAxis Thrust
[2017.10.18-23.32.31:268][285]BlueprintEditorCompileResults:Warning: Warning Input Axis Event references unknown Axis 'Thrust' for  InputAxis Thrust
[2017.10.18-23.32.31:268][285]LogBlueprint:Warning: [Compiler FlyingPawn] Warning [1510.17] Compile of FlyingPawn successful, but with 1 Warning(s) [in 352 ms] (/Game/FlyingBP/Blueprints/FlyingPawn.FlyingPawn)
[2017.10.18-23.32.47:371][889]LogSlate: Only BGRA pngs, bmps or icos are supported in by External Image Picker
[2017.10.18-23.32.47:430][891]LogTemp: Executing iPhonePackager certificates Engine -bundlename com.YourCompany.ProjectProJammin
[2017.10.18-23.32.47:430][891]LogTemp: CWD: C:\Program Files\Epic Games\UE_4.16\Engine\Binaries\DotNET\IOS
[2017.10.18-23.32.47:430][891]LogTemp: Initial Dir: C:\Program Files\Epic Games\UE_4.16
[2017.10.18-23.32.47:430][891]LogTemp: Env CWD: C:\Program Files\Epic Games\UE_4.16\Engine\Binaries\DotNET\IOS
[2017.10.18-23.32.47:434][891]LogTemp: BranchPath = T250-9/C/Program Files/Epic Games/UE_4.16/Engine/Binaries --- GameBranchPath = T250-9/C/Program Files/Epic Games/UE_4.16/Engine/Binaries
[2017.10.18-23.32.47:444][891]LogTemp: IPP ERROR: Could not find provision directory 'C:\Users\student\AppData\Local/Apple Computer/MobileDevice/Provisioning Profiles/'.
[2017.10.18-23.33.54:465][527]Cmd: QUIT_EDITOR
[2017.10.18-23.33.54:591][527]LogExit: Preparing to exit.
[2017.10.18-23.33.54:874][527]LogExit: Editor shut down
[2017.10.18-23.33.54:877][527]LogExit: Transaction tracking system shut down
[2017.10.18-23.33.55:052][527]LogObj: Freed 0b from 0 cluster array pools.
[2017.10.18-23.33.55:052][527]LogExit: Object subsystem successfully closed.
[2017.10.18-23.33.55:114][527]LogD3D11RHI: Shutdown
[2017.10.18-23.33.55:114][527]LogD3D11RHI: CleanupD3DDevice
[2017.10.18-23.33.55:274][527]LogD3D11RHI: ~FD3D11DynamicRHI
[2017.10.18-23.33.55:322][527]LogModuleManager: Shutting down and abandoning module MovieSceneCapture (532)
[2017.10.18-23.33.55:323][527]LogModuleManager: Shutting down and abandoning module ExternalImagePicker (530)
[2017.10.18-23.33.55:323][527]LogModuleManager: Shutting down and abandoning module BlueprintGraph (528)
[2017.10.18-23.33.55:323][527]LogModuleManager: Shutting down and abandoning module BlueprintProfiler (526)
[2017.10.18-23.33.55:326][527]LogModuleManager: Shutting down and abandoning module HierarchicalLODOutliner (524)
[2017.10.18-23.33.55:326][527]LogModuleManager: Shutting down and abandoning module CrashTracker (522)
[2017.10.18-23.33.55:326][527]LogModuleManager: Shutting down and abandoning module SceneOutliner (520)
[2017.10.18-23.33.55:326][527]LogModuleManager: Shutting down and abandoning module AddContentDialog (518)
[2017.10.18-23.33.55:327][527]LogDirectoryWatcher: A directory notification for 'C:/Program Files/Epic Games/UE_4.16/FeaturePacks/' was aborted.
[2017.10.18-23.33.55:329][527]LogModuleManager: Shutting down and abandoning module WidgetCarousel (517)
[2017.10.18-23.33.55:329][527]LogModuleManager: Shutting down and abandoning module EditorWidgets (514)
[2017.10.18-23.33.55:329][527]LogModuleManager: Shutting down and abandoning module CollectionManager (512)
[2017.10.18-23.33.55:329][527]LogDirectoryWatcher: A directory notification for 'D:/ProjectProJammin/ProjectProJammin/Content/Collections/' was aborted.
[2017.10.18-23.33.55:329][527]LogDirectoryWatcher: A directory notification for 'D:/ProjectProJammin/ProjectProJammin/Content/Developers/student/Collections/' was aborted.
[2017.10.18-23.33.55:329][527]LogDirectoryWatcher: A directory notification for 'D:/ProjectProJammin/ProjectProJammin/Saved/Collections/' was aborted.
[2017.10.18-23.33.55:329][527]LogModuleManager: Shutting down and abandoning module StatsViewer (510)
[2017.10.18-23.33.55:330][527]LogModuleManager: Shutting down and abandoning module FoliageEdit (508)
[2017.10.18-23.33.55:330][527]LogModuleManager: Shutting down and abandoning module LandscapeEditor (506)
[2017.10.18-23.33.55:332][527]LogModuleManager: Shutting down and abandoning module MeshPaintMode (504)
[2017.10.18-23.33.55:332][527]LogModuleManager: Shutting down and abandoning module SceneDepthPickerMode (502)
[2017.10.18-23.33.55:332][527]LogModuleManager: Shutting down and abandoning module ActorPickerMode (500)
[2017.10.18-23.33.55:332][527]LogModuleManager: Shutting down and abandoning module GeometryMode (498)
[2017.10.18-23.33.55:332][527]LogModuleManager: Shutting down and abandoning module TextureAlignMode (496)
[2017.10.18-23.33.55:332][527]LogModuleManager: Shutting down and abandoning module BspMode (494)
[2017.10.18-23.33.55:333][527]LogModuleManager: Shutting down and abandoning module HardwareSurvey (492)
[2017.10.18-23.33.55:333][527]LogModuleManager: Shutting down and abandoning module SequenceRecorderSections (490)
[2017.10.18-23.33.55:334][527]LogModuleManager: Shutting down and abandoning module AutomationWorker (488)
[2017.10.18-23.33.55:334][527]LogModuleManager: Shutting down and abandoning module MatineeToLevelSequence (486)
[2017.10.18-23.33.55:336][527]LogModuleManager: Shutting down and abandoning module LevelSequenceEditor (484)
[2017.10.18-23.33.55:340][527]LogModuleManager: Shutting down and abandoning module PlacementMode (483)
[2017.10.18-23.33.55:340][527]LogModuleManager: Shutting down and abandoning module WmfMediaFactory (480)
[2017.10.18-23.33.55:340][527]LogModuleManager: Shutting down and abandoning module WmfMediaEditor (478)
[2017.10.18-23.33.55:340][527]LogModuleManager: Shutting down and abandoning module AvfMediaFactory (476)
[2017.10.18-23.33.55:340][527]LogModuleManager: Shutting down and abandoning module AvfMediaEditor (474)
[2017.10.18-23.33.55:340][527]LogModuleManager: Shutting down and abandoning module AndroidMediaFactory (472)
[2017.10.18-23.33.55:340][527]LogModuleManager: Shutting down and abandoning module Media (471)
[2017.10.18-23.33.55:340][527]LogModuleManager: Shutting down and abandoning module AndroidMediaEditor (468)
[2017.10.18-23.33.55:340][527]LogModuleManager: Shutting down and abandoning module CharacterAI (466)
[2017.10.18-23.33.55:340][527]LogModuleManager: Shutting down and abandoning module AudioCapture (464)
[2017.10.18-23.33.55:342][527]LogModuleManager: Shutting down and abandoning module SequenceRecorder (463)
[2017.10.18-23.33.55:343][527]LogModuleManager: Shutting down and abandoning module SmartSnapping (460)
[2017.10.18-23.33.55:343][527]LogModuleManager: Shutting down and abandoning module SessionServices (458)
[2017.10.18-23.33.55:343][527]LogModuleManager: Shutting down and abandoning module ViewportSnapping (456)
[2017.10.18-23.33.55:343][527]LogModuleManager: Shutting down and abandoning module ViewportInteraction (454)
[2017.10.18-23.33.55:343][527]LogModuleManager: Shutting down and abandoning module ClothPainter (452)
[2017.10.18-23.33.55:348][527]LogModuleManager: Shutting down and abandoning module LogVisualizer (450)
[2017.10.18-23.33.55:350][527]LogModuleManager: Shutting down and abandoning module IntroTutorials (448)
[2017.10.18-23.33.55:351][527]LogModuleManager: Shutting down and abandoning module GameProjectGeneration (447)
[2017.10.18-23.33.55:353][527]LogModuleManager: Shutting down and abandoning module EditorLiveStreaming (444)
[2017.10.18-23.33.55:353][527]LogModuleManager: Shutting down and abandoning module IOSPlatformEditor (442)
[2017.10.18-23.33.55:353][527]LogModuleManager: Shutting down and abandoning module HTML5PlatformEditor (440)
[2017.10.18-23.33.55:353][527]LogModuleManager: Shutting down and abandoning module AndroidPlatformEditor (438)
[2017.10.18-23.33.55:353][527]LogModuleManager: Shutting down and abandoning module AndroidDeviceDetection (437)
[2017.10.18-23.33.56:057][527]LogModuleManager: Shutting down and abandoning module IOSRuntimeSettings (434)
[2017.10.18-23.33.56:057][527]LogModuleManager: Shutting down and abandoning module AndroidRuntimeSettings (432)
[2017.10.18-23.33.56:057][527]LogModuleManager: Shutting down and abandoning module InputBindingEditor (430)
[2017.10.18-23.33.56:058][527]LogModuleManager: Shutting down and abandoning module MergeActors (428)
[2017.10.18-23.33.56:059][527]LogModuleManager: Shutting down and abandoning module SizeMap (426)
[2017.10.18-23.33.56:059][527]LogModuleManager: Shutting down and abandoning module TreeMap (424)
[2017.10.18-23.33.56:059][527]LogModuleManager: Shutting down and abandoning module ReferenceViewer (422)
[2017.10.18-23.33.56:060][527]LogModuleManager: Shutting down and abandoning module LocalizationDashboard (420)
[2017.10.18-23.33.56:061][527]LogModuleManager: Shutting down and abandoning module LocalizationService (419)
[2017.10.18-23.33.56:062][527]LogModuleManager: Shutting down and abandoning module HardwareTargeting (416)
[2017.10.18-23.33.56:062][527]LogModuleManager: Shutting down and abandoning module DeviceProfileEditor (414)
[2017.10.18-23.33.56:063][527]LogModuleManager: Shutting down and abandoning module UndoHistory (412)
[2017.10.18-23.33.56:063][527]LogModuleManager: Shutting down and abandoning module UserFeedback (410)
[2017.10.18-23.33.56:063][527]LogModuleManager: Shutting down and abandoning module XmlParser (408)
[2017.10.18-23.33.56:064][527]LogModuleManager: Shutting down and abandoning module Blutility (406)
[2017.10.18-23.33.56:064][527]LogModuleManager: Shutting down and abandoning module ProjectSettingsViewer (404)
[2017.10.18-23.33.56:065][527]LogModuleManager: Shutting down and abandoning module ProjectTargetPlatformEditor (403)
[2017.10.18-23.33.56:065][527]LogModuleManager: Shutting down and abandoning module EditorSettingsViewer (400)
[2017.10.18-23.33.56:065][527]LogModuleManager: Shutting down and abandoning module SettingsEditor (398)
[2017.10.18-23.33.56:065][527]LogModuleManager: Shutting down and abandoning module ProjectLauncher (396)
[2017.10.18-23.33.56:066][527]LogModuleManager: Shutting down and abandoning module SessionFrontend (394)
[2017.10.18-23.33.56:067][527]LogModuleManager: Shutting down and abandoning module ProfilerClient (392)
[2017.10.18-23.33.56:069][527]LogModuleManager: Shutting down and abandoning module DeviceManager (390)
[2017.10.18-23.33.56:070][527]LogModuleManager: Shutting down and abandoning module TargetDeviceServices (389)
[2017.10.18-23.33.56:120][527]LogModuleManager: Shutting down and abandoning module AutomationController (386)
[2017.10.18-23.33.56:121][527]LogModuleManager: Shutting down and abandoning module AutomationWindow (384)
[2017.10.18-23.33.56:124][527]LogModuleManager: Shutting down and abandoning module Layers (382)
[2017.10.18-23.33.56:127][527]LogModuleManager: Shutting down and abandoning module ComponentVisualizers (380)
[2017.10.18-23.33.56:127][527]LogModuleManager: Shutting down and abandoning module DetailCustomizations (378)
[2017.10.18-23.33.56:127][527]LogModuleManager: Shutting down and abandoning module PackagesDialog (376)
[2017.10.18-23.33.56:127][527]LogModuleManager: Shutting down and abandoning module Persona (374)
[2017.10.18-23.33.56:130][527]LogModuleManager: Shutting down and abandoning module AdvancedPreviewScene (373)
[2017.10.18-23.33.56:130][527]LogModuleManager: Shutting down and abandoning module AnimGraph (371)
[2017.10.18-23.33.56:130][527]LogModuleManager: Shutting down and abandoning module Kismet (368)
[2017.10.18-23.33.56:145][527]LogModuleManager: Shutting down and abandoning module ClassViewer (366)
[2017.10.18-23.33.56:145][527]LogModuleManager: Shutting down and abandoning module Toolbox (364)
[2017.10.18-23.33.56:146][527]LogModuleManager: Shutting down and abandoning module ModuleUI (362)
[2017.10.18-23.33.56:147][527]LogModuleManager: Shutting down and abandoning module MovieSceneTools (360)
[2017.10.18-23.33.56:149][527]LogModuleManager: Shutting down and abandoning module OutputLog (358)
[2017.10.18-23.33.56:150][527]LogModuleManager: Shutting down and abandoning module GammaUI (356)
[2017.10.18-23.33.56:150][527]LogModuleManager: Shutting down and abandoning module Documentation (354)
[2017.10.18-23.33.56:150][527]LogModuleManager: Shutting down and abandoning module MovieSceneTracks (352)
[2017.10.18-23.33.56:150][527]LogModuleManager: Shutting down and abandoning module MovieScene (350)
[2017.10.18-23.33.56:151][527]LogModuleManager: Shutting down and abandoning module Niagara (348)
[2017.10.18-23.33.56:151][527]LogModuleManager: Shutting down and abandoning module NiagaraEditor (347)
[2017.10.18-23.33.56:154][527]LogModuleManager: Shutting down and abandoning module StreamingPauseRendering (344)
[2017.10.18-23.33.56:155][527]LogModuleManager: Shutting down and abandoning module AnalyticsET (342)
[2017.10.18-23.33.56:155][527]LogModuleManager: Shutting down and abandoning module PortalServices (340)
[2017.10.18-23.33.56:155][527]LogModuleManager: Shutting down and abandoning module PortalRpc (338)
[2017.10.18-23.33.56:155][527]LogModuleManager: Shutting down and abandoning module MessagingRpc (336)
[2017.10.18-23.33.56:155][527]LogModuleManager: Shutting down and abandoning module AIModule (334)
[2017.10.18-23.33.56:155][527]LogModuleManager: Shutting down and abandoning module GameplayDebugger (333)
[2017.10.18-23.33.56:155][527]LogModuleManager: Shutting down and abandoning module AITestSuite (331)
[2017.10.18-23.33.56:155][527]LogModuleManager: Shutting down and abandoning module ProfilerService (328)
[2017.10.18-23.33.56:292][527]LogModuleManager: Shutting down and abandoning module TaskGraph (326)
[2017.10.18-23.33.56:293][527]LogModuleManager: Shutting down and abandoning module SteamVRController (324)
[2017.10.18-23.33.56:293][527]LogModuleManager: Shutting down and abandoning module SteamVR (322)
[2017.10.18-23.33.56:293][527]LogModuleManager: Shutting down and abandoning module ProceduralMeshComponentEditor (320)
[2017.10.18-23.33.56:294][527]LogModuleManager: Shutting down and abandoning module ProceduralMeshComponent (318)
[2017.10.18-23.33.56:295][527]LogModuleManager: Shutting down and abandoning module OculusLibrary (316)
[2017.10.18-23.33.56:295][527]LogModuleManager: Shutting down and abandoning module OculusInput (314)
[2017.10.18-23.33.56:295][527]LogModuleManager: Shutting down and abandoning module MobilePatchingUtils (312)
[2017.10.18-23.33.56:295][527]LogModuleManager: Shutting down and abandoning module CustomMeshComponent (310)
[2017.10.18-23.33.56:295][527]LogModuleManager: Shutting down and abandoning module CableComponent (308)
[2017.10.18-23.33.56:295][527]LogModuleManager: Shutting down and abandoning module ArchVisCharacter (306)
[2017.10.18-23.33.56:295][527]LogModuleManager: Shutting down and abandoning module AndroidPermission (304)
[2017.10.18-23.33.56:295][527]LogModuleManager: Shutting down and abandoning module MediaPlayerEditor (300)
[2017.10.18-23.33.56:298][527]LogModuleManager: Shutting down and abandoning module HTML5Networking (298)
[2017.10.18-23.33.56:298][527]LogModuleManager: Shutting down and abandoning module AlembicImporter (296)
[2017.10.18-23.33.56:299][527]LogModuleManager: Shutting down and abandoning module AlembicLibrary (295)
[2017.10.18-23.33.56:299][527]LogModuleManager: Shutting down and abandoning module GeometryCache (294)
[2017.10.18-23.33.56:299][527]LogModuleManager: Shutting down and abandoning module GeometryCacheEd (293)
[2017.10.18-23.33.56:299][527]LogModuleManager: Shutting down and abandoning module SuperSearchEditor (288)
[2017.10.18-23.33.56:299][527]LogModuleManager: Shutting down and abandoning module SuperSearch (287)
[2017.10.18-23.33.56:299][527]LogModuleManager: Shutting down and abandoning module SpeedTreeImporter (284)
[2017.10.18-23.33.56:299][527]LogModuleManager: Shutting down and abandoning module PluginBrowser (282)
[2017.10.18-23.33.56:301][527]LogModuleManager: Shutting down and abandoning module MobileLauncherProfileWizard (280)
[2017.10.18-23.33.56:303][527]LogModuleManager: Shutting down and abandoning module VisualStudioSourceCodeAccess (278)
[2017.10.18-23.33.56:303][527]LogModuleManager: Shutting down and abandoning module DesktopPlatform (277)
[2017.10.18-23.33.56:303][527]LogModuleManager: Shutting down and abandoning module UObjectPlugin (274)
[2017.10.18-23.33.56:303][527]LogModuleManager: Shutting down and abandoning module SubversionSourceControl (272)
[2017.10.18-23.33.56:304][527]LogModuleManager: Shutting down and abandoning module PerforceSourceControl (270)
[2017.10.18-23.33.56:305][527]LogModuleManager: Shutting down and abandoning module GitSourceControl (268)
[2017.10.18-23.33.56:307][527]LogModuleManager: Shutting down and abandoning module SourceControl (267)
[2017.10.18-23.33.56:307][527]LogModuleManager: Shutting down and abandoning module LightPropagationVolumeEditor (264)
[2017.10.18-23.33.56:307][527]LogModuleManager: Shutting down and abandoning module PaperTiledImporter (262)
[2017.10.18-23.33.56:307][527]LogModuleManager: Shutting down and abandoning module PaperSpriteSheetImporter (260)
[2017.10.18-23.33.56:307][527]LogModuleManager: Shutting down and abandoning module Paper2DEditor (258)
[2017.10.18-23.33.56:308][527]LogModuleManager: Shutting down and abandoning module MeshPaint (257)
[2017.10.18-23.33.56:309][527]LogModuleManager: Shutting down and abandoning module LevelEditor (255)
[2017.10.18-23.33.56:311][527]LogModuleManager: Shutting down and abandoning module PixelInspectorModule (254)
[2017.10.18-23.33.56:312][527]LogModuleManager: Shutting down and abandoning module MainFrame (252)
[2017.10.18-23.33.56:313][527]LogModuleManager: Shutting down and abandoning module HotReload (251)
[2017.10.18-23.33.56:314][527]LogModuleManager: Shutting down and abandoning module PhysXVehiclesEditor (246)
[2017.10.18-23.33.56:315][527]LogModuleManager: Shutting down and abandoning module PhysXVehicles (244)
[2017.10.18-23.33.56:315][527]LogModuleManager: Shutting down and abandoning module LocationServicesBPLibrary (242)
[2017.10.18-23.33.56:315][527]LogModuleManager: Shutting down and abandoning module ImmediatePhysicsEditor (240)
[2017.10.18-23.33.56:315][527]LogModuleManager: Shutting down and abandoning module ImmediatePhysics (238)
[2017.10.18-23.33.56:316][527]LogModuleManager: Shutting down and abandoning module UdpMessaging (236)
[2017.10.18-23.33.56:416][527]LogModuleManager: Shutting down and abandoning module TcpMessaging (234)
[2017.10.18-23.33.56:516][527]LogModuleManager: Shutting down and abandoning module GameplayTagsEditor (232)
[2017.10.18-23.33.56:516][527]LogModuleManager: Shutting down and abandoning module FacialAnimationEditor (230)
[2017.10.18-23.33.56:516][527]LogModuleManager: Shutting down and abandoning module FacialAnimation (228)
[2017.10.18-23.33.56:516][527]LogModuleManager: Shutting down and abandoning module AssetManagerEditor (226)
[2017.10.18-23.33.56:520][527]LogModuleManager: Shutting down and abandoning module GraphEditor (225)
[2017.10.18-23.33.56:520][527]LogModuleManager: Shutting down and abandoning module ContentBrowser (223)
[2017.10.18-23.33.56:522][527]LogModuleManager: Shutting down and abandoning module LightPropagationVolumeRuntime (220)
[2017.10.18-23.33.56:522][527]LogModuleManager: Shutting down and abandoning module Paper2D (218)
[2017.10.18-23.33.56:522][527]LogModuleManager: Shutting down and abandoning module WindowsMoviePlayer (216)
[2017.10.18-23.33.56:523][527]LogModuleManager: Shutting down and abandoning module WmfMedia (214)
[2017.10.18-23.33.56:525][527]LogModuleManager: Shutting down and abandoning module ClothingSystemEditor (212)
[2017.10.18-23.33.56:525][527]LogModuleManager: Shutting down and abandoning module ClothingSystemRuntime (210)
[2017.10.18-23.33.56:527][527]LogModuleManager: Shutting down and abandoning module MediaAssets (208)
[2017.10.18-23.33.56:527][527]LogModuleManager: Shutting down and abandoning module GameLiveStreaming (206)
[2017.10.18-23.33.56:527][527]LogModuleManager: Shutting down and abandoning module VREditor (204)
[2017.10.18-23.33.56:527][527]LogModuleManager: Shutting down and abandoning module StringTableEditor (202)
[2017.10.18-23.33.56:529][527]LogModuleManager: Shutting down and abandoning module GameplayTasksEditor (200)
[2017.10.18-23.33.56:529][527]LogModuleManager: Shutting down and abandoning module BehaviorTreeEditor (198)
[2017.10.18-23.33.56:533][527]LogModuleManager: Shutting down and abandoning module FunctionalTesting (196)
[2017.10.18-23.33.56:533][527]LogModuleManager: Shutting down and abandoning module CollisionAnalyzer (194)
[2017.10.18-23.33.56:534][527]LogModuleManager: Shutting down and abandoning module UMG (192)
[2017.10.18-23.33.56:534][527]LogModuleManager: Shutting down and abandoning module UMGEditor (191)
[2017.10.18-23.33.56:537][527]LogModuleManager: Shutting down and abandoning module Sequencer (190)
[2017.10.18-23.33.56:539][527]LogModuleManager: Shutting down and abandoning module AssetTools (188)
[2017.10.18-23.33.56:546][527]LogModuleManager: Shutting down and abandoning module MessageLog (187)
[2017.10.18-23.33.56:546][527]LogModuleManager: Shutting down and abandoning module WorkspaceMenuStructure (186)
[2017.10.18-23.33.56:546][527]LogModuleManager: Shutting down and abandoning module SlateReflector (180)
[2017.10.18-23.33.56:550][527]LogModuleManager: Shutting down and abandoning module Slate (178)
[2017.10.18-23.33.56:550][527]LogModuleManager: Shutting down and abandoning module EditorStyle (176)
[2017.10.18-23.33.56:555][527]LogModuleManager: Shutting down and abandoning module SourceCodeAccess (174)
[2017.10.18-23.33.56:555][527]LogModuleManager: Shutting down and abandoning module HeadMountedDisplay (172)
[2017.10.18-23.33.56:555][527]LogModuleManager: Shutting down and abandoning module XAudio2 (170)
[2017.10.18-23.33.56:555][527]LogModuleManager: Shutting down and abandoning module Networking (168)
[2017.10.18-23.33.56:555][527]LogModuleManager: Shutting down and abandoning module Core (164)
[2017.10.18-23.33.56:555][527]LogModuleManager: Shutting down and abandoning module AssetRegistry (162)
[2017.10.18-23.33.56:629][527]LogDirectoryWatcher: A directory notification for '../../../Engine/Content/' was aborted.
[2017.10.18-23.33.56:629][527]LogDirectoryWatcher: A directory notification for 'D:/ProjectProJammin/ProjectProJammin/Content/' was aborted.
[2017.10.18-23.33.56:629][527]LogDirectoryWatcher: A directory notification for '../../../Engine/Plugins/2D/Paper2D/Content/' was aborted.
[2017.10.18-23.33.56:629][527]LogDirectoryWatcher: A directory notification for '../../../Engine/Plugins/Runtime/GearVR/Content/' was aborted.
[2017.10.18-23.33.56:632][527]LogModuleManager: Shutting down and abandoning module DirectoryWatcher (161)
[2017.10.18-23.33.56:633][527]LogModuleManager: Shutting down and abandoning module KismetCompiler (158)
[2017.10.18-23.33.56:633][527]LogModuleManager: Shutting down and abandoning module PhysXFormats (156)
[2017.10.18-23.33.56:633][527]LogModuleManager: Shutting down and abandoning module MeshUtilities (154)
[2017.10.18-23.33.56:635][527]LogModuleManager: Shutting down and abandoning module SimplygonSwarm (153)
[2017.10.18-23.33.56:636][527]LogModuleManager: Shutting down and abandoning module SimplygonMeshReduction (151)
[2017.10.18-23.33.56:636][527]LogModuleManager: Shutting down and abandoning module QuadricMeshReduction (149)
[2017.10.18-23.33.56:636][527]LogModuleManager: Shutting down and abandoning module LevelSequence (146)
[2017.10.18-23.33.56:636][527]LogModuleManager: Shutting down and abandoning module DerivedDataCache (144)
[2017.10.18-23.33.56:670][527]LogDerivedDataCache: Shutdown
[2017.10.18-23.33.56:670][527]LogModuleManager: Shutting down and abandoning module TargetPlatform (142)
[2017.10.18-23.33.56:670][527]LogModuleManager: Shutting down and abandoning module VulkanShaderFormat (141)
[2017.10.18-23.33.56:671][527]LogModuleManager: Shutting down and abandoning module ShaderFormatVectorVM (139)
[2017.10.18-23.33.56:673][527]LogModuleManager: Shutting down and abandoning module ShaderFormatOpenGL (137)
[2017.10.18-23.33.56:674][527]LogModuleManager: Shutting down and abandoning module ShaderFormatD3D (135)
[2017.10.18-23.33.56:675][527]LogModuleManager: Shutting down and abandoning module MetalShaderFormat (133)
[2017.10.18-23.33.56:676][527]LogModuleManager: Shutting down and abandoning module TextureFormatUncompressed (131)
[2017.10.18-23.33.56:676][527]LogModuleManager: Shutting down and abandoning module TextureFormatPVR (129)
[2017.10.18-23.33.56:676][527]LogModuleManager: Shutting down and abandoning module TextureFormatDXT (127)
[2017.10.18-23.33.56:676][527]LogModuleManager: Shutting down and abandoning module TextureFormatIntelISPCTexComp (125)
[2017.10.18-23.33.56:677][527]LogModuleManager: Shutting down and abandoning module TextureFormatASTC (123)
[2017.10.18-23.33.56:677][527]LogModuleManager: Shutting down and abandoning module ImageWrapper (122)
[2017.10.18-23.33.56:677][527]LogModuleManager: Shutting down and abandoning module TextureFormatAndroid (119)
[2017.10.18-23.33.56:677][527]LogModuleManager: Shutting down and abandoning module AudioFormatOpus (117)
[2017.10.18-23.33.56:677][527]LogModuleManager: Shutting down and abandoning module AudioFormatOgg (115)
[2017.10.18-23.33.56:677][527]LogModuleManager: Shutting down and abandoning module AudioFormatADPCM (113)
[2017.10.18-23.33.56:677][527]LogModuleManager: Shutting down and abandoning module LinuxTargetPlatform (111)
[2017.10.18-23.33.56:677][527]LogModuleManager: Shutting down and abandoning module LinuxServerTargetPlatform (109)
[2017.10.18-23.33.56:677][527]LogModuleManager: Shutting down and abandoning module LinuxNoEditorTargetPlatform (107)
[2017.10.18-23.33.56:677][527]LogModuleManager: Shutting down and abandoning module LinuxClientTargetPlatform (105)
[2017.10.18-23.33.56:677][527]LogModuleManager: Shutting down and abandoning module TVOSTargetPlatform (103)
[2017.10.18-23.33.56:677][527]LogModuleManager: Shutting down and abandoning module Messaging (101)
[2017.10.18-23.33.56:677][527]LogModuleManager: Shutting down and abandoning module IOSTargetPlatform (99)
[2017.10.18-23.33.56:677][527]LogModuleManager: Shutting down and abandoning module HTML5TargetPlatform (97)
[2017.10.18-23.33.56:677][527]LogModuleManager: Shutting down and abandoning module Android_PVRTCTargetPlatform (95)
[2017.10.18-23.33.56:678][527]LogModuleManager: Shutting down and abandoning module Android_MultiTargetPlatform (93)
[2017.10.18-23.33.56:678][527]LogModuleManager: Shutting down and abandoning module Android_ETC2TargetPlatform (91)
[2017.10.18-23.33.56:678][527]LogModuleManager: Shutting down and abandoning module Android_ETC1TargetPlatform (89)
[2017.10.18-23.33.56:679][527]LogModuleManager: Shutting down and abandoning module Android_DXTTargetPlatform (87)
[2017.10.18-23.33.56:679][527]LogModuleManager: Shutting down and abandoning module Android_ATCTargetPlatform (85)
[2017.10.18-23.33.56:680][527]LogModuleManager: Shutting down and abandoning module Android_ASTCTargetPlatform (83)
[2017.10.18-23.33.56:680][527]LogModuleManager: Shutting down and abandoning module AndroidTargetPlatform (81)
[2017.10.18-23.33.56:680][527]LogModuleManager: Shutting down and abandoning module WindowsTargetPlatform (79)
[2017.10.18-23.33.56:681][527]LogModuleManager: Shutting down and abandoning module WindowsServerTargetPlatform (77)
[2017.10.18-23.33.56:681][527]LogModuleManager: Shutting down and abandoning module WindowsNoEditorTargetPlatform (75)
[2017.10.18-23.33.56:681][527]LogModuleManager: Shutting down and abandoning module WindowsClientTargetPlatform (73)
[2017.10.18-23.33.56:681][527]LogModuleManager: Shutting down and abandoning module MacTargetPlatform (71)
[2017.10.18-23.33.56:681][527]LogModuleManager: Shutting down and abandoning module MacServerTargetPlatform (69)
[2017.10.18-23.33.56:681][527]LogModuleManager: Shutting down and abandoning module MacNoEditorTargetPlatform (67)
[2017.10.18-23.33.56:681][527]LogModuleManager: Shutting down and abandoning module MacClientTargetPlatform (65)
[2017.10.18-23.33.56:681][527]LogModuleManager: Shutting down and abandoning module AllDesktopTargetPlatform (63)
[2017.10.18-23.33.56:681][527]LogModuleManager: Shutting down and abandoning module InputCore (60)
[2017.10.18-23.33.56:681][527]LogModuleManager: Shutting down and abandoning module Settings (58)
[2017.10.18-23.33.56:681][527]LogModuleManager: Shutting down and abandoning module OculusRift (56)
[2017.10.18-23.33.56:681][527]LogModuleManager: Shutting down and abandoning module GearVRController (54)
[2017.10.18-23.33.56:681][527]LogModuleManager: Shutting down and abandoning module GearVR (52)
[2017.10.18-23.33.56:682][527]LogModuleManager: Shutting down and abandoning module ExampleDeviceProfileSelector (50)
[2017.10.18-23.33.56:682][527]LogModuleManager: Shutting down and abandoning module OnlineBlueprintSupport (48)
[2017.10.18-23.33.56:683][527]LogModuleManager: Shutting down and abandoning module OnlineSubsystem (44)
[2017.10.18-23.33.56:683][527]LogOnline:Display: Unloading online subsystem: NULL
[2017.10.18-23.33.56:685][527]LogModuleManager: Shutting down and abandoning module XMPP (43)
[2017.10.18-23.33.56:687][527]LogModuleManager: Shutting down and abandoning module HTTP (41)
[2017.10.18-23.33.56:687][527]LogHttp:Display: Http module shutting down, but needs to wait on 1 outstanding Http requests:
[2017.10.18-23.33.56:688][527]LogHttp:Display: 	verb=[POST] url=[https://datarouter.ol.epicgames.com/datarouter/api/v1/public/data?SessionID=%7B76B9CB75-4FBA-4F96-5B99-6BA87EC322CC%7D&AppID=UEEditor.Rocket.Release&AppVersion=4.16.1-3466753%2B%2B%2BUE4%2BRelease-4.16&UserID=1151f1be43a692b902ed169b396b4e98%7C875328e344b1488c9dc3e9d6a28e7621%7C0d795e83-8b02-4b75-a048-1a5d25071ed2&AppEnvironment=datacollector-binary&UploadType=eteventstream] status=Processing
[2017.10.18-23.33.56:718][527]LogModuleManager: Shutting down and abandoning module SSL (40)
[2017.10.18-23.33.56:724][527]LogModuleManager: Shutting down and abandoning module HTTPChunkInstaller (36)
[2017.10.18-23.33.56:727][527]LogModuleManager: Shutting down and abandoning module AnimationModifiers (34)
[2017.10.18-23.33.56:728][527]LogModuleManager: Shutting down and abandoning module PropertyEditor (33)
[2017.10.18-23.33.56:728][527]LogModuleManager: Shutting down and abandoning module AudioEditor (30)
[2017.10.18-23.33.56:730][527]LogModuleManager: Shutting down and abandoning module TextureCompressor (28)
[2017.10.18-23.33.56:730][527]LogModuleManager: Shutting down and abandoning module ShaderCore (26)
[2017.10.18-23.33.56:730][527]LogModuleManager: Shutting down and abandoning module Landscape (24)
[2017.10.18-23.33.56:730][527]LogModuleManager: Shutting down and abandoning module SlateRHIRenderer (22)
[2017.10.18-23.33.56:734][527]LogModuleManager: Shutting down and abandoning module OpenGLDrv (20)
[2017.10.18-23.33.56:736][527]LogModuleManager: Shutting down and abandoning module D3D11RHI (18)
[2017.10.18-23.33.56:736][527]LogModuleManager: Shutting down and abandoning module AnimGraphRuntime (16)
[2017.10.18-23.33.56:736][527]LogModuleManager: Shutting down and abandoning module Renderer (14)
[2017.10.18-23.33.56:736][527]LogModuleManager: Shutting down and abandoning module Engine (12)
[2017.10.18-23.33.56:736][527]LogModuleManager: Shutting down and abandoning module CoreUObject (10)
[2017.10.18-23.33.56:736][527]LogModuleManager: Shutting down and abandoning module NetworkFile (8)
[2017.10.18-23.33.56:737][527]LogModuleManager: Shutting down and abandoning module StreamingFile (6)
[2017.10.18-23.33.56:738][527]LogModuleManager: Shutting down and abandoning module SandboxFile (4)
[2017.10.18-23.33.56:738][527]LogModuleManager: Shutting down and abandoning module PakFile (2)
[2017.10.18-23.33.56:742][527]LogExit: Exiting.
[2017.10.18-23.33.56:768][527]Log file closed, 10/18/17 18:33:56
