Log file open, 10/18/17 18:34:57
LogInit:Display: Running engine for game: ProjectProJammin
LogPlatformFile: Not using cached read wrapper
LogInit:Display: RandInit(-1585140132) SRandInit(-1585140132).
LogTaskGraph: Started task graph with 5 named threads and 10 total threads with 1 sets of task threads.
LogStats: Stats thread started at 0.115106
LogInit: Using libcurl 7.47.1
LogInit:  - built for x86_64-pc-win32
LogInit:  - supports SSL with OpenSSL/1.0.2g
LogInit:  - supports HTTP deflate (compression) using libz 1.2.8
LogInit:  - other features:
LogInit:      CURL_VERSION_SSL
LogInit:      CURL_VERSION_LIBZ
LogInit:      CURL_VERSION_IPV6
LogInit:      CURL_VERSION_ASYNCHDNS
LogInit:      CURL_VERSION_LARGEFILE
LogInit:      CURL_VERSION_IDN
LogInit:  CurlRequestOptions (configurable via config and command line):
LogInit:  - bVerifyPeer = false  - Libcurl will NOT verify peer certificate
LogInit:  - bUseHttpProxy = false  - Libcurl will NOT use HTTP proxy
LogInit:  - bDontReuseConnections = false  - Libcurl will reuse connections
LogInit:  - CertBundlePath = nullptr  - Libcurl will use whatever was configured at build time.
LogInit: Build: ++UE4+Release-4.16-CL-3466753
LogInit: Engine Version: 4.16.1-3466753+++UE4+Release-4.16
LogInit: Compatible Engine Version: 4.16.0-3452394+++UE4+Release-4.16
LogInit: Net CL: 3452394
LogDevObjectVersion: Number of dev versions registered: 16
LogDevObjectVersion:   Dev-Blueprints (B0D832E4-1F89-4F0D-ACCF-7EB736FD4AA2): 9
LogDevObjectVersion:   Dev-Build (E1C64328-A22C-4D53-A36C-8E866417BD8C): 0
LogDevObjectVersion:   Dev-Core (375EC13C-06E4-48FB-B500-84F0262A717E): 2
LogDevObjectVersion:   Dev-Editor (E4B068ED-F494-42E9-A231-DA0B2E46BB41): 17
LogDevObjectVersion:   Dev-Framework (CFFC743F-43B0-4480-9391-14DF171D2073): 23
LogDevObjectVersion:   Dev-Mobile (B02B49B5-BB20-44E9-A304-32B752E40360): 0
LogDevObjectVersion:   Dev-Networking (A4E4105C-59A1-49B5-A7C5-40C4547EDFEE): 0
LogDevObjectVersion:   Dev-Online (39C831C9-5AE6-47DC-9A44-9C173E1C8E7C): 0
LogDevObjectVersion:   Dev-Physics (78F01B33-EBEA-4F98-B9B4-84EACCB95AA2): 0
LogDevObjectVersion:   Dev-Platform (6631380F-2D4D-43E0-8009-CF276956A95A): 0
LogDevObjectVersion:   Dev-Rendering (12F88B9F-8875-4AFC-A67C-D90C383ABD29): 15
LogDevObjectVersion:   Dev-Sequencer (7B5AE74C-D270-4C10-A958-57980B212A5A): 4
LogDevObjectVersion:   Dev-VR (D7296918-1DD6-4BDD-9DE2-64A83CC13884): 0
LogDevObjectVersion:   Dev-LoadTimes (C2A15278-BFE7-4AFE-6C17-90FF531DF755): 1
LogDevObjectVersion:   Private-Geometry (6EACA3D4-40EC-4CC1-B786-8BED09428FC5): 1
LogDevObjectVersion:   Dev-AnimPhys (29E575DD-E0A3-4627-9D10-D276232CDCEA): 3
LogInit: Compiled (64-bit): May 31 2017 02:03:30
LogInit: Compiled with Visual C++: 19.00.24215.01
LogInit: Build Configuration: Development
LogInit: Branch Name: ++UE4+Release-4.16
LogInit: Command line: -EpicPortal 
LogInit: Base directory: C:/Program Files/Epic Games/UE_4.16/Engine/Binaries/Win64/
LogInit: Installed Engine Build: 1
LogInit: Presizing for max 8388607 objects, including 0 objects not considered by GC, pre-allocating 0 bytes for permanent pool.
LogInit: Object subsystem initialized
[2017.10.18-23.34.58:356][  0]LogInit: Selected Device Profile: [Windows]
[2017.10.18-23.34.58:356][  0]LogInit: Applying CVar settings loaded from the selected device profile: [Windows]
[2017.10.18-23.34.58:400][  0]LogInit: Computer: T250-9
[2017.10.18-23.34.58:400][  0]LogInit: User: student
[2017.10.18-23.34.58:400][  0]LogInit: CPU Page size=4096, Cores=6
[2017.10.18-23.34.58:400][  0]LogInit: High frequency timer resolution =3.312675 MHz
[2017.10.18-23.34.58:401][  0]LogMemory: Memory total: Physical=31.9GB (32GB approx)
[2017.10.18-23.34.58:401][  0]LogMemory: Platform Memory Stats for Windows
[2017.10.18-23.34.58:401][  0]LogMemory: Process Physical Memory: 276.86 MB used, 276.86 MB peak
[2017.10.18-23.34.58:401][  0]LogMemory: Process Virtual Memory: 271.01 MB used, 271.01 MB peak
[2017.10.18-23.34.58:401][  0]LogMemory: Physical Memory: 5325.84 MB used,  27332.16 MB free, 32658.01 MB total
[2017.10.18-23.34.58:401][  0]LogMemory: Virtual Memory: 631.18 MB used,  27332.16 MB free, 8388608.00 MB total
[2017.10.18-23.34.58:515][  0]LogInit: Using OS detected language (en-US).
[2017.10.18-23.34.58:515][  0]LogInit: Using OS detected locale (en-US).
[2017.10.18-23.34.58:518][  0]LogTextLocalizationManager: No specific localization for 'en-US' exists, so the 'en' localization will be used.
[2017.10.18-23.34.59:386][  0]LogD3D11RHI: D3D11 adapters:
[2017.10.18-23.34.59:404][  0]LogD3D11RHI:    0. 'NVIDIA GeForce GTX 1070' (Feature Level 11_0)
[2017.10.18-23.34.59:404][  0]LogD3D11RHI:       8085/0/16073 MB DedicatedVideo/DedicatedSystem/SharedSystem, Outputs:1, VendorId:0x10de
[2017.10.18-23.34.59:404][  0]LogD3D11RHI: Chosen D3D11 Adapter: 0
[2017.10.18-23.34.59:408][  0]LogD3D11RHI: Creating new Direct3DDevice
[2017.10.18-23.34.59:408][  0]LogD3D11RHI:     GPU DeviceId: 0x1b81 (for the marketing name, search the web for "GPU Device Id")
[2017.10.18-23.34.59:408][  0]LogWindows: EnumDisplayDevices:
[2017.10.18-23.34.59:408][  0]LogWindows:    0. 'NVIDIA GeForce GTX 1070' (P:1 D:1)
[2017.10.18-23.34.59:408][  0]LogWindows:    1. 'NVIDIA GeForce GTX 1070' (P:0 D:0)
[2017.10.18-23.34.59:408][  0]LogWindows:    2. 'NVIDIA GeForce GTX 1070' (P:0 D:0)
[2017.10.18-23.34.59:409][  0]LogWindows:    3. 'NVIDIA GeForce GTX 1070' (P:0 D:0)
[2017.10.18-23.34.59:409][  0]LogWindows:    4. 'RDPDD Chained DD' (P:0 D:0)
[2017.10.18-23.34.59:409][  0]LogWindows:    5. 'RDP Encoder Mirror Driver' (P:0 D:0)
[2017.10.18-23.34.59:409][  0]LogWindows:    6. 'RDP Reflector Display Driver' (P:0 D:0)
[2017.10.18-23.34.59:409][  0]LogWindows: DebugString: GetVideoDriverDetailsInvalid PrimaryIsNotTheChoosenAdapter GetVideoDriverDetailsInvalid PrimaryIsNotTheChoosenAdapter GetVideoDriverDetailsInvalid PrimaryIsNotTheChoosenAdapter FoundDriverCount:4 
[2017.10.18-23.34.59:409][  0]LogD3D11RHI:     Adapter Name: NVIDIA GeForce GTX 1070
[2017.10.18-23.34.59:409][  0]LogD3D11RHI:   Driver Version: 382.33 (internal:22.21.13.8233, unified:382.33)
[2017.10.18-23.34.59:409][  0]LogD3D11RHI:      Driver Date: 5-17-2017
[2017.10.18-23.34.59:409][  0]LogRHI: Texture pool is 1361 MB (70% of 1945 MB)
[2017.10.18-23.34.59:417][  0]LogD3D11RHI: Async texture creation enabled
[2017.10.18-23.34.59:432][  0]LogD3D11RHI: GPU Timing Frequency: 1000.000000 (Debug: 2 2)
[2017.10.18-23.34.59:482][  0]LogShaderCompilers: Guid format shader working directory is 12 characters bigger than the processId version (D:/ProjectProJammin/ProjectProJammin/Intermediate/Shaders/WorkingDirectory/8456/).
[2017.10.18-23.34.59:482][  0]LogShaderCompilers: Cleaned the shader compiler working directory 'C:/Users/student/AppData/Local/Temp/UnrealShaderWorkingDir/55CFBFFD45DC3AF6F401E68674177BBC/'.
[2017.10.18-23.34.59:482][  0]LogShaderCompilers:Display: Using Local Shader Compiler.
[2017.10.18-23.35.00:500][  0]LogTemp:Display: Loaded TP AllDesktopTargetPlatform
[2017.10.18-23.35.00:535][  0]LogTemp:Display: Loaded TP MacClientTargetPlatform
[2017.10.18-23.35.00:570][  0]LogTemp:Display: Loaded TP MacNoEditorTargetPlatform
[2017.10.18-23.35.00:609][  0]LogTemp:Display: Loaded TP MacServerTargetPlatform
[2017.10.18-23.35.00:644][  0]LogTemp:Display: Loaded TP MacTargetPlatform
[2017.10.18-23.35.00:679][  0]LogTemp:Display: Loaded TP WindowsClientTargetPlatform
[2017.10.18-23.35.00:714][  0]LogTemp:Display: Loaded TP WindowsNoEditorTargetPlatform
[2017.10.18-23.35.00:749][  0]LogTemp:Display: Loaded TP WindowsServerTargetPlatform
[2017.10.18-23.35.00:792][  0]LogTemp:Display: Loaded TP WindowsTargetPlatform
[2017.10.18-23.35.00:848][  0]LogTemp:Display: Loaded TP AndroidTargetPlatform
[2017.10.18-23.35.00:886][  0]LogTemp:Display: Loaded TP Android_ASTCTargetPlatform
[2017.10.18-23.35.00:921][  0]LogTemp:Display: Loaded TP Android_ATCTargetPlatform
[2017.10.18-23.35.00:964][  0]LogTemp:Display: Loaded TP Android_DXTTargetPlatform
[2017.10.18-23.35.01:000][  0]LogTemp:Display: Loaded TP Android_ETC1TargetPlatform
[2017.10.18-23.35.01:033][  0]LogTemp:Display: Loaded TP Android_ETC2TargetPlatform
[2017.10.18-23.35.01:108][  0]LogTemp:Display: Loaded TP Android_MultiTargetPlatform
[2017.10.18-23.35.01:108][  0]LogTemp:Display: Loaded TP Android_PVRTCTargetPlatform
[2017.10.18-23.35.01:140][  0]LogTemp:Display: Loaded TP HTML5TargetPlatform
[2017.10.18-23.35.01:207][  0]LogTemp:Display: Loaded TP IOSTargetPlatform
[2017.10.18-23.35.01:227][  0]LogTemp:Display: Loaded TP TVOSTargetPlatform
[2017.10.18-23.35.01:268][  0]LogTemp:Display: Loaded TP LinuxClientTargetPlatform
[2017.10.18-23.35.01:302][  0]LogTemp:Display: Loaded TP LinuxNoEditorTargetPlatform
[2017.10.18-23.35.01:335][  0]LogTemp:Display: Loaded TP LinuxServerTargetPlatform
[2017.10.18-23.35.01:370][  0]LogTemp:Display: Loaded TP LinuxTargetPlatform
[2017.10.18-23.35.01:370][  0]LogTargetPlatformManager:Display: Building Assets For Windows
[2017.10.18-23.35.01:746][  0]LogDerivedDataCache:Display: Max Cache Size: 512 MB
[2017.10.18-23.35.01:839][  0]LogDerivedDataCache: Loaded boot cache 0.09s 90MB C:/Users/student/AppData/Local/UnrealEngine/4.16/DerivedDataCache/Boot.ddc.
[2017.10.18-23.35.01:839][  0]LogDerivedDataCache:Display: Loaded Boot cache: C:/Users/student/AppData/Local/UnrealEngine/4.16/DerivedDataCache/Boot.ddc
[2017.10.18-23.35.01:839][  0]LogDerivedDataCache: FDerivedDataBackendGraph:  Pak pak cache file D:/ProjectProJammin/ProjectProJammin/DerivedDataCache/DDC.ddp not found, will not use a pak cache.
[2017.10.18-23.35.01:839][  0]LogDerivedDataCache: Unable to find inner node Pak for hierarchical cache Hierarchy.
[2017.10.18-23.35.01:839][  0]LogDerivedDataCache: FDerivedDataBackendGraph:  CompressedPak pak cache file D:/ProjectProJammin/ProjectProJammin/DerivedDataCache/Compressed.ddp not found, will not use a pak cache.
[2017.10.18-23.35.01:839][  0]LogDerivedDataCache: Unable to find inner node CompressedPak for hierarchical cache Hierarchy.
[2017.10.18-23.35.01:854][  0]LogDerivedDataCache:Display: Pak cache opened for reading ../../../Engine/DerivedDataCache/Compressed.ddp.
[2017.10.18-23.35.01:865][  0]LogDerivedDataCache: Using Local data cache path C:/Users/student/AppData/Local/UnrealEngine/Common/DerivedDataCache: Writable
[2017.10.18-23.35.01:889][  0]LogMaterial: Verifying Global Shaders for PCD3D_SM5
[2017.10.18-23.35.01:889][  0]LogSlate: Using Freetype 2.6.0
[2017.10.18-23.35.01:890][  0]LogSlate: SlateFontCache - WITH_FREETYPE: 1, WITH_HARFBUZZ: 1
[2017.10.18-23.35.01:890][  0]LogSlate: SlateFontCache - WITH_FREETYPE: 1, WITH_HARFBUZZ: 1
[2017.10.18-23.35.02:302][  0]LogInit: Selected Device Profile: [Windows]
[2017.10.18-23.35.02:307][  0]LogContentStreaming: Texture pool size is 0.00 MB
[2017.10.18-23.35.02:645][  0]LogMeshUtilities: Using QuadricMeshReduction for automatic static mesh reduction
[2017.10.18-23.35.02:690][  0]LogSimplygon: Simplygon DLL not present - disabling.
[2017.10.18-23.35.02:734][  0]LogMeshUtilities: Using SimplygonSwarm for distributed automatic mesh merging
[2017.10.18-23.35.02:734][  0]LogMeshUtilities: No automatic skeletal mesh reduction module available
[2017.10.18-23.35.02:734][  0]LogMeshUtilities: No automatic mesh merging module available
[2017.10.18-23.35.03:472][  0]LogNetVersion: ProjectProJammin , NetCL: 3452394, EngineNetVer: 2, GameNetVer: 0 (Checksum: 1268146701)
[2017.10.18-23.35.03:552][  0]LogAssetRegistry: FAssetRegistry took 0.0246 seconds to start up
[2017.10.18-23.35.03:609][  0]LogPackageLocalizationCache: Processed 4 localized package path(s) for 2 prioritized culture(s) in 0.041223 seconds
[2017.10.18-23.35.03:614][  0]LogUObjectArray: 34194 objects as part of root set at end of initial load.
[2017.10.18-23.35.03:614][  0]LogUObjectAllocator: 7260424 out of 0 bytes used by permanent object pool.
[2017.10.18-23.35.03:614][  0]LogUObjectArray: CloseDisregardForGC: 0/0 objects in disregard for GC pool
[2017.10.18-23.35.03:654][  0]LogInit: WinSock: version 1.1 (2.2), MaxSocks=32767, MaxUdp=65467
[2017.10.18-23.35.05:923][  0]LogTcpMessaging: Initializing TcpMessaging bridge
[2017.10.18-23.35.05:963][  0]LogUdpMessaging: Initializing bridge on interface 0.0.0.0:0 to multicast group 230.0.0.1:6666.
[2017.10.18-23.35.06:503][  0]LogMaterial: Uniform references updated for custom material expression Custom.
[2017.10.18-23.35.06:873][  0]SourceControl: Info Source control is disabled
[2017.10.18-23.35.06:874][  0]SourceControl: Info Source control is disabled
[2017.10.18-23.35.06:924][  0]SourceControl: Info Source control is disabled
[2017.10.18-23.35.06:954][  0]SourceControl: Info Source control is disabled
[2017.10.18-23.35.07:544][  0]LogAndroidPermission: UAndroidPermissionCallbackProxy::GetInstance
[2017.10.18-23.35.08:064][  0]LogEngine: Initializing Engine...
[2017.10.18-23.35.08:065][  0]LogHMD: Failed to initialize OpenVR with code 110
[2017.10.18-23.35.08:375][  0]LogStats: UGameplayTagsManager::ConstructGameplayTagTree: Construct from data asset -  0.000 s
[2017.10.18-23.35.08:375][  0]LogStats: UGameplayTagsManager::ConstructGameplayTagTree: GameplayTagTreeChangedEvent.Broadcast -  0.000 s
[2017.10.18-23.35.08:474][  0]LogAIModule: Creating AISystem for world Untitled
[2017.10.18-23.35.08:491][  0]LogInit: XAudio2 using 'Speakers (Sound Blaster Recon3Di)' : 2 channels at 48 kHz using 32 bits per sample (channel mask 0x3)
[2017.10.18-23.35.08:528][  0]LogInit: FAudioDevice initialized.
[2017.10.18-23.35.08:599][  0]LogDerivedDataCache: Saved boot cache 0.07s 90MB C:/Users/student/AppData/Local/UnrealEngine/4.16/DerivedDataCache/Boot.ddc.
[2017.10.18-23.35.08:622][  0]LogInit: Texture streaming: Enabled
[2017.10.18-23.35.08:700][  0]LogEngineSessionManager: EngineSessionManager initialized
[2017.10.18-23.35.08:877][  0]LogInit: Transaction tracking system initialized
[2017.10.18-23.35.09:105][  0]BlueprintLog: New page: Editor Load
[2017.10.18-23.35.10:049][  0]LocalizationService: Info Localization service is disabled
[2017.10.18-23.35.10:685][  0]LogConsoleResponse:Display: 
[2017.10.18-23.35.10:868][  0]LogCook:Display: Max memory allowance for cook 16384mb min free memory 0mb
[2017.10.18-23.35.10:868][  0]LogCook:Display: Mobile HDR setting 1
[2017.10.18-23.35.10:958][  0]LogFileCache: Scanning file cache for directory 'D:/ProjectProJammin/ProjectProJammin/Content/' took 0.02s
[2017.10.18-23.35.11:677][  0]SourceControl: Info Source control is disabled
[2017.10.18-23.35.11:677][  0]Cmd: MAP LOAD FILE="D:/ProjectProJammin/ProjectProJammin/Content/FlyingBP/Maps/FlyingExampleMap.umap" TEMPLATE=0 SHOWPROGRESS=1 FEATURELEVEL=3
[2017.10.18-23.35.11:677][  0]LightingResults: New page: Lighting Build
[2017.10.18-23.35.11:705][  0]MapCheck: New page: Map Check
[2017.10.18-23.35.11:705][  0]LightingResults: New page: Lighting Build
[2017.10.18-23.35.11:991][  0]LogBlueprint:Warning: [Compiler FlyingPawn] Warning Input Axis Event references unknown Axis 'Thrust' for  InputAxis Thrust
[2017.10.18-23.35.11:994][  0]LogBlueprint:Warning: [Compiler FlyingPawn] Warning Input Axis Event references unknown Axis 'MoveUp' for  InputAxis MoveUp
[2017.10.18-23.35.12:004][  0]LogBlueprint:Warning: [Compiler FlyingPawn] Warning [0015.21] Compile of FlyingPawn successful, but with 2 Warning(s) [in 25 ms] (/Game/FlyingBP/Blueprints/FlyingPawn.FlyingPawn)
[2017.10.18-23.35.12:004][  0]LogBlueprint:Warning: [Compiler FlyingPawn] Warning [0015.21] Compile of FlyingPawn successful, but with 3 Warning(s) [in 0 ms] (/Game/FlyingBP/Blueprints/FlyingPawn.FlyingPawn)
[2017.10.18-23.35.12:004][  0]LogBlueprint:Warning: [Compiler FlyingPawn] Warning [0015.21] Compile of FlyingPawn successful, but with 4 Warning(s) [in 0 ms] (/Game/FlyingBP/Blueprints/FlyingPawn.FlyingPawn)
[2017.10.18-23.35.12:025][  0]LogBlueprint:Warning: [Compiler FlyingPawn] Warning Input Axis Event references unknown Axis 'Thrust' for  InputAxis Thrust
[2017.10.18-23.35.12:027][  0]LogBlueprint:Warning: [Compiler FlyingPawn] Warning Input Axis Event references unknown Axis 'MoveUp' for  InputAxis MoveUp
[2017.10.18-23.35.12:032][  0]LogBlueprint:Warning: [Compiler FlyingPawn] Warning [0015.24] Compile of FlyingPawn successful, but with 2 Warning(s) [in 14 ms] (/Game/FlyingBP/Blueprints/FlyingPawn.FlyingPawn)
[2017.10.18-23.35.12:032][  0]LogBlueprint:Warning: [Compiler FlyingPawn] Warning [0015.24] Compile of FlyingPawn successful, but with 3 Warning(s) [in 0 ms] (/Game/FlyingBP/Blueprints/FlyingPawn.FlyingPawn)
[2017.10.18-23.35.12:033][  0]LogBlueprint:Warning: [Compiler FlyingPawn] Warning [0015.24] Compile of FlyingPawn successful, but with 4 Warning(s) [in 0 ms] (/Game/FlyingBP/Blueprints/FlyingPawn.FlyingPawn)
[2017.10.18-23.35.12:535][  0]LogAIModule: Creating AISystem for world FlyingExampleMap
[2017.10.18-23.35.12:563][  0]LogEditorServer: Finished looking for orphan Actors (0.000 secs)
[2017.10.18-23.35.12:586][  0]Cmd: MAP CHECKDEP NOCLEARLOG
[2017.10.18-23.35.12:631][  0]MapCheck: Info Map check complete: 0 Error(s), 0 Warning(s), took 44.79ms to complete.
[2017.10.18-23.35.12:631][  0]LogFileHelpers: Loading map 'FlyingExampleMap' took 0.954
[2017.10.18-23.35.12:847][  0]LogCollectionManager: Loaded 0 collections in 0.001000 seconds
[2017.10.18-23.35.12:935][  0]LogFileCache: Scanning file cache for directory 'D:/ProjectProJammin/ProjectProJammin/Saved/Collections/' took 0.01s
[2017.10.18-23.35.12:935][  0]LogFileCache: Scanning file cache for directory 'D:/ProjectProJammin/ProjectProJammin/Content/Developers/student/Collections/' took 0.01s
[2017.10.18-23.35.12:935][  0]LogFileCache: Scanning file cache for directory 'D:/ProjectProJammin/ProjectProJammin/Content/Collections/' took 0.01s
[2017.10.18-23.35.12:935][  0]LogCollectionManager: Rebuilt the GUID cache for 0 collections in 0.000002 seconds
[2017.10.18-23.35.12:944][  0]LogContentBrowser: Native class hierarchy populated in 0.0084 seconds. Added 2329 classes and 491 folders.
[2017.10.18-23.35.12:993][  0]LogContentBrowser: Native class hierarchy updated for 'WidgetCarousel' in 0.0005 seconds. Added 0 classes and 0 folders.
[2017.10.18-23.35.13:664][  0]LogContentBrowser: Native class hierarchy updated for 'AddContentDialog' in 0.0014 seconds. Added 0 classes and 0 folders.
[2017.10.18-23.35.13:719][  0]LogContentBrowser: Native class hierarchy updated for 'SceneOutliner' in 0.0006 seconds. Added 1 classes and 2 folders.
[2017.10.18-23.35.13:778][  0]LogCrashTracker: Crashtracker disabled due to settings.
[2017.10.18-23.35.13:782][  0]LogSlate: Took 0.000205 seconds to synchronously load lazily loaded font '../../../Engine/Content/Slate/Fonts/Roboto-Regular.ttf' (155K)
[2017.10.18-23.35.13:784][  0]LogSlate: Took 0.000167 seconds to synchronously load lazily loaded font '../../../Engine/Content/Slate/Fonts/Roboto-Bold.ttf' (160K)
[2017.10.18-23.35.13:802][  0]LogSlate: Took 0.009103 seconds to synchronously load lazily loaded font '../../../Engine/Content/Editor/Slate/Fonts/FontAwesome.ttf' (139K)
[2017.10.18-23.35.13:991][  0]LogRenderer: Reallocating scene render targets to support 1616x576 NumSamples 1 (Frame:1).
[2017.10.18-23.35.14:306][  0]LogContentBrowser: Native class hierarchy updated for 'HierarchicalLODOutliner' in 0.0007 seconds. Added 1 classes and 2 folders.
[2017.10.18-23.35.14:306][  0]LogLoad: (Engine Initialization) Total time: 17.51 seconds
[2017.10.18-23.35.14:306][  0]LogLoad: (Engine Initialization) Total Blueprint compile time: 0.20 seconds
[2017.10.18-23.35.14:306][  0]LogExternalProfiler: Found external profiler: VSPerf
[2017.10.18-23.35.14:306][  0]LogExternalProfiler: Using external profiler: VSPerf
[2017.10.18-23.35.14:315][  0]LogOcInput: OculusInput pre-init called
[2017.10.18-23.35.14:315][  0]LogHMD: Starting GearVRController plugin
[2017.10.18-23.35.14:342][  0]LogAssetRegistry: Asset discovery search completed in 10.8101 seconds
[2017.10.18-23.35.14:343][  0]LogCollectionManager: Rebuilt the object cache for 0 collections in 0.000001 seconds (found 0 objects)
[2017.10.18-23.35.14:343][  0]LogCollectionManager: Fixed up redirectors for 0 collections in 0.000020 seconds (updated 0 objects)
[2017.10.18-23.35.14:347][  0]LogContentStreaming: Texture pool size now 1000 MB
[2017.10.18-23.35.14:402][  0]LogSlate: Took 0.000287 seconds to synchronously load lazily loaded font '../../../Engine/Content/Slate/Fonts/Roboto-Light.ttf' (159K)
[2017.10.18-23.35.14:414][  1]LogFileCache: Retrieving MD5 hashes for directory 'D:/ProjectProJammin/ProjectProJammin/Content/' took 0.09s
[2017.10.18-23.35.17:429][323]LogSlate: Took 0.000163 seconds to synchronously load lazily loaded font '../../../Engine/Content/Slate/Fonts/Roboto-Light.ttf' (159K)
[2017.10.18-23.35.17:935][323]LogSlate: Took 0.000206 seconds to synchronously load lazily loaded font '../../../Engine/Content/Slate/Fonts/Roboto-Regular.ttf' (155K)
[2017.10.18-23.35.18:024][323]LogContentBrowser: Native class hierarchy updated for 'BlueprintGraph' in 0.0009 seconds. Added 112 classes and 0 folders.
[2017.10.18-23.35.18:750][323]LogSlate: Took 0.000245 seconds to synchronously load lazily loaded font '../../../Engine/Content/Editor/Slate/Fonts/Roboto-BoldCondensed.ttf' (158K)
[2017.10.18-23.35.19:020][324]LogSlate: Took 0.000162 seconds to synchronously load lazily loaded font '../../../Engine/Content/Editor/Slate/Fonts/Roboto-Italic.ttf' (157K)
[2017.10.18-23.35.43:991][ 54]LogSlate: Only BGRA pngs, bmps or icos are supported in by External Image Picker
[2017.10.18-23.35.44:044][ 56]LogTemp: Executing iPhonePackager certificates Engine -bundlename com.YourCompany.ProjectProJammin
[2017.10.18-23.35.44:044][ 56]LogTemp: CWD: C:\Program Files\Epic Games\UE_4.16\Engine\Binaries\DotNET\IOS
[2017.10.18-23.35.44:044][ 56]LogTemp: Initial Dir: C:\Program Files\Epic Games\UE_4.16
[2017.10.18-23.35.44:044][ 56]LogTemp: Env CWD: C:\Program Files\Epic Games\UE_4.16\Engine\Binaries\DotNET\IOS
[2017.10.18-23.35.44:047][ 56]LogTemp: BranchPath = T250-9/C/Program Files/Epic Games/UE_4.16/Engine/Binaries --- GameBranchPath = T250-9/C/Program Files/Epic Games/UE_4.16/Engine/Binaries
[2017.10.18-23.35.44:058][ 56]LogTemp: IPP ERROR: Could not find provision directory 'C:\Users\student\AppData\Local/Apple Computer/MobileDevice/Provisioning Profiles/'.
[2017.10.18-23.43.25:885][853]LogSlate: Only BGRA pngs, bmps or icos are supported in by External Image Picker
[2017.10.18-23.43.25:938][855]LogTemp: Executing iPhonePackager certificates Engine -bundlename com.YourCompany.ProjectProJammin
[2017.10.18-23.43.25:938][855]LogTemp: CWD: C:\Program Files\Epic Games\UE_4.16\Engine\Binaries\DotNET\IOS
[2017.10.18-23.43.25:938][855]LogTemp: Initial Dir: C:\Program Files\Epic Games\UE_4.16
[2017.10.18-23.43.25:938][855]LogTemp: Env CWD: C:\Program Files\Epic Games\UE_4.16\Engine\Binaries\DotNET\IOS
[2017.10.18-23.43.25:938][855]LogTemp: BranchPath = T250-9/C/Program Files/Epic Games/UE_4.16/Engine/Binaries --- GameBranchPath = T250-9/C/Program Files/Epic Games/UE_4.16/Engine/Binaries
[2017.10.18-23.43.25:944][855]LogTemp: IPP ERROR: Could not find provision directory 'C:\Users\student\AppData\Local/Apple Computer/MobileDevice/Provisioning Profiles/'.
[2017.10.18-23.43.41:792][898]BlueprintLog: New page: Compile FlyingPawn
[2017.10.18-23.43.50:186][353]LogTemp: Repeting last play command: Selected Viewport
[2017.10.18-23.43.50:231][353]LogBlueprintUserMessages: Early PlayInEditor Detection: Level '/Game/FlyingBP/Maps/FlyingExampleMap.FlyingExampleMap:PersistentLevel' has LevelScriptBlueprint '/Game/FlyingBP/Maps/FlyingExampleMap.FlyingExampleMap:PersistentLevel.FlyingExampleMap' with GeneratedClass '/Game/FlyingBP/Maps/FlyingExampleMap.FlyingExampleMap_C' with ClassGeneratedBy '/Game/FlyingBP/Maps/FlyingExampleMap.FlyingExampleMap:PersistentLevel.FlyingExampleMap'
[2017.10.18-23.43.50:231][353]LogPlayLevel: PlayLevel: No blueprints needed recompiling
[2017.10.18-23.43.50:231][353]PIE: New page: PIE session: FlyingExampleMap (Oct 18, 2017, 1:43:50 PM)
[2017.10.18-23.43.50:231][353]LogPlayLevel: Creating play world package: /Game/FlyingBP/Maps/UEDPIE_0_FlyingExampleMap
[2017.10.18-23.43.50:256][353]LogPlayLevel: PIE: StaticDuplicateObject took: (0.024838s)
[2017.10.18-23.43.50:257][353]LogAIModule: Creating AISystem for world FlyingExampleMap
[2017.10.18-23.43.50:257][353]LogPlayLevel: PIE: World Init took: (0.000594s)
[2017.10.18-23.43.50:257][353]LogPlayLevel: PIE: Created PIE world by copying editor world from /Game/FlyingBP/Maps/FlyingExampleMap.FlyingExampleMap to /Game/FlyingBP/Maps/UEDPIE_0_FlyingExampleMap.FlyingExampleMap (0.025654s)
[2017.10.18-23.43.50:288][353]LogInit: XAudio2 using 'Speakers (Sound Blaster Recon3Di)' : 2 channels at 48 kHz using 32 bits per sample (channel mask 0x3)
[2017.10.18-23.43.50:295][353]LogInit: FAudioDevice initialized.
[2017.10.18-23.43.50:333][353]LogLoad: Game class is 'FlyingGameMode_C'
[2017.10.18-23.43.50:339][353]LogWorld: Bringing World /Game/FlyingBP/Maps/UEDPIE_0_FlyingExampleMap.FlyingExampleMap up for play (max tick rate 0) at 2017.10.18-18.43.50
[2017.10.18-23.43.50:340][353]LogWorld: Bringing up level for play took: 0.003965
[2017.10.18-23.43.50:368][353]LogContentBrowser: Native class hierarchy updated for 'MovieSceneCapture' in 0.0005 seconds. Added 11 classes and 0 folders.
[2017.10.18-23.43.50:369][353]PIE: Info Play in editor start time for /Game/FlyingBP/Maps/UEDPIE_0_FlyingExampleMap 0.462
[2017.10.18-23.43.50:369][353]LogBlueprintUserMessages: Late PlayInEditor Detection: Level '/Game/FlyingBP/Maps/FlyingExampleMap.FlyingExampleMap:PersistentLevel' has LevelScriptBlueprint '/Game/FlyingBP/Maps/FlyingExampleMap.FlyingExampleMap:PersistentLevel.FlyingExampleMap' with GeneratedClass '/Game/FlyingBP/Maps/FlyingExampleMap.FlyingExampleMap_C' with ClassGeneratedBy '/Game/FlyingBP/Maps/FlyingExampleMap.FlyingExampleMap:PersistentLevel.FlyingExampleMap'
[2017.10.18-23.43.54:366][685]LogBlueprintUserMessages: Early EndPlayMap Detection: Level '/Game/FlyingBP/Maps/FlyingExampleMap.FlyingExampleMap:PersistentLevel' has LevelScriptBlueprint '/Game/FlyingBP/Maps/FlyingExampleMap.FlyingExampleMap:PersistentLevel.FlyingExampleMap' with GeneratedClass '/Game/FlyingBP/Maps/FlyingExampleMap.FlyingExampleMap_C' with ClassGeneratedBy '/Game/FlyingBP/Maps/FlyingExampleMap.FlyingExampleMap:PersistentLevel.FlyingExampleMap'
[2017.10.18-23.43.54:407][685]LogBlueprintUserMessages: Late EndPlayMap Detection: Level '/Game/FlyingBP/Maps/FlyingExampleMap.FlyingExampleMap:PersistentLevel' has LevelScriptBlueprint '/Game/FlyingBP/Maps/FlyingExampleMap.FlyingExampleMap:PersistentLevel.FlyingExampleMap' with GeneratedClass '/Game/FlyingBP/Maps/FlyingExampleMap.FlyingExampleMap_C' with ClassGeneratedBy '/Game/FlyingBP/Maps/FlyingExampleMap.FlyingExampleMap:PersistentLevel.FlyingExampleMap'
[2017.10.18-23.45.58:761][169]LogSlate: Took 0.000176 seconds to synchronously load lazily loaded font '../../../Engine/Content/Slate/Fonts/Roboto-Light.ttf' (159K)
[2017.10.18-23.46.02:476][541]LogSlate: Took 0.000194 seconds to synchronously load lazily loaded font '../../../Engine/Content/Editor/Slate/Fonts/Roboto-BoldCondensedItalic.ttf' (160K)
[2017.10.18-23.46.08:103][ 94]LogSavePackage: Save=268.99ms
[2017.10.18-23.46.08:103][ 94]LogSavePackage: Moving 'D:/ProjectProJammin/ProjectProJammin/Saved/FlyingExampleMap_Auto11DE244BE4DE4637D0DC3B887E44BA502.tmp' to 'D:/ProjectProJammin/ProjectProJammin/Saved/Autosaves/Game/FlyingBP/Maps/FlyingExampleMap_Auto1.umap'
[2017.10.18-23.46.08:104][ 94]LogSavePackage:Display: Finished SavePackage D:/ProjectProJammin/ProjectProJammin/Saved/Autosaves/Game/FlyingBP/Maps/FlyingExampleMap_Auto1.umap
[2017.10.18-23.46.08:107][ 94]LogFileHelpers: Editor autosave (incl. sublevels) for '/Game/FlyingBP/Maps/FlyingExampleMap' took 0.315
[2017.10.18-23.46.08:107][ 94]LogFileHelpers: Editor autosave (incl. sublevels) for all levels took 0.315
[2017.10.18-23.46.08:109][ 94]OBJ SavePackage: Generating thumbnails for [1] asset(s) in package [/Game/FlyingBP/Blueprints/FlyingPawn] ([1] browsable assets)...
[2017.10.18-23.46.08:132][ 94]OBJ SavePackage:     Rendered thumbnail for [Blueprint /Game/FlyingBP/Blueprints/FlyingPawn.FlyingPawn]
[2017.10.18-23.46.08:132][ 94]OBJ SavePackage: Finished generating thumbnails for package [/Game/FlyingBP/Blueprints/FlyingPawn]
[2017.10.18-23.46.08:232][ 94]LogSavePackage: Save=91.66ms
[2017.10.18-23.46.08:232][ 94]LogSavePackage: Moving 'D:/ProjectProJammin/ProjectProJammin/Saved/FlyingPawn_Auto18B3C713C4A72BDFDE8C7D09159BDC128.tmp' to 'D:/ProjectProJammin/ProjectProJammin/Saved/Autosaves/Game/FlyingBP/Blueprints/FlyingPawn_Auto1.uasset'
[2017.10.18-23.46.08:232][ 94]LogSavePackage:Display: Finished SavePackage D:/ProjectProJammin/ProjectProJammin/Saved/Autosaves/Game/FlyingBP/Blueprints/FlyingPawn_Auto1.uasset
[2017.10.18-23.46.08:233][ 94]LogFileHelpers: Auto-saving content packages took 0.124
[2017.10.18-23.46.17:883][127]BlueprintLog: New page: Compile FlyingPawn
[2017.10.18-23.49.08:243][846]BlueprintLog: New page: Compile FlyingPawn
[2017.10.18-23.49.12:022][ 19]LogTemp: Repeting last play command: Selected Viewport
[2017.10.18-23.49.12:040][ 19]LogBlueprintUserMessages: Early PlayInEditor Detection: Level '/Game/FlyingBP/Maps/FlyingExampleMap.FlyingExampleMap:PersistentLevel' has LevelScriptBlueprint '/Game/FlyingBP/Maps/FlyingExampleMap.FlyingExampleMap:PersistentLevel.FlyingExampleMap' with GeneratedClass '/Game/FlyingBP/Maps/FlyingExampleMap.FlyingExampleMap_C' with ClassGeneratedBy '/Game/FlyingBP/Maps/FlyingExampleMap.FlyingExampleMap:PersistentLevel.FlyingExampleMap'
[2017.10.18-23.49.12:040][ 19]LogPlayLevel: PlayLevel: No blueprints needed recompiling
[2017.10.18-23.49.12:040][ 19]PIE: New page: PIE session: FlyingExampleMap (Oct 18, 2017, 1:49:12 PM)
[2017.10.18-23.49.12:040][ 19]LogPlayLevel: Creating play world package: /Game/FlyingBP/Maps/UEDPIE_0_FlyingExampleMap
[2017.10.18-23.49.12:065][ 19]LogPlayLevel: PIE: StaticDuplicateObject took: (0.024836s)
[2017.10.18-23.49.12:066][ 19]LogAIModule: Creating AISystem for world FlyingExampleMap
[2017.10.18-23.49.12:066][ 19]LogPlayLevel: PIE: World Init took: (0.000767s)
[2017.10.18-23.49.12:066][ 19]LogPlayLevel: PIE: Created PIE world by copying editor world from /Game/FlyingBP/Maps/FlyingExampleMap.FlyingExampleMap to /Game/FlyingBP/Maps/UEDPIE_0_FlyingExampleMap.FlyingExampleMap (0.025813s)
[2017.10.18-23.49.12:101][ 19]LogInit: XAudio2 using 'Speakers (Sound Blaster Recon3Di)' : 2 channels at 48 kHz using 32 bits per sample (channel mask 0x3)
[2017.10.18-23.49.12:110][ 19]LogInit: FAudioDevice initialized.
[2017.10.18-23.49.12:141][ 19]LogLoad: Game class is 'FlyingGameMode_C'
[2017.10.18-23.49.12:146][ 19]LogWorld: Bringing World /Game/FlyingBP/Maps/UEDPIE_0_FlyingExampleMap.FlyingExampleMap up for play (max tick rate 0) at 2017.10.18-18.49.12
[2017.10.18-23.49.12:146][ 19]LogWorld: Bringing up level for play took: 0.003944
[2017.10.18-23.49.12:148][ 19]PIE: Info Play in editor start time for /Game/FlyingBP/Maps/UEDPIE_0_FlyingExampleMap 0.237
[2017.10.18-23.49.12:148][ 19]LogBlueprintUserMessages: Late PlayInEditor Detection: Level '/Game/FlyingBP/Maps/FlyingExampleMap.FlyingExampleMap:PersistentLevel' has LevelScriptBlueprint '/Game/FlyingBP/Maps/FlyingExampleMap.FlyingExampleMap:PersistentLevel.FlyingExampleMap' with GeneratedClass '/Game/FlyingBP/Maps/FlyingExampleMap.FlyingExampleMap_C' with ClassGeneratedBy '/Game/FlyingBP/Maps/FlyingExampleMap.FlyingExampleMap:PersistentLevel.FlyingExampleMap'
[2017.10.18-23.49.21:098][896]LogBlueprintUserMessages: Early EndPlayMap Detection: Level '/Game/FlyingBP/Maps/FlyingExampleMap.FlyingExampleMap:PersistentLevel' has LevelScriptBlueprint '/Game/FlyingBP/Maps/FlyingExampleMap.FlyingExampleMap:PersistentLevel.FlyingExampleMap' with GeneratedClass '/Game/FlyingBP/Maps/FlyingExampleMap.FlyingExampleMap_C' with ClassGeneratedBy '/Game/FlyingBP/Maps/FlyingExampleMap.FlyingExampleMap:PersistentLevel.FlyingExampleMap'
[2017.10.18-23.49.21:144][896]LogBlueprintUserMessages: Late EndPlayMap Detection: Level '/Game/FlyingBP/Maps/FlyingExampleMap.FlyingExampleMap:PersistentLevel' has LevelScriptBlueprint '/Game/FlyingBP/Maps/FlyingExampleMap.FlyingExampleMap:PersistentLevel.FlyingExampleMap' with GeneratedClass '/Game/FlyingBP/Maps/FlyingExampleMap.FlyingExampleMap_C' with ClassGeneratedBy '/Game/FlyingBP/Maps/FlyingExampleMap.FlyingExampleMap:PersistentLevel.FlyingExampleMap'
[2017.10.18-23.49.21:685][933]LogTemp: Repeting last play command: Selected Viewport
[2017.10.18-23.49.21:702][933]LogBlueprintUserMessages: Early PlayInEditor Detection: Level '/Game/FlyingBP/Maps/FlyingExampleMap.FlyingExampleMap:PersistentLevel' has LevelScriptBlueprint '/Game/FlyingBP/Maps/FlyingExampleMap.FlyingExampleMap:PersistentLevel.FlyingExampleMap' with GeneratedClass '/Game/FlyingBP/Maps/FlyingExampleMap.FlyingExampleMap_C' with ClassGeneratedBy '/Game/FlyingBP/Maps/FlyingExampleMap.FlyingExampleMap:PersistentLevel.FlyingExampleMap'
[2017.10.18-23.49.21:702][933]LogPlayLevel: PlayLevel: No blueprints needed recompiling
[2017.10.18-23.49.21:702][933]PIE: New page: PIE session: FlyingExampleMap (Oct 18, 2017, 1:49:21 PM)
[2017.10.18-23.49.21:702][933]LogPlayLevel: Creating play world package: /Game/FlyingBP/Maps/UEDPIE_0_FlyingExampleMap
[2017.10.18-23.49.21:727][933]LogPlayLevel: PIE: StaticDuplicateObject took: (0.025074s)
[2017.10.18-23.49.21:728][933]LogAIModule: Creating AISystem for world FlyingExampleMap
[2017.10.18-23.49.21:728][933]LogPlayLevel: PIE: World Init took: (0.000586s)
[2017.10.18-23.49.21:728][933]LogPlayLevel: PIE: Created PIE world by copying editor world from /Game/FlyingBP/Maps/FlyingExampleMap.FlyingExampleMap to /Game/FlyingBP/Maps/UEDPIE_0_FlyingExampleMap.FlyingExampleMap (0.025868s)
[2017.10.18-23.49.21:759][933]LogInit: XAudio2 using 'Speakers (Sound Blaster Recon3Di)' : 2 channels at 48 kHz using 32 bits per sample (channel mask 0x3)
[2017.10.18-23.49.21:769][933]LogInit: FAudioDevice initialized.
[2017.10.18-23.49.21:800][933]LogLoad: Game class is 'FlyingGameMode_C'
[2017.10.18-23.49.21:805][933]LogWorld: Bringing World /Game/FlyingBP/Maps/UEDPIE_0_FlyingExampleMap.FlyingExampleMap up for play (max tick rate 0) at 2017.10.18-18.49.21
[2017.10.18-23.49.21:806][933]LogWorld: Bringing up level for play took: 0.004068
[2017.10.18-23.49.21:807][933]PIE: Info Play in editor start time for /Game/FlyingBP/Maps/UEDPIE_0_FlyingExampleMap -0.103
[2017.10.18-23.49.21:807][933]LogBlueprintUserMessages: Late PlayInEditor Detection: Level '/Game/FlyingBP/Maps/FlyingExampleMap.FlyingExampleMap:PersistentLevel' has LevelScriptBlueprint '/Game/FlyingBP/Maps/FlyingExampleMap.FlyingExampleMap:PersistentLevel.FlyingExampleMap' with GeneratedClass '/Game/FlyingBP/Maps/FlyingExampleMap.FlyingExampleMap_C' with ClassGeneratedBy '/Game/FlyingBP/Maps/FlyingExampleMap.FlyingExampleMap:PersistentLevel.FlyingExampleMap'
[2017.10.18-23.49.27:391][478]LogBlueprintUserMessages: Early EndPlayMap Detection: Level '/Game/FlyingBP/Maps/FlyingExampleMap.FlyingExampleMap:PersistentLevel' has LevelScriptBlueprint '/Game/FlyingBP/Maps/FlyingExampleMap.FlyingExampleMap:PersistentLevel.FlyingExampleMap' with GeneratedClass '/Game/FlyingBP/Maps/FlyingExampleMap.FlyingExampleMap_C' with ClassGeneratedBy '/Game/FlyingBP/Maps/FlyingExampleMap.FlyingExampleMap:PersistentLevel.FlyingExampleMap'
[2017.10.18-23.49.27:433][478]LogBlueprintUserMessages: Late EndPlayMap Detection: Level '/Game/FlyingBP/Maps/FlyingExampleMap.FlyingExampleMap:PersistentLevel' has LevelScriptBlueprint '/Game/FlyingBP/Maps/FlyingExampleMap.FlyingExampleMap:PersistentLevel.FlyingExampleMap' with GeneratedClass '/Game/FlyingBP/Maps/FlyingExampleMap.FlyingExampleMap_C' with ClassGeneratedBy '/Game/FlyingBP/Maps/FlyingExampleMap.FlyingExampleMap:PersistentLevel.FlyingExampleMap'
[2017.10.18-23.50.54:477][226]BlueprintLog: New page: Compile FlyingPawn
[2017.10.18-23.50.58:478][446]LogTemp: Repeting last play command: Selected Viewport
[2017.10.18-23.50.58:496][446]LogBlueprintUserMessages: Early PlayInEditor Detection: Level '/Game/FlyingBP/Maps/FlyingExampleMap.FlyingExampleMap:PersistentLevel' has LevelScriptBlueprint '/Game/FlyingBP/Maps/FlyingExampleMap.FlyingExampleMap:PersistentLevel.FlyingExampleMap' with GeneratedClass '/Game/FlyingBP/Maps/FlyingExampleMap.FlyingExampleMap_C' with ClassGeneratedBy '/Game/FlyingBP/Maps/FlyingExampleMap.FlyingExampleMap:PersistentLevel.FlyingExampleMap'
[2017.10.18-23.50.58:496][446]LogPlayLevel: PlayLevel: No blueprints needed recompiling
[2017.10.18-23.50.58:496][446]PIE: New page: PIE session: FlyingExampleMap (Oct 18, 2017, 1:50:58 PM)
[2017.10.18-23.50.58:496][446]LogPlayLevel: Creating play world package: /Game/FlyingBP/Maps/UEDPIE_0_FlyingExampleMap
[2017.10.18-23.50.58:523][446]LogPlayLevel: PIE: StaticDuplicateObject took: (0.026678s)
[2017.10.18-23.50.58:523][446]LogAIModule: Creating AISystem for world FlyingExampleMap
[2017.10.18-23.50.58:523][446]LogPlayLevel: PIE: World Init took: (0.000591s)
[2017.10.18-23.50.58:523][446]LogPlayLevel: PIE: Created PIE world by copying editor world from /Game/FlyingBP/Maps/FlyingExampleMap.FlyingExampleMap to /Game/FlyingBP/Maps/UEDPIE_0_FlyingExampleMap.FlyingExampleMap (0.027483s)
[2017.10.18-23.50.58:557][446]LogInit: XAudio2 using 'Speakers (Sound Blaster Recon3Di)' : 2 channels at 48 kHz using 32 bits per sample (channel mask 0x3)
[2017.10.18-23.50.58:567][446]LogInit: FAudioDevice initialized.
[2017.10.18-23.50.58:595][446]LogLoad: Game class is 'FlyingGameMode_C'
[2017.10.18-23.50.58:606][446]LogWorld: Bringing World /Game/FlyingBP/Maps/UEDPIE_0_FlyingExampleMap.FlyingExampleMap up for play (max tick rate 0) at 2017.10.18-18.50.58
[2017.10.18-23.50.58:607][446]LogWorld: Bringing up level for play took: 0.009956
[2017.10.18-23.50.58:610][446]PIE: Info Play in editor start time for /Game/FlyingBP/Maps/UEDPIE_0_FlyingExampleMap 0.698
[2017.10.18-23.50.58:610][446]LogBlueprintUserMessages: Late PlayInEditor Detection: Level '/Game/FlyingBP/Maps/FlyingExampleMap.FlyingExampleMap:PersistentLevel' has LevelScriptBlueprint '/Game/FlyingBP/Maps/FlyingExampleMap.FlyingExampleMap:PersistentLevel.FlyingExampleMap' with GeneratedClass '/Game/FlyingBP/Maps/FlyingExampleMap.FlyingExampleMap_C' with ClassGeneratedBy '/Game/FlyingBP/Maps/FlyingExampleMap.FlyingExampleMap:PersistentLevel.FlyingExampleMap'
[2017.10.18-23.51.08:045][393]LogBlueprintUserMessages: Early EndPlayMap Detection: Level '/Game/FlyingBP/Maps/FlyingExampleMap.FlyingExampleMap:PersistentLevel' has LevelScriptBlueprint '/Game/FlyingBP/Maps/FlyingExampleMap.FlyingExampleMap:PersistentLevel.FlyingExampleMap' with GeneratedClass '/Game/FlyingBP/Maps/FlyingExampleMap.FlyingExampleMap_C' with ClassGeneratedBy '/Game/FlyingBP/Maps/FlyingExampleMap.FlyingExampleMap:PersistentLevel.FlyingExampleMap'
[2017.10.18-23.51.08:089][393]LogBlueprintUserMessages: Late EndPlayMap Detection: Level '/Game/FlyingBP/Maps/FlyingExampleMap.FlyingExampleMap:PersistentLevel' has LevelScriptBlueprint '/Game/FlyingBP/Maps/FlyingExampleMap.FlyingExampleMap:PersistentLevel.FlyingExampleMap' with GeneratedClass '/Game/FlyingBP/Maps/FlyingExampleMap.FlyingExampleMap_C' with ClassGeneratedBy '/Game/FlyingBP/Maps/FlyingExampleMap.FlyingExampleMap:PersistentLevel.FlyingExampleMap'
[2017.10.18-23.51.19:135][409]BlueprintLog: New page: Compile FlyingPawn
[2017.10.18-23.51.22:165][578]LogTemp: Repeting last play command: Selected Viewport
[2017.10.18-23.51.22:183][578]LogBlueprintUserMessages: Early PlayInEditor Detection: Level '/Game/FlyingBP/Maps/FlyingExampleMap.FlyingExampleMap:PersistentLevel' has LevelScriptBlueprint '/Game/FlyingBP/Maps/FlyingExampleMap.FlyingExampleMap:PersistentLevel.FlyingExampleMap' with GeneratedClass '/Game/FlyingBP/Maps/FlyingExampleMap.FlyingExampleMap_C' with ClassGeneratedBy '/Game/FlyingBP/Maps/FlyingExampleMap.FlyingExampleMap:PersistentLevel.FlyingExampleMap'
[2017.10.18-23.51.22:183][578]LogPlayLevel: PlayLevel: No blueprints needed recompiling
[2017.10.18-23.51.22:183][578]PIE: New page: PIE session: FlyingExampleMap (Oct 18, 2017, 1:51:22 PM)
[2017.10.18-23.51.22:184][578]LogPlayLevel: Creating play world package: /Game/FlyingBP/Maps/UEDPIE_0_FlyingExampleMap
[2017.10.18-23.51.22:212][578]LogPlayLevel: PIE: StaticDuplicateObject took: (0.028328s)
[2017.10.18-23.51.22:212][578]LogAIModule: Creating AISystem for world FlyingExampleMap
[2017.10.18-23.51.22:213][578]LogPlayLevel: PIE: World Init took: (0.000600s)
[2017.10.18-23.51.22:213][578]LogPlayLevel: PIE: Created PIE world by copying editor world from /Game/FlyingBP/Maps/FlyingExampleMap.FlyingExampleMap to /Game/FlyingBP/Maps/UEDPIE_0_FlyingExampleMap.FlyingExampleMap (0.029144s)
[2017.10.18-23.51.22:244][578]LogInit: XAudio2 using 'Speakers (Sound Blaster Recon3Di)' : 2 channels at 48 kHz using 32 bits per sample (channel mask 0x3)
[2017.10.18-23.51.22:252][578]LogInit: FAudioDevice initialized.
[2017.10.18-23.51.22:282][578]LogLoad: Game class is 'FlyingGameMode_C'
[2017.10.18-23.51.22:287][578]LogWorld: Bringing World /Game/FlyingBP/Maps/UEDPIE_0_FlyingExampleMap.FlyingExampleMap up for play (max tick rate 0) at 2017.10.18-18.51.22
[2017.10.18-23.51.22:287][578]LogWorld: Bringing up level for play took: 0.003910
[2017.10.18-23.51.22:288][578]PIE: Info Play in editor start time for /Game/FlyingBP/Maps/UEDPIE_0_FlyingExampleMap 0.377
[2017.10.18-23.51.22:289][578]LogBlueprintUserMessages: Late PlayInEditor Detection: Level '/Game/FlyingBP/Maps/FlyingExampleMap.FlyingExampleMap:PersistentLevel' has LevelScriptBlueprint '/Game/FlyingBP/Maps/FlyingExampleMap.FlyingExampleMap:PersistentLevel.FlyingExampleMap' with GeneratedClass '/Game/FlyingBP/Maps/FlyingExampleMap.FlyingExampleMap_C' with ClassGeneratedBy '/Game/FlyingBP/Maps/FlyingExampleMap.FlyingExampleMap:PersistentLevel.FlyingExampleMap'
[2017.10.18-23.51.24:415][785]LogBlueprintUserMessages: Early EndPlayMap Detection: Level '/Game/FlyingBP/Maps/FlyingExampleMap.FlyingExampleMap:PersistentLevel' has LevelScriptBlueprint '/Game/FlyingBP/Maps/FlyingExampleMap.FlyingExampleMap:PersistentLevel.FlyingExampleMap' with GeneratedClass '/Game/FlyingBP/Maps/FlyingExampleMap.FlyingExampleMap_C' with ClassGeneratedBy '/Game/FlyingBP/Maps/FlyingExampleMap.FlyingExampleMap:PersistentLevel.FlyingExampleMap'
[2017.10.18-23.51.24:457][785]LogBlueprintUserMessages: Late EndPlayMap Detection: Level '/Game/FlyingBP/Maps/FlyingExampleMap.FlyingExampleMap:PersistentLevel' has LevelScriptBlueprint '/Game/FlyingBP/Maps/FlyingExampleMap.FlyingExampleMap:PersistentLevel.FlyingExampleMap' with GeneratedClass '/Game/FlyingBP/Maps/FlyingExampleMap.FlyingExampleMap_C' with ClassGeneratedBy '/Game/FlyingBP/Maps/FlyingExampleMap.FlyingExampleMap:PersistentLevel.FlyingExampleMap'
[2017.10.18-23.52.36:653][144]BlueprintLog: New page: Compile FlyingPawn
[2017.10.18-23.52.40:813][441]LogTemp: Repeting last play command: Selected Viewport
[2017.10.18-23.52.40:829][441]LogBlueprintUserMessages: Early PlayInEditor Detection: Level '/Game/FlyingBP/Maps/FlyingExampleMap.FlyingExampleMap:PersistentLevel' has LevelScriptBlueprint '/Game/FlyingBP/Maps/FlyingExampleMap.FlyingExampleMap:PersistentLevel.FlyingExampleMap' with GeneratedClass '/Game/FlyingBP/Maps/FlyingExampleMap.FlyingExampleMap_C' with ClassGeneratedBy '/Game/FlyingBP/Maps/FlyingExampleMap.FlyingExampleMap:PersistentLevel.FlyingExampleMap'
[2017.10.18-23.52.40:829][441]LogPlayLevel: PlayLevel: No blueprints needed recompiling
[2017.10.18-23.52.40:830][441]PIE: New page: PIE session: FlyingExampleMap (Oct 18, 2017, 1:52:40 PM)
[2017.10.18-23.52.40:830][441]LogPlayLevel: Creating play world package: /Game/FlyingBP/Maps/UEDPIE_0_FlyingExampleMap
[2017.10.18-23.52.40:855][441]LogPlayLevel: PIE: StaticDuplicateObject took: (0.025347s)
[2017.10.18-23.52.40:855][441]LogAIModule: Creating AISystem for world FlyingExampleMap
[2017.10.18-23.52.40:856][441]LogPlayLevel: PIE: World Init took: (0.000577s)
[2017.10.18-23.52.40:856][441]LogPlayLevel: PIE: Created PIE world by copying editor world from /Game/FlyingBP/Maps/FlyingExampleMap.FlyingExampleMap to /Game/FlyingBP/Maps/UEDPIE_0_FlyingExampleMap.FlyingExampleMap (0.026144s)
[2017.10.18-23.52.40:884][441]LogInit: XAudio2 using 'Speakers (Sound Blaster Recon3Di)' : 2 channels at 48 kHz using 32 bits per sample (channel mask 0x3)
[2017.10.18-23.52.40:894][441]LogInit: FAudioDevice initialized.
[2017.10.18-23.52.40:923][441]LogLoad: Game class is 'FlyingGameMode_C'
[2017.10.18-23.52.40:931][441]LogWorld: Bringing World /Game/FlyingBP/Maps/UEDPIE_0_FlyingExampleMap.FlyingExampleMap up for play (max tick rate 0) at 2017.10.18-18.52.40
[2017.10.18-23.52.40:931][441]LogWorld: Bringing up level for play took: 0.006929
[2017.10.18-23.52.40:934][441]PIE: Info Play in editor start time for /Game/FlyingBP/Maps/UEDPIE_0_FlyingExampleMap 1.021
[2017.10.18-23.52.40:934][441]LogBlueprintUserMessages: Late PlayInEditor Detection: Level '/Game/FlyingBP/Maps/FlyingExampleMap.FlyingExampleMap:PersistentLevel' has LevelScriptBlueprint '/Game/FlyingBP/Maps/FlyingExampleMap.FlyingExampleMap:PersistentLevel.FlyingExampleMap' with GeneratedClass '/Game/FlyingBP/Maps/FlyingExampleMap.FlyingExampleMap_C' with ClassGeneratedBy '/Game/FlyingBP/Maps/FlyingExampleMap.FlyingExampleMap:PersistentLevel.FlyingExampleMap'
[2017.10.18-23.52.55:318][855]LogBlueprintUserMessages: Early EndPlayMap Detection: Level '/Game/FlyingBP/Maps/FlyingExampleMap.FlyingExampleMap:PersistentLevel' has LevelScriptBlueprint '/Game/FlyingBP/Maps/FlyingExampleMap.FlyingExampleMap:PersistentLevel.FlyingExampleMap' with GeneratedClass '/Game/FlyingBP/Maps/FlyingExampleMap.FlyingExampleMap_C' with ClassGeneratedBy '/Game/FlyingBP/Maps/FlyingExampleMap.FlyingExampleMap:PersistentLevel.FlyingExampleMap'
[2017.10.18-23.52.55:363][855]LogBlueprintUserMessages: Late EndPlayMap Detection: Level '/Game/FlyingBP/Maps/FlyingExampleMap.FlyingExampleMap:PersistentLevel' has LevelScriptBlueprint '/Game/FlyingBP/Maps/FlyingExampleMap.FlyingExampleMap:PersistentLevel.FlyingExampleMap' with GeneratedClass '/Game/FlyingBP/Maps/FlyingExampleMap.FlyingExampleMap_C' with ClassGeneratedBy '/Game/FlyingBP/Maps/FlyingExampleMap.FlyingExampleMap:PersistentLevel.FlyingExampleMap'
[2017.10.18-23.52.57:575][ 65]LogTemp: Repeting last play command: Selected Viewport
[2017.10.18-23.52.57:592][ 65]LogBlueprintUserMessages: Early PlayInEditor Detection: Level '/Game/FlyingBP/Maps/FlyingExampleMap.FlyingExampleMap:PersistentLevel' has LevelScriptBlueprint '/Game/FlyingBP/Maps/FlyingExampleMap.FlyingExampleMap:PersistentLevel.FlyingExampleMap' with GeneratedClass '/Game/FlyingBP/Maps/FlyingExampleMap.FlyingExampleMap_C' with ClassGeneratedBy '/Game/FlyingBP/Maps/FlyingExampleMap.FlyingExampleMap:PersistentLevel.FlyingExampleMap'
[2017.10.18-23.52.57:592][ 65]LogPlayLevel: PlayLevel: No blueprints needed recompiling
[2017.10.18-23.52.57:592][ 65]PIE: New page: PIE session: FlyingExampleMap (Oct 18, 2017, 1:52:57 PM)
[2017.10.18-23.52.57:592][ 65]LogPlayLevel: Creating play world package: /Game/FlyingBP/Maps/UEDPIE_0_FlyingExampleMap
[2017.10.18-23.52.57:617][ 65]LogPlayLevel: PIE: StaticDuplicateObject took: (0.024501s)
[2017.10.18-23.52.57:617][ 65]LogAIModule: Creating AISystem for world FlyingExampleMap
[2017.10.18-23.52.57:618][ 65]LogPlayLevel: PIE: World Init took: (0.000591s)
[2017.10.18-23.52.57:618][ 65]LogPlayLevel: PIE: Created PIE world by copying editor world from /Game/FlyingBP/Maps/FlyingExampleMap.FlyingExampleMap to /Game/FlyingBP/Maps/UEDPIE_0_FlyingExampleMap.FlyingExampleMap (0.025306s)
[2017.10.18-23.52.57:648][ 65]LogInit: XAudio2 using 'Speakers (Sound Blaster Recon3Di)' : 2 channels at 48 kHz using 32 bits per sample (channel mask 0x3)
[2017.10.18-23.52.57:659][ 65]LogInit: FAudioDevice initialized.
[2017.10.18-23.52.57:688][ 65]LogLoad: Game class is 'FlyingGameMode_C'
[2017.10.18-23.52.57:693][ 65]LogWorld: Bringing World /Game/FlyingBP/Maps/UEDPIE_0_FlyingExampleMap.FlyingExampleMap up for play (max tick rate 0) at 2017.10.18-18.52.57
[2017.10.18-23.52.57:693][ 65]LogWorld: Bringing up level for play took: 0.003941
[2017.10.18-23.52.57:695][ 65]PIE: Info Play in editor start time for /Game/FlyingBP/Maps/UEDPIE_0_FlyingExampleMap -0.218
[2017.10.18-23.52.57:695][ 65]LogBlueprintUserMessages: Late PlayInEditor Detection: Level '/Game/FlyingBP/Maps/FlyingExampleMap.FlyingExampleMap:PersistentLevel' has LevelScriptBlueprint '/Game/FlyingBP/Maps/FlyingExampleMap.FlyingExampleMap:PersistentLevel.FlyingExampleMap' with GeneratedClass '/Game/FlyingBP/Maps/FlyingExampleMap.FlyingExampleMap_C' with ClassGeneratedBy '/Game/FlyingBP/Maps/FlyingExampleMap.FlyingExampleMap:PersistentLevel.FlyingExampleMap'
[2017.10.18-23.53.00:761][359]LogBlueprintUserMessages: Early EndPlayMap Detection: Level '/Game/FlyingBP/Maps/FlyingExampleMap.FlyingExampleMap:PersistentLevel' has LevelScriptBlueprint '/Game/FlyingBP/Maps/FlyingExampleMap.FlyingExampleMap:PersistentLevel.FlyingExampleMap' with GeneratedClass '/Game/FlyingBP/Maps/FlyingExampleMap.FlyingExampleMap_C' with ClassGeneratedBy '/Game/FlyingBP/Maps/FlyingExampleMap.FlyingExampleMap:PersistentLevel.FlyingExampleMap'
[2017.10.18-23.53.00:805][359]LogBlueprintUserMessages: Late EndPlayMap Detection: Level '/Game/FlyingBP/Maps/FlyingExampleMap.FlyingExampleMap:PersistentLevel' has LevelScriptBlueprint '/Game/FlyingBP/Maps/FlyingExampleMap.FlyingExampleMap:PersistentLevel.FlyingExampleMap' with GeneratedClass '/Game/FlyingBP/Maps/FlyingExampleMap.FlyingExampleMap_C' with ClassGeneratedBy '/Game/FlyingBP/Maps/FlyingExampleMap.FlyingExampleMap:PersistentLevel.FlyingExampleMap'
[2017.10.18-23.53.19:296][115]BlueprintLog: New page: Compile FlyingPawn
[2017.10.18-23.53.22:295][295]LogTemp: Repeting last play command: Selected Viewport
[2017.10.18-23.53.22:308][295]LogBlueprintUserMessages: Early PlayInEditor Detection: Level '/Game/FlyingBP/Maps/FlyingExampleMap.FlyingExampleMap:PersistentLevel' has LevelScriptBlueprint '/Game/FlyingBP/Maps/FlyingExampleMap.FlyingExampleMap:PersistentLevel.FlyingExampleMap' with GeneratedClass '/Game/FlyingBP/Maps/FlyingExampleMap.FlyingExampleMap_C' with ClassGeneratedBy '/Game/FlyingBP/Maps/FlyingExampleMap.FlyingExampleMap:PersistentLevel.FlyingExampleMap'
[2017.10.18-23.53.22:308][295]LogPlayLevel: PlayLevel: No blueprints needed recompiling
[2017.10.18-23.53.22:308][295]PIE: New page: PIE session: FlyingExampleMap (Oct 18, 2017, 1:53:22 PM)
[2017.10.18-23.53.22:308][295]LogPlayLevel: Creating play world package: /Game/FlyingBP/Maps/UEDPIE_0_FlyingExampleMap
[2017.10.18-23.53.22:333][295]LogPlayLevel: PIE: StaticDuplicateObject took: (0.024957s)
[2017.10.18-23.53.22:333][295]LogAIModule: Creating AISystem for world FlyingExampleMap
[2017.10.18-23.53.22:333][295]LogPlayLevel: PIE: World Init took: (0.000592s)
[2017.10.18-23.53.22:334][295]LogPlayLevel: PIE: Created PIE world by copying editor world from /Game/FlyingBP/Maps/FlyingExampleMap.FlyingExampleMap to /Game/FlyingBP/Maps/UEDPIE_0_FlyingExampleMap.FlyingExampleMap (0.025770s)
[2017.10.18-23.53.22:360][295]LogInit: XAudio2 using 'Speakers (Sound Blaster Recon3Di)' : 2 channels at 48 kHz using 32 bits per sample (channel mask 0x3)
[2017.10.18-23.53.22:368][295]LogInit: FAudioDevice initialized.
[2017.10.18-23.53.22:397][295]LogLoad: Game class is 'FlyingGameMode_C'
[2017.10.18-23.53.22:402][295]LogWorld: Bringing World /Game/FlyingBP/Maps/UEDPIE_0_FlyingExampleMap.FlyingExampleMap up for play (max tick rate 0) at 2017.10.18-18.53.22
[2017.10.18-23.53.22:402][295]LogWorld: Bringing up level for play took: 0.004040
[2017.10.18-23.53.22:403][295]PIE: Info Play in editor start time for /Game/FlyingBP/Maps/UEDPIE_0_FlyingExampleMap 0.49
[2017.10.18-23.53.22:404][295]LogBlueprintUserMessages: Late PlayInEditor Detection: Level '/Game/FlyingBP/Maps/FlyingExampleMap.FlyingExampleMap:PersistentLevel' has LevelScriptBlueprint '/Game/FlyingBP/Maps/FlyingExampleMap.FlyingExampleMap:PersistentLevel.FlyingExampleMap' with GeneratedClass '/Game/FlyingBP/Maps/FlyingExampleMap.FlyingExampleMap_C' with ClassGeneratedBy '/Game/FlyingBP/Maps/FlyingExampleMap.FlyingExampleMap:PersistentLevel.FlyingExampleMap'
[2017.10.18-23.53.27:308][849]LogBlueprintUserMessages: Early EndPlayMap Detection: Level '/Game/FlyingBP/Maps/FlyingExampleMap.FlyingExampleMap:PersistentLevel' has LevelScriptBlueprint '/Game/FlyingBP/Maps/FlyingExampleMap.FlyingExampleMap:PersistentLevel.FlyingExampleMap' with GeneratedClass '/Game/FlyingBP/Maps/FlyingExampleMap.FlyingExampleMap_C' with ClassGeneratedBy '/Game/FlyingBP/Maps/FlyingExampleMap.FlyingExampleMap:PersistentLevel.FlyingExampleMap'
[2017.10.18-23.53.27:351][849]LogBlueprintUserMessages: Late EndPlayMap Detection: Level '/Game/FlyingBP/Maps/FlyingExampleMap.FlyingExampleMap:PersistentLevel' has LevelScriptBlueprint '/Game/FlyingBP/Maps/FlyingExampleMap.FlyingExampleMap:PersistentLevel.FlyingExampleMap' with GeneratedClass '/Game/FlyingBP/Maps/FlyingExampleMap.FlyingExampleMap_C' with ClassGeneratedBy '/Game/FlyingBP/Maps/FlyingExampleMap.FlyingExampleMap:PersistentLevel.FlyingExampleMap'
[2017.10.18-23.53.33:597][431]Cmd: TRANSACTION UNDO
[2017.10.18-23.53.33:597][431]LogEditorTransaction: Undo Delete current selection
[2017.10.18-23.53.34:397][493]Cmd: TRANSACTION UNDO
[2017.10.18-23.53.34:397][493]LogEditorTransaction: Undo Edit Min Speed
[2017.10.18-23.53.35:816][645]Cmd: TRANSACTION UNDO
[2017.10.18-23.53.35:816][645]LogEditorTransaction: Undo Create Pin Link
[2017.10.18-23.53.37:099][778]Cmd: TRANSACTION UNDO
[2017.10.18-23.53.37:099][778]LogEditorTransaction: Undo Move Node
[2017.10.18-23.53.38:411][915]Cmd: TRANSACTION UNDO
[2017.10.18-23.53.38:411][915]LogEditorTransaction: Undo Add Node
[2017.10.18-23.53.39:335][  9]Cmd: TRANSACTION UNDO
[2017.10.18-23.53.39:335][  9]LogEditorTransaction: Undo Move Node
[2017.10.18-23.53.40:568][140]Cmd: TRANSACTION UNDO
[2017.10.18-23.53.40:568][140]LogEditorTransaction: Undo Create Pin Link
[2017.10.18-23.53.41:644][253]Cmd: TRANSACTION UNDO
[2017.10.18-23.53.41:644][253]LogEditorTransaction: Undo Move Node
[2017.10.18-23.53.42:635][357]Cmd: TRANSACTION UNDO
[2017.10.18-23.53.42:635][357]LogEditorTransaction: Undo Add Node
[2017.10.18-23.53.43:901][495]Cmd: TRANSACTION UNDO
[2017.10.18-23.53.43:901][495]LogEditorTransaction: Undo Move Node
[2017.10.18-23.53.44:524][557]Cmd: TRANSACTION UNDO
[2017.10.18-23.53.44:524][557]LogEditorTransaction: Undo Move Node
[2017.10.18-23.53.45:293][635]Cmd: TRANSACTION UNDO
[2017.10.18-23.53.45:293][635]LogEditorTransaction: Undo Move Nodes
[2017.10.18-23.53.46:181][728]Cmd: TRANSACTION UNDO
[2017.10.18-23.53.46:181][728]LogEditorTransaction: Undo Move Nodes
[2017.10.18-23.53.46:983][810]Cmd: TRANSACTION UNDO
[2017.10.18-23.53.46:983][810]LogEditorTransaction: Undo Move Nodes
[2017.10.18-23.53.47:656][877]Cmd: TRANSACTION UNDO
[2017.10.18-23.53.47:656][877]LogEditorTransaction: Undo Move Node
[2017.10.18-23.53.48:315][942]Cmd: TRANSACTION UNDO
[2017.10.18-23.53.48:315][942]LogEditorTransaction: Undo Rename Node
[2017.10.18-23.53.49:211][ 34]Cmd: TRANSACTION UNDO
[2017.10.18-23.53.49:211][ 34]LogEditorTransaction: Undo Rename Node
[2017.10.18-23.53.49:805][ 93]Cmd: TRANSACTION UNDO
[2017.10.18-23.53.49:805][ 93]LogEditorTransaction: Undo Add Node
[2017.10.18-23.53.50:903][212]Cmd: TRANSACTION UNDO
[2017.10.18-23.53.50:903][212]LogEditorTransaction: Undo Edit Max Speed
[2017.10.18-23.53.51:446][266]Cmd: TRANSACTION UNDO
[2017.10.18-23.53.51:446][266]LogEditorTransaction: Undo Move Node
[2017.10.18-23.53.52:477][375]Cmd: TRANSACTION UNDO
[2017.10.18-23.53.52:477][375]LogEditorTransaction: Undo Move Node
[2017.10.18-23.53.52:953][420]Cmd: TRANSACTION UNDO
[2017.10.18-23.53.52:953][420]LogEditorTransaction: Undo Edit Max Speed
[2017.10.18-23.53.53:373][460]Cmd: TRANSACTION UNDO
[2017.10.18-23.53.53:373][460]LogEditorTransaction: Undo Create Pin Link
[2017.10.18-23.53.53:961][518]Cmd: TRANSACTION UNDO
[2017.10.18-23.53.53:961][518]LogEditorTransaction: Undo Add Node
[2017.10.18-23.53.54:525][574]Cmd: TRANSACTION UNDO
[2017.10.18-23.53.54:525][574]LogEditorTransaction: Undo Delete current selection
[2017.10.18-23.53.56:967][842]BlueprintLog: New page: Compile FlyingPawn
[2017.10.18-23.53.59:831][ 19]LogTemp: Repeting last play command: Selected Viewport
[2017.10.18-23.53.59:847][ 19]LogBlueprintUserMessages: Early PlayInEditor Detection: Level '/Game/FlyingBP/Maps/FlyingExampleMap.FlyingExampleMap:PersistentLevel' has LevelScriptBlueprint '/Game/FlyingBP/Maps/FlyingExampleMap.FlyingExampleMap:PersistentLevel.FlyingExampleMap' with GeneratedClass '/Game/FlyingBP/Maps/FlyingExampleMap.FlyingExampleMap_C' with ClassGeneratedBy '/Game/FlyingBP/Maps/FlyingExampleMap.FlyingExampleMap:PersistentLevel.FlyingExampleMap'
[2017.10.18-23.53.59:847][ 19]LogPlayLevel: PlayLevel: No blueprints needed recompiling
[2017.10.18-23.53.59:847][ 19]PIE: New page: PIE session: FlyingExampleMap (Oct 18, 2017, 1:53:59 PM)
[2017.10.18-23.53.59:847][ 19]LogPlayLevel: Creating play world package: /Game/FlyingBP/Maps/UEDPIE_0_FlyingExampleMap
[2017.10.18-23.53.59:876][ 19]LogPlayLevel: PIE: StaticDuplicateObject took: (0.028773s)
[2017.10.18-23.53.59:876][ 19]LogAIModule: Creating AISystem for world FlyingExampleMap
[2017.10.18-23.53.59:876][ 19]LogPlayLevel: PIE: World Init took: (0.000588s)
[2017.10.18-23.53.59:876][ 19]LogPlayLevel: PIE: Created PIE world by copying editor world from /Game/FlyingBP/Maps/FlyingExampleMap.FlyingExampleMap to /Game/FlyingBP/Maps/UEDPIE_0_FlyingExampleMap.FlyingExampleMap (0.029591s)
[2017.10.18-23.53.59:908][ 19]LogInit: XAudio2 using 'Speakers (Sound Blaster Recon3Di)' : 2 channels at 48 kHz using 32 bits per sample (channel mask 0x3)
[2017.10.18-23.53.59:918][ 19]LogInit: FAudioDevice initialized.
[2017.10.18-23.53.59:952][ 19]LogLoad: Game class is 'FlyingGameMode_C'
[2017.10.18-23.53.59:963][ 19]LogWorld: Bringing World /Game/FlyingBP/Maps/UEDPIE_0_FlyingExampleMap.FlyingExampleMap up for play (max tick rate 0) at 2017.10.18-18.53.59
[2017.10.18-23.53.59:964][ 19]LogWorld: Bringing up level for play took: 0.009809
[2017.10.18-23.53.59:966][ 19]PIE: Info Play in editor start time for /Game/FlyingBP/Maps/UEDPIE_0_FlyingExampleMap 0.053
[2017.10.18-23.53.59:967][ 19]LogBlueprintUserMessages: Late PlayInEditor Detection: Level '/Game/FlyingBP/Maps/FlyingExampleMap.FlyingExampleMap:PersistentLevel' has LevelScriptBlueprint '/Game/FlyingBP/Maps/FlyingExampleMap.FlyingExampleMap:PersistentLevel.FlyingExampleMap' with GeneratedClass '/Game/FlyingBP/Maps/FlyingExampleMap.FlyingExampleMap_C' with ClassGeneratedBy '/Game/FlyingBP/Maps/FlyingExampleMap.FlyingExampleMap:PersistentLevel.FlyingExampleMap'
[2017.10.18-23.54.08:278][969]LogBlueprintUserMessages: Early EndPlayMap Detection: Level '/Game/FlyingBP/Maps/FlyingExampleMap.FlyingExampleMap:PersistentLevel' has LevelScriptBlueprint '/Game/FlyingBP/Maps/FlyingExampleMap.FlyingExampleMap:PersistentLevel.FlyingExampleMap' with GeneratedClass '/Game/FlyingBP/Maps/FlyingExampleMap.FlyingExampleMap_C' with ClassGeneratedBy '/Game/FlyingBP/Maps/FlyingExampleMap.FlyingExampleMap:PersistentLevel.FlyingExampleMap'
[2017.10.18-23.54.08:321][969]LogBlueprintUserMessages: Late EndPlayMap Detection: Level '/Game/FlyingBP/Maps/FlyingExampleMap.FlyingExampleMap:PersistentLevel' has LevelScriptBlueprint '/Game/FlyingBP/Maps/FlyingExampleMap.FlyingExampleMap:PersistentLevel.FlyingExampleMap' with GeneratedClass '/Game/FlyingBP/Maps/FlyingExampleMap.FlyingExampleMap_C' with ClassGeneratedBy '/Game/FlyingBP/Maps/FlyingExampleMap.FlyingExampleMap:PersistentLevel.FlyingExampleMap'
[2017.10.18-23.54.54:741][807]LogTemp: Repeting last play command: Selected Viewport
[2017.10.18-23.54.54:758][807]LogBlueprintUserMessages: Early PlayInEditor Detection: Level '/Game/FlyingBP/Maps/FlyingExampleMap.FlyingExampleMap:PersistentLevel' has LevelScriptBlueprint '/Game/FlyingBP/Maps/FlyingExampleMap.FlyingExampleMap:PersistentLevel.FlyingExampleMap' with GeneratedClass '/Game/FlyingBP/Maps/FlyingExampleMap.FlyingExampleMap_C' with ClassGeneratedBy '/Game/FlyingBP/Maps/FlyingExampleMap.FlyingExampleMap:PersistentLevel.FlyingExampleMap'
[2017.10.18-23.54.54:758][807]LogPlayLevel: PlayLevel: No blueprints needed recompiling
[2017.10.18-23.54.54:758][807]PIE: New page: PIE session: FlyingExampleMap (Oct 18, 2017, 1:54:54 PM)
[2017.10.18-23.54.54:758][807]LogPlayLevel: Creating play world package: /Game/FlyingBP/Maps/UEDPIE_0_FlyingExampleMap
[2017.10.18-23.54.54:784][807]LogPlayLevel: PIE: StaticDuplicateObject took: (0.025850s)
[2017.10.18-23.54.54:785][807]LogAIModule: Creating AISystem for world FlyingExampleMap
[2017.10.18-23.54.54:785][807]LogPlayLevel: PIE: World Init took: (0.000620s)
[2017.10.18-23.54.54:785][807]LogPlayLevel: PIE: Created PIE world by copying editor world from /Game/FlyingBP/Maps/FlyingExampleMap.FlyingExampleMap to /Game/FlyingBP/Maps/UEDPIE_0_FlyingExampleMap.FlyingExampleMap (0.026698s)
[2017.10.18-23.54.54:816][807]LogInit: XAudio2 using 'Speakers (Sound Blaster Recon3Di)' : 2 channels at 48 kHz using 32 bits per sample (channel mask 0x3)
[2017.10.18-23.54.54:823][807]LogInit: FAudioDevice initialized.
[2017.10.18-23.54.54:850][807]LogLoad: Game class is 'FlyingGameMode_C'
[2017.10.18-23.54.54:855][807]LogWorld: Bringing World /Game/FlyingBP/Maps/UEDPIE_0_FlyingExampleMap.FlyingExampleMap up for play (max tick rate 0) at 2017.10.18-18.54.54
[2017.10.18-23.54.54:855][807]LogWorld: Bringing up level for play took: 0.003993
[2017.10.18-23.54.54:857][807]PIE: Info Play in editor start time for /Game/FlyingBP/Maps/UEDPIE_0_FlyingExampleMap 0.943
[2017.10.18-23.54.54:857][807]LogBlueprintUserMessages: Late PlayInEditor Detection: Level '/Game/FlyingBP/Maps/FlyingExampleMap.FlyingExampleMap:PersistentLevel' has LevelScriptBlueprint '/Game/FlyingBP/Maps/FlyingExampleMap.FlyingExampleMap:PersistentLevel.FlyingExampleMap' with GeneratedClass '/Game/FlyingBP/Maps/FlyingExampleMap.FlyingExampleMap_C' with ClassGeneratedBy '/Game/FlyingBP/Maps/FlyingExampleMap.FlyingExampleMap:PersistentLevel.FlyingExampleMap'
[2017.10.18-23.55.01:278][378]LogBlueprintUserMessages: Early EndPlayMap Detection: Level '/Game/FlyingBP/Maps/FlyingExampleMap.FlyingExampleMap:PersistentLevel' has LevelScriptBlueprint '/Game/FlyingBP/Maps/FlyingExampleMap.FlyingExampleMap:PersistentLevel.FlyingExampleMap' with GeneratedClass '/Game/FlyingBP/Maps/FlyingExampleMap.FlyingExampleMap_C' with ClassGeneratedBy '/Game/FlyingBP/Maps/FlyingExampleMap.FlyingExampleMap:PersistentLevel.FlyingExampleMap'
[2017.10.18-23.55.01:321][378]LogBlueprintUserMessages: Late EndPlayMap Detection: Level '/Game/FlyingBP/Maps/FlyingExampleMap.FlyingExampleMap:PersistentLevel' has LevelScriptBlueprint '/Game/FlyingBP/Maps/FlyingExampleMap.FlyingExampleMap:PersistentLevel.FlyingExampleMap' with GeneratedClass '/Game/FlyingBP/Maps/FlyingExampleMap.FlyingExampleMap_C' with ClassGeneratedBy '/Game/FlyingBP/Maps/FlyingExampleMap.FlyingExampleMap:PersistentLevel.FlyingExampleMap'
[2017.10.18-23.55.09:754][ 43]Cmd: TRANSACTION UNDO
[2017.10.18-23.55.09:754][ 43]LogEditorTransaction: Undo Create Pin Link
[2017.10.18-23.55.10:213][ 69]Cmd: TRANSACTION UNDO
[2017.10.18-23.55.10:213][ 69]LogEditorTransaction: Undo Move Node
[2017.10.18-23.55.10:677][108]Cmd: TRANSACTION UNDO
[2017.10.18-23.55.10:677][108]LogEditorTransaction: Undo Add Node
[2017.10.18-23.55.10:968][129]Cmd: TRANSACTION UNDO
[2017.10.18-23.55.10:968][129]LogEditorTransaction: Undo Delete current selection
[2017.10.18-23.55.11:244][148]Cmd: TRANSACTION UNDO
[2017.10.18-23.55.11:244][148]LogEditorTransaction: Undo Change Number Pin Value
[2017.10.18-23.55.11:478][162]Cmd: TRANSACTION UNDO
[2017.10.18-23.55.11:478][162]LogEditorTransaction: Undo Create Pin Link
[2017.10.18-23.55.11:723][178]Cmd: TRANSACTION UNDO
[2017.10.18-23.55.11:723][178]LogEditorTransaction: Undo Move Node
[2017.10.18-23.55.11:948][192]Cmd: TRANSACTION UNDO
[2017.10.18-23.55.11:948][192]LogEditorTransaction: Undo Add Node
[2017.10.18-23.55.12:155][204]Cmd: TRANSACTION UNDO
[2017.10.18-23.55.12:155][204]LogEditorTransaction: Undo Move Node
[2017.10.18-23.55.12:382][218]Cmd: TRANSACTION UNDO
[2017.10.18-23.55.12:382][218]LogEditorTransaction: Undo Create Pin Link
[2017.10.18-23.55.17:851][784]LogEditorTransaction: Undo Move Node
[2017.10.18-23.55.18:507][831]LogEditorTransaction: Undo Move Node
[2017.10.18-23.55.36:920][975]LogEditorTransaction: Undo Add Node
[2017.10.18-23.55.37:451][  8]LogEditorTransaction: Undo Move Node
[2017.10.18-23.55.38:011][ 63]LogEditorTransaction: Undo Create Pin Link
[2017.10.18-23.55.38:473][106]LogEditorTransaction: Undo Move Node
[2017.10.18-23.55.38:923][148]LogEditorTransaction: Undo Add Node
[2017.10.18-23.55.39:469][202]LogEditorTransaction: Undo Move Node
[2017.10.18-23.55.39:981][252]LogEditorTransaction: Undo Move Node
[2017.10.18-23.55.40:363][287]LogEditorTransaction: Undo Move Node
[2017.10.18-23.55.40:807][329]LogEditorTransaction: Undo Move Node
[2017.10.18-23.55.41:301][377]LogEditorTransaction: Undo Move Nodes
[2017.10.18-23.55.43:620][640]BlueprintLog: New page: Compile FlyingPawn
[2017.10.18-23.55.47:290][940]LogTemp: Repeting last play command: Selected Viewport
[2017.10.18-23.55.47:307][940]LogBlueprintUserMessages: Early PlayInEditor Detection: Level '/Game/FlyingBP/Maps/FlyingExampleMap.FlyingExampleMap:PersistentLevel' has LevelScriptBlueprint '/Game/FlyingBP/Maps/FlyingExampleMap.FlyingExampleMap:PersistentLevel.FlyingExampleMap' with GeneratedClass '/Game/FlyingBP/Maps/FlyingExampleMap.FlyingExampleMap_C' with ClassGeneratedBy '/Game/FlyingBP/Maps/FlyingExampleMap.FlyingExampleMap:PersistentLevel.FlyingExampleMap'
[2017.10.18-23.55.47:307][940]LogPlayLevel: PlayLevel: No blueprints needed recompiling
[2017.10.18-23.55.47:307][940]PIE: New page: PIE session: FlyingExampleMap (Oct 18, 2017, 1:55:47 PM)
[2017.10.18-23.55.47:307][940]LogPlayLevel: Creating play world package: /Game/FlyingBP/Maps/UEDPIE_0_FlyingExampleMap
[2017.10.18-23.55.47:332][940]LogPlayLevel: PIE: StaticDuplicateObject took: (0.024691s)
[2017.10.18-23.55.47:332][940]LogAIModule: Creating AISystem for world FlyingExampleMap
[2017.10.18-23.55.47:332][940]LogPlayLevel: PIE: World Init took: (0.000587s)
[2017.10.18-23.55.47:332][940]LogPlayLevel: PIE: Created PIE world by copying editor world from /Game/FlyingBP/Maps/FlyingExampleMap.FlyingExampleMap to /Game/FlyingBP/Maps/UEDPIE_0_FlyingExampleMap.FlyingExampleMap (0.025490s)
[2017.10.18-23.55.47:365][940]LogInit: XAudio2 using 'Speakers (Sound Blaster Recon3Di)' : 2 channels at 48 kHz using 32 bits per sample (channel mask 0x3)
[2017.10.18-23.55.47:374][940]LogInit: FAudioDevice initialized.
[2017.10.18-23.55.47:410][940]LogLoad: Game class is 'FlyingGameMode_C'
[2017.10.18-23.55.47:421][940]LogWorld: Bringing World /Game/FlyingBP/Maps/UEDPIE_0_FlyingExampleMap.FlyingExampleMap up for play (max tick rate 0) at 2017.10.18-18.55.47
[2017.10.18-23.55.47:422][940]LogWorld: Bringing up level for play took: 0.009907
[2017.10.18-23.55.47:424][940]PIE: Info Play in editor start time for /Game/FlyingBP/Maps/UEDPIE_0_FlyingExampleMap -0.49
[2017.10.18-23.55.47:425][940]LogBlueprintUserMessages: Late PlayInEditor Detection: Level '/Game/FlyingBP/Maps/FlyingExampleMap.FlyingExampleMap:PersistentLevel' has LevelScriptBlueprint '/Game/FlyingBP/Maps/FlyingExampleMap.FlyingExampleMap:PersistentLevel.FlyingExampleMap' with GeneratedClass '/Game/FlyingBP/Maps/FlyingExampleMap.FlyingExampleMap_C' with ClassGeneratedBy '/Game/FlyingBP/Maps/FlyingExampleMap.FlyingExampleMap:PersistentLevel.FlyingExampleMap'
[2017.10.18-23.55.53:081][590]LogBlueprintUserMessages: Early EndPlayMap Detection: Level '/Game/FlyingBP/Maps/FlyingExampleMap.FlyingExampleMap:PersistentLevel' has LevelScriptBlueprint '/Game/FlyingBP/Maps/FlyingExampleMap.FlyingExampleMap:PersistentLevel.FlyingExampleMap' with GeneratedClass '/Game/FlyingBP/Maps/FlyingExampleMap.FlyingExampleMap_C' with ClassGeneratedBy '/Game/FlyingBP/Maps/FlyingExampleMap.FlyingExampleMap:PersistentLevel.FlyingExampleMap'
[2017.10.18-23.55.53:126][590]LogBlueprintUserMessages: Late EndPlayMap Detection: Level '/Game/FlyingBP/Maps/FlyingExampleMap.FlyingExampleMap:PersistentLevel' has LevelScriptBlueprint '/Game/FlyingBP/Maps/FlyingExampleMap.FlyingExampleMap:PersistentLevel.FlyingExampleMap' with GeneratedClass '/Game/FlyingBP/Maps/FlyingExampleMap.FlyingExampleMap_C' with ClassGeneratedBy '/Game/FlyingBP/Maps/FlyingExampleMap.FlyingExampleMap:PersistentLevel.FlyingExampleMap'
[2017.10.18-23.56.10:977][451]Cmd: QUIT_EDITOR
[2017.10.18-23.56.11:073][451]LogExit: Preparing to exit.
[2017.10.18-23.56.12:211][451]LogExit: Editor shut down
[2017.10.18-23.56.12:220][451]LogExit: Transaction tracking system shut down
[2017.10.18-23.56.12:306][451]LogObj: Freed 0b from 0 cluster array pools.
[2017.10.18-23.56.12:307][451]LogExit: Object subsystem successfully closed.
[2017.10.18-23.56.12:336][451]LogD3D11RHI: Shutdown
[2017.10.18-23.56.12:336][451]LogD3D11RHI: CleanupD3DDevice
[2017.10.18-23.56.12:460][451]LogD3D11RHI: ~FD3D11DynamicRHI
[2017.10.18-23.56.12:469][451]LogModuleManager: Shutting down and abandoning module MovieSceneCapture (532)
[2017.10.18-23.56.12:469][451]LogModuleManager: Shutting down and abandoning module ExternalImagePicker (530)
[2017.10.18-23.56.12:469][451]LogModuleManager: Shutting down and abandoning module BlueprintGraph (528)
[2017.10.18-23.56.12:469][451]LogModuleManager: Shutting down and abandoning module BlueprintProfiler (526)
[2017.10.18-23.56.12:469][451]LogModuleManager: Shutting down and abandoning module HierarchicalLODOutliner (524)
[2017.10.18-23.56.12:469][451]LogModuleManager: Shutting down and abandoning module CrashTracker (522)
[2017.10.18-23.56.12:469][451]LogModuleManager: Shutting down and abandoning module SceneOutliner (520)
[2017.10.18-23.56.12:469][451]LogModuleManager: Shutting down and abandoning module AddContentDialog (518)
[2017.10.18-23.56.12:469][451]LogDirectoryWatcher: A directory notification for 'C:/Program Files/Epic Games/UE_4.16/FeaturePacks/' was aborted.
[2017.10.18-23.56.12:470][451]LogModuleManager: Shutting down and abandoning module WidgetCarousel (517)
[2017.10.18-23.56.12:470][451]LogModuleManager: Shutting down and abandoning module EditorWidgets (514)
[2017.10.18-23.56.12:470][451]LogModuleManager: Shutting down and abandoning module CollectionManager (512)
[2017.10.18-23.56.12:470][451]LogDirectoryWatcher: A directory notification for 'D:/ProjectProJammin/ProjectProJammin/Content/Collections/' was aborted.
[2017.10.18-23.56.12:470][451]LogDirectoryWatcher: A directory notification for 'D:/ProjectProJammin/ProjectProJammin/Content/Developers/student/Collections/' was aborted.
[2017.10.18-23.56.12:470][451]LogDirectoryWatcher: A directory notification for 'D:/ProjectProJammin/ProjectProJammin/Saved/Collections/' was aborted.
[2017.10.18-23.56.12:471][451]LogModuleManager: Shutting down and abandoning module StatsViewer (510)
[2017.10.18-23.56.12:471][451]LogModuleManager: Shutting down and abandoning module FoliageEdit (508)
[2017.10.18-23.56.12:471][451]LogModuleManager: Shutting down and abandoning module LandscapeEditor (506)
[2017.10.18-23.56.12:471][451]LogModuleManager: Shutting down and abandoning module MeshPaintMode (504)
[2017.10.18-23.56.12:471][451]LogModuleManager: Shutting down and abandoning module SceneDepthPickerMode (502)
[2017.10.18-23.56.12:471][451]LogModuleManager: Shutting down and abandoning module ActorPickerMode (500)
[2017.10.18-23.56.12:471][451]LogModuleManager: Shutting down and abandoning module GeometryMode (498)
[2017.10.18-23.56.12:471][451]LogModuleManager: Shutting down and abandoning module TextureAlignMode (496)
[2017.10.18-23.56.12:471][451]LogModuleManager: Shutting down and abandoning module BspMode (494)
[2017.10.18-23.56.12:471][451]LogModuleManager: Shutting down and abandoning module HardwareSurvey (492)
[2017.10.18-23.56.12:471][451]LogModuleManager: Shutting down and abandoning module SequenceRecorderSections (490)
[2017.10.18-23.56.12:471][451]LogModuleManager: Shutting down and abandoning module AutomationWorker (488)
[2017.10.18-23.56.12:471][451]LogModuleManager: Shutting down and abandoning module MatineeToLevelSequence (486)
[2017.10.18-23.56.12:471][451]LogModuleManager: Shutting down and abandoning module LevelSequenceEditor (484)
[2017.10.18-23.56.12:471][451]LogModuleManager: Shutting down and abandoning module PlacementMode (483)
[2017.10.18-23.56.12:471][451]LogModuleManager: Shutting down and abandoning module WmfMediaFactory (480)
[2017.10.18-23.56.12:471][451]LogModuleManager: Shutting down and abandoning module WmfMediaEditor (478)
[2017.10.18-23.56.12:471][451]LogModuleManager: Shutting down and abandoning module AvfMediaFactory (476)
[2017.10.18-23.56.12:471][451]LogModuleManager: Shutting down and abandoning module AvfMediaEditor (474)
[2017.10.18-23.56.12:471][451]LogModuleManager: Shutting down and abandoning module AndroidMediaFactory (472)
[2017.10.18-23.56.12:471][451]LogModuleManager: Shutting down and abandoning module Media (471)
[2017.10.18-23.56.12:471][451]LogModuleManager: Shutting down and abandoning module AndroidMediaEditor (468)
[2017.10.18-23.56.12:471][451]LogModuleManager: Shutting down and abandoning module CharacterAI (466)
[2017.10.18-23.56.12:471][451]LogModuleManager: Shutting down and abandoning module AudioCapture (464)
[2017.10.18-23.56.12:471][451]LogModuleManager: Shutting down and abandoning module SequenceRecorder (463)
[2017.10.18-23.56.12:471][451]LogModuleManager: Shutting down and abandoning module SmartSnapping (460)
[2017.10.18-23.56.12:471][451]LogModuleManager: Shutting down and abandoning module SessionServices (458)
[2017.10.18-23.56.12:471][451]LogModuleManager: Shutting down and abandoning module ViewportSnapping (456)
[2017.10.18-23.56.12:471][451]LogModuleManager: Shutting down and abandoning module ViewportInteraction (454)
[2017.10.18-23.56.12:471][451]LogModuleManager: Shutting down and abandoning module ClothPainter (452)
[2017.10.18-23.56.12:471][451]LogModuleManager: Shutting down and abandoning module LogVisualizer (450)
[2017.10.18-23.56.12:471][451]LogModuleManager: Shutting down and abandoning module IntroTutorials (448)
[2017.10.18-23.56.12:471][451]LogModuleManager: Shutting down and abandoning module GameProjectGeneration (447)
[2017.10.18-23.56.12:471][451]LogModuleManager: Shutting down and abandoning module EditorLiveStreaming (444)
[2017.10.18-23.56.12:471][451]LogModuleManager: Shutting down and abandoning module IOSPlatformEditor (442)
[2017.10.18-23.56.12:471][451]LogModuleManager: Shutting down and abandoning module HTML5PlatformEditor (440)
[2017.10.18-23.56.12:471][451]LogModuleManager: Shutting down and abandoning module AndroidPlatformEditor (438)
[2017.10.18-23.56.12:471][451]LogModuleManager: Shutting down and abandoning module AndroidDeviceDetection (437)
[2017.10.18-23.56.12:749][451]LogModuleManager: Shutting down and abandoning module IOSRuntimeSettings (434)
[2017.10.18-23.56.12:750][451]LogModuleManager: Shutting down and abandoning module AndroidRuntimeSettings (432)
[2017.10.18-23.56.12:750][451]LogModuleManager: Shutting down and abandoning module InputBindingEditor (430)
[2017.10.18-23.56.12:750][451]LogModuleManager: Shutting down and abandoning module MergeActors (428)
[2017.10.18-23.56.12:750][451]LogModuleManager: Shutting down and abandoning module SizeMap (426)
[2017.10.18-23.56.12:750][451]LogModuleManager: Shutting down and abandoning module TreeMap (424)
[2017.10.18-23.56.12:750][451]LogModuleManager: Shutting down and abandoning module ReferenceViewer (422)
[2017.10.18-23.56.12:750][451]LogModuleManager: Shutting down and abandoning module LocalizationDashboard (420)
[2017.10.18-23.56.12:750][451]LogModuleManager: Shutting down and abandoning module LocalizationService (419)
[2017.10.18-23.56.12:750][451]LogModuleManager: Shutting down and abandoning module HardwareTargeting (416)
[2017.10.18-23.56.12:750][451]LogModuleManager: Shutting down and abandoning module DeviceProfileEditor (414)
[2017.10.18-23.56.12:750][451]LogModuleManager: Shutting down and abandoning module UndoHistory (412)
[2017.10.18-23.56.12:750][451]LogModuleManager: Shutting down and abandoning module UserFeedback (410)
[2017.10.18-23.56.12:750][451]LogModuleManager: Shutting down and abandoning module XmlParser (408)
[2017.10.18-23.56.12:750][451]LogModuleManager: Shutting down and abandoning module Blutility (406)
[2017.10.18-23.56.12:750][451]LogModuleManager: Shutting down and abandoning module ProjectSettingsViewer (404)
[2017.10.18-23.56.12:750][451]LogModuleManager: Shutting down and abandoning module ProjectTargetPlatformEditor (403)
[2017.10.18-23.56.12:750][451]LogModuleManager: Shutting down and abandoning module EditorSettingsViewer (400)
[2017.10.18-23.56.12:750][451]LogModuleManager: Shutting down and abandoning module SettingsEditor (398)
[2017.10.18-23.56.12:750][451]LogModuleManager: Shutting down and abandoning module ProjectLauncher (396)
[2017.10.18-23.56.12:750][451]LogModuleManager: Shutting down and abandoning module SessionFrontend (394)
[2017.10.18-23.56.12:750][451]LogModuleManager: Shutting down and abandoning module ProfilerClient (392)
[2017.10.18-23.56.12:750][451]LogModuleManager: Shutting down and abandoning module DeviceManager (390)
[2017.10.18-23.56.12:751][451]LogModuleManager: Shutting down and abandoning module TargetDeviceServices (389)
[2017.10.18-23.56.12:801][451]LogModuleManager: Shutting down and abandoning module AutomationController (386)
[2017.10.18-23.56.12:801][451]LogModuleManager: Shutting down and abandoning module AutomationWindow (384)
[2017.10.18-23.56.12:801][451]LogModuleManager: Shutting down and abandoning module Layers (382)
[2017.10.18-23.56.12:801][451]LogModuleManager: Shutting down and abandoning module ComponentVisualizers (380)
[2017.10.18-23.56.12:801][451]LogModuleManager: Shutting down and abandoning module DetailCustomizations (378)
[2017.10.18-23.56.12:801][451]LogModuleManager: Shutting down and abandoning module PackagesDialog (376)
[2017.10.18-23.56.12:801][451]LogModuleManager: Shutting down and abandoning module Persona (374)
[2017.10.18-23.56.12:802][451]LogModuleManager: Shutting down and abandoning module AdvancedPreviewScene (373)
[2017.10.18-23.56.12:802][451]LogModuleManager: Shutting down and abandoning module AnimGraph (371)
[2017.10.18-23.56.12:802][451]LogModuleManager: Shutting down and abandoning module Kismet (368)
[2017.10.18-23.56.12:817][451]LogModuleManager: Shutting down and abandoning module ClassViewer (366)
[2017.10.18-23.56.12:817][451]LogModuleManager: Shutting down and abandoning module Toolbox (364)
[2017.10.18-23.56.12:817][451]LogModuleManager: Shutting down and abandoning module ModuleUI (362)
[2017.10.18-23.56.12:817][451]LogModuleManager: Shutting down and abandoning module MovieSceneTools (360)
[2017.10.18-23.56.12:817][451]LogModuleManager: Shutting down and abandoning module OutputLog (358)
[2017.10.18-23.56.12:817][451]LogModuleManager: Shutting down and abandoning module GammaUI (356)
[2017.10.18-23.56.12:817][451]LogModuleManager: Shutting down and abandoning module Documentation (354)
[2017.10.18-23.56.12:817][451]LogModuleManager: Shutting down and abandoning module MovieSceneTracks (352)
[2017.10.18-23.56.12:817][451]LogModuleManager: Shutting down and abandoning module MovieScene (350)
[2017.10.18-23.56.12:817][451]LogModuleManager: Shutting down and abandoning module Niagara (348)
[2017.10.18-23.56.12:817][451]LogModuleManager: Shutting down and abandoning module NiagaraEditor (347)
[2017.10.18-23.56.12:817][451]LogModuleManager: Shutting down and abandoning module StreamingPauseRendering (344)
[2017.10.18-23.56.12:818][451]LogModuleManager: Shutting down and abandoning module AnalyticsET (342)
[2017.10.18-23.56.12:818][451]LogModuleManager: Shutting down and abandoning module PortalServices (340)
[2017.10.18-23.56.12:818][451]LogModuleManager: Shutting down and abandoning module PortalRpc (338)
[2017.10.18-23.56.12:818][451]LogModuleManager: Shutting down and abandoning module MessagingRpc (336)
[2017.10.18-23.56.12:818][451]LogModuleManager: Shutting down and abandoning module AIModule (334)
[2017.10.18-23.56.12:818][451]LogModuleManager: Shutting down and abandoning module GameplayDebugger (333)
[2017.10.18-23.56.12:818][451]LogModuleManager: Shutting down and abandoning module AITestSuite (331)
[2017.10.18-23.56.12:818][451]LogModuleManager: Shutting down and abandoning module ProfilerService (328)
[2017.10.18-23.56.12:820][451]LogModuleManager: Shutting down and abandoning module TaskGraph (326)
[2017.10.18-23.56.12:821][451]LogModuleManager: Shutting down and abandoning module SteamVRController (324)
[2017.10.18-23.56.12:821][451]LogModuleManager: Shutting down and abandoning module SteamVR (322)
[2017.10.18-23.56.12:821][451]LogModuleManager: Shutting down and abandoning module ProceduralMeshComponentEditor (320)
[2017.10.18-23.56.12:821][451]LogModuleManager: Shutting down and abandoning module ProceduralMeshComponent (318)
[2017.10.18-23.56.12:821][451]LogModuleManager: Shutting down and abandoning module OculusLibrary (316)
[2017.10.18-23.56.12:821][451]LogModuleManager: Shutting down and abandoning module OculusInput (314)
[2017.10.18-23.56.12:821][451]LogModuleManager: Shutting down and abandoning module MobilePatchingUtils (312)
[2017.10.18-23.56.12:821][451]LogModuleManager: Shutting down and abandoning module CustomMeshComponent (310)
[2017.10.18-23.56.12:821][451]LogModuleManager: Shutting down and abandoning module CableComponent (308)
[2017.10.18-23.56.12:821][451]LogModuleManager: Shutting down and abandoning module ArchVisCharacter (306)
[2017.10.18-23.56.12:821][451]LogModuleManager: Shutting down and abandoning module AndroidPermission (304)
[2017.10.18-23.56.12:821][451]LogModuleManager: Shutting down and abandoning module MediaPlayerEditor (300)
[2017.10.18-23.56.12:821][451]LogModuleManager: Shutting down and abandoning module HTML5Networking (298)
[2017.10.18-23.56.12:821][451]LogModuleManager: Shutting down and abandoning module AlembicImporter (296)
[2017.10.18-23.56.12:821][451]LogModuleManager: Shutting down and abandoning module AlembicLibrary (295)
[2017.10.18-23.56.12:821][451]LogModuleManager: Shutting down and abandoning module GeometryCache (294)
[2017.10.18-23.56.12:821][451]LogModuleManager: Shutting down and abandoning module GeometryCacheEd (293)
[2017.10.18-23.56.12:821][451]LogModuleManager: Shutting down and abandoning module SuperSearchEditor (288)
[2017.10.18-23.56.12:821][451]LogModuleManager: Shutting down and abandoning module SuperSearch (287)
[2017.10.18-23.56.12:821][451]LogModuleManager: Shutting down and abandoning module SpeedTreeImporter (284)
[2017.10.18-23.56.12:821][451]LogModuleManager: Shutting down and abandoning module PluginBrowser (282)
[2017.10.18-23.56.12:821][451]LogModuleManager: Shutting down and abandoning module MobileLauncherProfileWizard (280)
[2017.10.18-23.56.12:821][451]LogModuleManager: Shutting down and abandoning module VisualStudioSourceCodeAccess (278)
[2017.10.18-23.56.12:821][451]LogModuleManager: Shutting down and abandoning module DesktopPlatform (277)
[2017.10.18-23.56.12:821][451]LogModuleManager: Shutting down and abandoning module UObjectPlugin (274)
[2017.10.18-23.56.12:821][451]LogModuleManager: Shutting down and abandoning module SubversionSourceControl (272)
[2017.10.18-23.56.12:821][451]LogModuleManager: Shutting down and abandoning module PerforceSourceControl (270)
[2017.10.18-23.56.12:821][451]LogModuleManager: Shutting down and abandoning module GitSourceControl (268)
[2017.10.18-23.56.12:821][451]LogModuleManager: Shutting down and abandoning module SourceControl (267)
[2017.10.18-23.56.12:821][451]LogModuleManager: Shutting down and abandoning module LightPropagationVolumeEditor (264)
[2017.10.18-23.56.12:821][451]LogModuleManager: Shutting down and abandoning module PaperTiledImporter (262)
[2017.10.18-23.56.12:821][451]LogModuleManager: Shutting down and abandoning module PaperSpriteSheetImporter (260)
[2017.10.18-23.56.12:821][451]LogModuleManager: Shutting down and abandoning module Paper2DEditor (258)
[2017.10.18-23.56.12:821][451]LogModuleManager: Shutting down and abandoning module MeshPaint (257)
[2017.10.18-23.56.12:821][451]LogModuleManager: Shutting down and abandoning module LevelEditor (255)
[2017.10.18-23.56.12:823][451]LogModuleManager: Shutting down and abandoning module PixelInspectorModule (254)
[2017.10.18-23.56.12:823][451]LogModuleManager: Shutting down and abandoning module MainFrame (252)
[2017.10.18-23.56.12:823][451]LogModuleManager: Shutting down and abandoning module HotReload (251)
[2017.10.18-23.56.12:824][451]LogModuleManager: Shutting down and abandoning module PhysXVehiclesEditor (246)
[2017.10.18-23.56.12:824][451]LogModuleManager: Shutting down and abandoning module PhysXVehicles (244)
[2017.10.18-23.56.12:825][451]LogModuleManager: Shutting down and abandoning module LocationServicesBPLibrary (242)
[2017.10.18-23.56.12:825][451]LogModuleManager: Shutting down and abandoning module ImmediatePhysicsEditor (240)
[2017.10.18-23.56.12:825][451]LogModuleManager: Shutting down and abandoning module ImmediatePhysics (238)
[2017.10.18-23.56.12:825][451]LogModuleManager: Shutting down and abandoning module UdpMessaging (236)
[2017.10.18-23.56.12:925][451]LogModuleManager: Shutting down and abandoning module TcpMessaging (234)
[2017.10.18-23.56.13:025][451]LogModuleManager: Shutting down and abandoning module GameplayTagsEditor (232)
[2017.10.18-23.56.13:025][451]LogModuleManager: Shutting down and abandoning module FacialAnimationEditor (230)
[2017.10.18-23.56.13:025][451]LogModuleManager: Shutting down and abandoning module FacialAnimation (228)
[2017.10.18-23.56.13:025][451]LogModuleManager: Shutting down and abandoning module AssetManagerEditor (226)
[2017.10.18-23.56.13:025][451]LogModuleManager: Shutting down and abandoning module GraphEditor (225)
[2017.10.18-23.56.13:025][451]LogModuleManager: Shutting down and abandoning module ContentBrowser (223)
[2017.10.18-23.56.13:027][451]LogModuleManager: Shutting down and abandoning module LightPropagationVolumeRuntime (220)
[2017.10.18-23.56.13:027][451]LogModuleManager: Shutting down and abandoning module Paper2D (218)
[2017.10.18-23.56.13:027][451]LogModuleManager: Shutting down and abandoning module WindowsMoviePlayer (216)
[2017.10.18-23.56.13:027][451]LogModuleManager: Shutting down and abandoning module WmfMedia (214)
[2017.10.18-23.56.13:028][451]LogModuleManager: Shutting down and abandoning module ClothingSystemEditor (212)
[2017.10.18-23.56.13:028][451]LogModuleManager: Shutting down and abandoning module ClothingSystemRuntime (210)
[2017.10.18-23.56.13:029][451]LogModuleManager: Shutting down and abandoning module MediaAssets (208)
[2017.10.18-23.56.13:029][451]LogModuleManager: Shutting down and abandoning module GameLiveStreaming (206)
[2017.10.18-23.56.13:029][451]LogModuleManager: Shutting down and abandoning module VREditor (204)
[2017.10.18-23.56.13:029][451]LogModuleManager: Shutting down and abandoning module StringTableEditor (202)
[2017.10.18-23.56.13:029][451]LogModuleManager: Shutting down and abandoning module GameplayTasksEditor (200)
[2017.10.18-23.56.13:029][451]LogModuleManager: Shutting down and abandoning module BehaviorTreeEditor (198)
[2017.10.18-23.56.13:029][451]LogModuleManager: Shutting down and abandoning module FunctionalTesting (196)
[2017.10.18-23.56.13:029][451]LogModuleManager: Shutting down and abandoning module CollisionAnalyzer (194)
[2017.10.18-23.56.13:029][451]LogModuleManager: Shutting down and abandoning module UMG (192)
[2017.10.18-23.56.13:029][451]LogModuleManager: Shutting down and abandoning module UMGEditor (191)
[2017.10.18-23.56.13:029][451]LogModuleManager: Shutting down and abandoning module Sequencer (190)
[2017.10.18-23.56.13:029][451]LogModuleManager: Shutting down and abandoning module AssetTools (188)
[2017.10.18-23.56.13:029][451]LogModuleManager: Shutting down and abandoning module MessageLog (187)
[2017.10.18-23.56.13:029][451]LogModuleManager: Shutting down and abandoning module WorkspaceMenuStructure (186)
[2017.10.18-23.56.13:029][451]LogModuleManager: Shutting down and abandoning module SlateReflector (180)
[2017.10.18-23.56.13:029][451]LogModuleManager: Shutting down and abandoning module Slate (178)
[2017.10.18-23.56.13:029][451]LogModuleManager: Shutting down and abandoning module EditorStyle (176)
[2017.10.18-23.56.13:034][451]LogModuleManager: Shutting down and abandoning module SourceCodeAccess (174)
[2017.10.18-23.56.13:034][451]LogModuleManager: Shutting down and abandoning module HeadMountedDisplay (172)
[2017.10.18-23.56.13:034][451]LogModuleManager: Shutting down and abandoning module XAudio2 (170)
[2017.10.18-23.56.13:034][451]LogModuleManager: Shutting down and abandoning module Networking (168)
[2017.10.18-23.56.13:034][451]LogModuleManager: Shutting down and abandoning module Core (164)
[2017.10.18-23.56.13:035][451]LogModuleManager: Shutting down and abandoning module AssetRegistry (162)
[2017.10.18-23.56.13:170][451]LogDirectoryWatcher: A directory notification for '../../../Engine/Content/' was aborted.
[2017.10.18-23.56.13:170][451]LogDirectoryWatcher: A directory notification for 'D:/ProjectProJammin/ProjectProJammin/Content/' was aborted.
[2017.10.18-23.56.13:170][451]LogDirectoryWatcher: A directory notification for '../../../Engine/Plugins/2D/Paper2D/Content/' was aborted.
[2017.10.18-23.56.13:170][451]LogDirectoryWatcher: A directory notification for '../../../Engine/Plugins/Runtime/GearVR/Content/' was aborted.
[2017.10.18-23.56.13:175][451]LogModuleManager: Shutting down and abandoning module DirectoryWatcher (161)
[2017.10.18-23.56.13:176][451]LogModuleManager: Shutting down and abandoning module KismetCompiler (158)
[2017.10.18-23.56.13:176][451]LogModuleManager: Shutting down and abandoning module PhysXFormats (156)
[2017.10.18-23.56.13:176][451]LogModuleManager: Shutting down and abandoning module MeshUtilities (154)
[2017.10.18-23.56.13:176][451]LogModuleManager: Shutting down and abandoning module SimplygonSwarm (153)
[2017.10.18-23.56.13:176][451]LogModuleManager: Shutting down and abandoning module SimplygonMeshReduction (151)
[2017.10.18-23.56.13:176][451]LogModuleManager: Shutting down and abandoning module QuadricMeshReduction (149)
[2017.10.18-23.56.13:176][451]LogModuleManager: Shutting down and abandoning module LevelSequence (146)
[2017.10.18-23.56.13:176][451]LogModuleManager: Shutting down and abandoning module DerivedDataCache (144)
[2017.10.18-23.56.13:232][451]LogDerivedDataCache: Shutdown
[2017.10.18-23.56.13:232][451]LogModuleManager: Shutting down and abandoning module TargetPlatform (142)
[2017.10.18-23.56.13:232][451]LogModuleManager: Shutting down and abandoning module VulkanShaderFormat (141)
[2017.10.18-23.56.13:232][451]LogModuleManager: Shutting down and abandoning module ShaderFormatVectorVM (139)
[2017.10.18-23.56.13:232][451]LogModuleManager: Shutting down and abandoning module ShaderFormatOpenGL (137)
[2017.10.18-23.56.13:232][451]LogModuleManager: Shutting down and abandoning module ShaderFormatD3D (135)
[2017.10.18-23.56.13:232][451]LogModuleManager: Shutting down and abandoning module MetalShaderFormat (133)
[2017.10.18-23.56.13:232][451]LogModuleManager: Shutting down and abandoning module TextureFormatUncompressed (131)
[2017.10.18-23.56.13:232][451]LogModuleManager: Shutting down and abandoning module TextureFormatPVR (129)
[2017.10.18-23.56.13:232][451]LogModuleManager: Shutting down and abandoning module TextureFormatDXT (127)
[2017.10.18-23.56.13:232][451]LogModuleManager: Shutting down and abandoning module TextureFormatIntelISPCTexComp (125)
[2017.10.18-23.56.13:232][451]LogModuleManager: Shutting down and abandoning module TextureFormatASTC (123)
[2017.10.18-23.56.13:232][451]LogModuleManager: Shutting down and abandoning module ImageWrapper (122)
[2017.10.18-23.56.13:232][451]LogModuleManager: Shutting down and abandoning module TextureFormatAndroid (119)
[2017.10.18-23.56.13:232][451]LogModuleManager: Shutting down and abandoning module AudioFormatOpus (117)
[2017.10.18-23.56.13:232][451]LogModuleManager: Shutting down and abandoning module AudioFormatOgg (115)
[2017.10.18-23.56.13:232][451]LogModuleManager: Shutting down and abandoning module AudioFormatADPCM (113)
[2017.10.18-23.56.13:232][451]LogModuleManager: Shutting down and abandoning module LinuxTargetPlatform (111)
[2017.10.18-23.56.13:232][451]LogModuleManager: Shutting down and abandoning module LinuxServerTargetPlatform (109)
[2017.10.18-23.56.13:232][451]LogModuleManager: Shutting down and abandoning module LinuxNoEditorTargetPlatform (107)
[2017.10.18-23.56.13:232][451]LogModuleManager: Shutting down and abandoning module LinuxClientTargetPlatform (105)
[2017.10.18-23.56.13:232][451]LogModuleManager: Shutting down and abandoning module TVOSTargetPlatform (103)
[2017.10.18-23.56.13:232][451]LogModuleManager: Shutting down and abandoning module Messaging (101)
[2017.10.18-23.56.13:232][451]LogModuleManager: Shutting down and abandoning module IOSTargetPlatform (99)
[2017.10.18-23.56.13:232][451]LogModuleManager: Shutting down and abandoning module HTML5TargetPlatform (97)
[2017.10.18-23.56.13:232][451]LogModuleManager: Shutting down and abandoning module Android_PVRTCTargetPlatform (95)
[2017.10.18-23.56.13:232][451]LogModuleManager: Shutting down and abandoning module Android_MultiTargetPlatform (93)
[2017.10.18-23.56.13:232][451]LogModuleManager: Shutting down and abandoning module Android_ETC2TargetPlatform (91)
[2017.10.18-23.56.13:232][451]LogModuleManager: Shutting down and abandoning module Android_ETC1TargetPlatform (89)
[2017.10.18-23.56.13:232][451]LogModuleManager: Shutting down and abandoning module Android_DXTTargetPlatform (87)
[2017.10.18-23.56.13:232][451]LogModuleManager: Shutting down and abandoning module Android_ATCTargetPlatform (85)
[2017.10.18-23.56.13:232][451]LogModuleManager: Shutting down and abandoning module Android_ASTCTargetPlatform (83)
[2017.10.18-23.56.13:232][451]LogModuleManager: Shutting down and abandoning module AndroidTargetPlatform (81)
[2017.10.18-23.56.13:232][451]LogModuleManager: Shutting down and abandoning module WindowsTargetPlatform (79)
[2017.10.18-23.56.13:232][451]LogModuleManager: Shutting down and abandoning module WindowsServerTargetPlatform (77)
[2017.10.18-23.56.13:232][451]LogModuleManager: Shutting down and abandoning module WindowsNoEditorTargetPlatform (75)
[2017.10.18-23.56.13:232][451]LogModuleManager: Shutting down and abandoning module WindowsClientTargetPlatform (73)
[2017.10.18-23.56.13:232][451]LogModuleManager: Shutting down and abandoning module MacTargetPlatform (71)
[2017.10.18-23.56.13:232][451]LogModuleManager: Shutting down and abandoning module MacServerTargetPlatform (69)
[2017.10.18-23.56.13:233][451]LogModuleManager: Shutting down and abandoning module MacNoEditorTargetPlatform (67)
[2017.10.18-23.56.13:233][451]LogModuleManager: Shutting down and abandoning module MacClientTargetPlatform (65)
[2017.10.18-23.56.13:233][451]LogModuleManager: Shutting down and abandoning module AllDesktopTargetPlatform (63)
[2017.10.18-23.56.13:233][451]LogModuleManager: Shutting down and abandoning module InputCore (60)
[2017.10.18-23.56.13:233][451]LogModuleManager: Shutting down and abandoning module Settings (58)
[2017.10.18-23.56.13:233][451]LogModuleManager: Shutting down and abandoning module OculusRift (56)
[2017.10.18-23.56.13:233][451]LogModuleManager: Shutting down and abandoning module GearVRController (54)
[2017.10.18-23.56.13:233][451]LogModuleManager: Shutting down and abandoning module GearVR (52)
[2017.10.18-23.56.13:233][451]LogModuleManager: Shutting down and abandoning module ExampleDeviceProfileSelector (50)
[2017.10.18-23.56.13:233][451]LogModuleManager: Shutting down and abandoning module OnlineBlueprintSupport (48)
[2017.10.18-23.56.13:233][451]LogModuleManager: Shutting down and abandoning module OnlineSubsystem (44)
[2017.10.18-23.56.13:233][451]LogOnline:Display: Unloading online subsystem: NULL
[2017.10.18-23.56.13:233][451]LogModuleManager: Shutting down and abandoning module XMPP (43)
[2017.10.18-23.56.13:233][451]LogModuleManager: Shutting down and abandoning module HTTP (41)
[2017.10.18-23.56.13:233][451]LogHttp:Display: Http module shutting down, but needs to wait on 1 outstanding Http requests:
[2017.10.18-23.56.13:233][451]LogHttp:Display: 	verb=[POST] url=[https://datarouter.ol.epicgames.com/datarouter/api/v1/public/data?SessionID=%7B234C76A9-4D4A-72F9-1DEB-A2BCBC59E875%7D&AppID=UEEditor.Rocket.Release&AppVersion=4.16.1-3466753%2B%2B%2BUE4%2BRelease-4.16&UserID=1151f1be43a692b902ed169b396b4e98%7C875328e344b1488c9dc3e9d6a28e7621%7C0d795e83-8b02-4b75-a048-1a5d25071ed2&AppEnvironment=datacollector-binary&UploadType=eteventstream] status=Processing
[2017.10.18-23.56.13:262][451]LogModuleManager: Shutting down and abandoning module SSL (40)
[2017.10.18-23.56.13:266][451]LogModuleManager: Shutting down and abandoning module HTTPChunkInstaller (36)
[2017.10.18-23.56.13:266][451]LogModuleManager: Shutting down and abandoning module AnimationModifiers (34)
[2017.10.18-23.56.13:266][451]LogModuleManager: Shutting down and abandoning module PropertyEditor (33)
[2017.10.18-23.56.13:266][451]LogModuleManager: Shutting down and abandoning module AudioEditor (30)
[2017.10.18-23.56.13:266][451]LogModuleManager: Shutting down and abandoning module TextureCompressor (28)
[2017.10.18-23.56.13:266][451]LogModuleManager: Shutting down and abandoning module ShaderCore (26)
[2017.10.18-23.56.13:266][451]LogModuleManager: Shutting down and abandoning module Landscape (24)
[2017.10.18-23.56.13:266][451]LogModuleManager: Shutting down and abandoning module SlateRHIRenderer (22)
[2017.10.18-23.56.13:269][451]LogModuleManager: Shutting down and abandoning module OpenGLDrv (20)
[2017.10.18-23.56.13:269][451]LogModuleManager: Shutting down and abandoning module D3D11RHI (18)
[2017.10.18-23.56.13:269][451]LogModuleManager: Shutting down and abandoning module AnimGraphRuntime (16)
[2017.10.18-23.56.13:269][451]LogModuleManager: Shutting down and abandoning module Renderer (14)
[2017.10.18-23.56.13:269][451]LogModuleManager: Shutting down and abandoning module Engine (12)
[2017.10.18-23.56.13:269][451]LogModuleManager: Shutting down and abandoning module CoreUObject (10)
[2017.10.18-23.56.13:269][451]LogModuleManager: Shutting down and abandoning module NetworkFile (8)
[2017.10.18-23.56.13:269][451]LogModuleManager: Shutting down and abandoning module StreamingFile (6)
[2017.10.18-23.56.13:269][451]LogModuleManager: Shutting down and abandoning module SandboxFile (4)
[2017.10.18-23.56.13:269][451]LogModuleManager: Shutting down and abandoning module PakFile (2)
[2017.10.18-23.56.13:272][451]LogExit: Exiting.
[2017.10.18-23.56.13:300][451]Log file closed, 10/18/17 18:56:13
